<?xml version="1.0" encoding="utf-8"?>
<CoverageSession xmlns:xsd="http://www.w3.org/2001/XMLSchema" xmlns:xsi="http://www.w3.org/2001/XMLSchema-instance" Version="4.7.922.0">
  <Summary numSequencePoints="525" visitedSequencePoints="348" numBranchPoints="146" visitedBranchPoints="76" sequenceCoverage="66.29" branchCoverage="52.05" maxCyclomaticComplexity="14" minCyclomaticComplexity="1" maxCrapScore="210" minCrapScore="1" visitedClasses="2" numClasses="3" visitedMethods="63" numMethods="74" />
  <Modules>
    <Module hash="9B-3B-E7-26-24-90-EE-7B-90-6F-A3-A8-EF-CA-46-FC-79-7F-49-8C">
      <Summary numSequencePoints="236" visitedSequencePoints="235" numBranchPoints="45" visitedBranchPoints="45" sequenceCoverage="99.58" branchCoverage="100" maxCyclomaticComplexity="1" minCyclomaticComplexity="1" maxCrapScore="2" minCrapScore="1" visitedClasses="1" numClasses="1" visitedMethods="45" numMethods="45" />
      <ModulePath>D:\Code\С#\Aboba\Lab9\UnitTest1\bin\Debug\fine-code-coverage\build-output\UnitTest1.dll</ModulePath>
      <ModuleTime>2021-11-20T06:40:50.4331025Z</ModuleTime>
      <ModuleName>UnitTest1</ModuleName>
      <Files>
        <File uid="1" fullPath="D:\Code\С#\Aboba\Lab9\UnitTest1\UnitTest1.cs" />
      </Files>
      <Classes>
        <Class>
          <Summary numSequencePoints="236" visitedSequencePoints="235" numBranchPoints="45" visitedBranchPoints="45" sequenceCoverage="99.58" branchCoverage="100" maxCyclomaticComplexity="1" minCyclomaticComplexity="1" maxCrapScore="2" minCrapScore="1" visitedClasses="1" numClasses="1" visitedMethods="45" numMethods="45" />
          <FullName>UnitTest1.UnitTest1</FullName>
          <Methods>
            <Method visited="true" cyclomaticComplexity="1" nPathComplexity="0" sequenceCoverage="100" branchCoverage="100" crapScore="1" isConstructor="false" isStatic="false" isGetter="false" isSetter="false">
              <Summary numSequencePoints="5" visitedSequencePoints="5" numBranchPoints="1" visitedBranchPoints="1" sequenceCoverage="100" branchCoverage="100" maxCyclomaticComplexity="1" minCyclomaticComplexity="1" maxCrapScore="1" minCrapScore="1" visitedClasses="0" numClasses="0" visitedMethods="1" numMethods="1" />
              <MetadataToken>100663297</MetadataToken>
              <Name>System.Void UnitTest1.UnitTest1::CreateWithDoubleArgRight()</Name>
              <FileRef uid="1" />
              <SequencePoints>
                <SequencePoint vc="1" uspid="1" ordinal="0" offset="0" sl="13" sc="9" el="13" ec="10" bec="0" bev="0" fileid="1" />
                <SequencePoint vc="1" uspid="2" ordinal="1" offset="1" sl="14" sc="13" el="14" ec="40" bec="0" bev="0" fileid="1" />
                <SequencePoint vc="1" uspid="3" ordinal="2" offset="16" sl="16" sc="13" el="16" ec="43" bec="0" bev="0" fileid="1" />
                <SequencePoint vc="1" uspid="4" ordinal="3" offset="30" sl="17" sc="13" el="17" ec="43" bec="0" bev="0" fileid="1" />
                <SequencePoint vc="1" uspid="5" ordinal="4" offset="44" sl="18" sc="9" el="18" ec="10" bec="0" bev="0" fileid="1" />
              </SequencePoints>
              <BranchPoints />
              <MethodPoint xsi:type="SequencePoint" vc="1" uspid="1" ordinal="0" offset="0" sl="13" sc="9" el="13" ec="10" bec="0" bev="0" fileid="1" />
            </Method>
            <Method visited="true" cyclomaticComplexity="1" nPathComplexity="0" sequenceCoverage="100" branchCoverage="100" crapScore="1" isConstructor="false" isStatic="false" isGetter="false" isSetter="false">
              <Summary numSequencePoints="5" visitedSequencePoints="5" numBranchPoints="1" visitedBranchPoints="1" sequenceCoverage="100" branchCoverage="100" maxCyclomaticComplexity="1" minCyclomaticComplexity="1" maxCrapScore="1" minCrapScore="1" visitedClasses="0" numClasses="0" visitedMethods="1" numMethods="1" />
              <MetadataToken>100663298</MetadataToken>
              <Name>System.Void UnitTest1.UnitTest1::CreateWithDoubleArgLessZero()</Name>
              <FileRef uid="1" />
              <SequencePoints>
                <SequencePoint vc="1" uspid="6" ordinal="0" offset="0" sl="22" sc="9" el="22" ec="10" bec="0" bev="0" fileid="1" />
                <SequencePoint vc="1" uspid="7" ordinal="1" offset="1" sl="23" sc="13" el="23" ec="41" bec="0" bev="0" fileid="1" />
                <SequencePoint vc="1" uspid="8" ordinal="2" offset="16" sl="25" sc="13" el="25" ec="42" bec="0" bev="0" fileid="1" />
                <SequencePoint vc="1" uspid="9" ordinal="3" offset="29" sl="26" sc="13" el="26" ec="42" bec="0" bev="0" fileid="1" />
                <SequencePoint vc="1" uspid="10" ordinal="4" offset="42" sl="27" sc="9" el="27" ec="10" bec="0" bev="0" fileid="1" />
              </SequencePoints>
              <BranchPoints />
              <MethodPoint xsi:type="SequencePoint" vc="1" uspid="6" ordinal="0" offset="0" sl="22" sc="9" el="22" ec="10" bec="0" bev="0" fileid="1" />
            </Method>
            <Method visited="true" cyclomaticComplexity="1" nPathComplexity="0" sequenceCoverage="100" branchCoverage="100" crapScore="1" isConstructor="false" isStatic="false" isGetter="false" isSetter="false">
              <Summary numSequencePoints="4" visitedSequencePoints="4" numBranchPoints="1" visitedBranchPoints="1" sequenceCoverage="100" branchCoverage="100" maxCyclomaticComplexity="1" minCyclomaticComplexity="1" maxCrapScore="1" minCrapScore="1" visitedClasses="0" numClasses="0" visitedMethods="1" numMethods="1" />
              <MetadataToken>100663299</MetadataToken>
              <Name>System.Void UnitTest1.UnitTest1::GetRubles()</Name>
              <FileRef uid="1" />
              <SequencePoints>
                <SequencePoint vc="1" uspid="11" ordinal="0" offset="0" sl="32" sc="9" el="32" ec="10" bec="0" bev="0" fileid="1" />
                <SequencePoint vc="1" uspid="12" ordinal="1" offset="1" sl="33" sc="13" el="33" ec="40" bec="0" bev="0" fileid="1" />
                <SequencePoint vc="1" uspid="13" ordinal="2" offset="10" sl="35" sc="13" el="35" ec="43" bec="0" bev="0" fileid="1" />
                <SequencePoint vc="1" uspid="14" ordinal="3" offset="24" sl="37" sc="9" el="37" ec="10" bec="0" bev="0" fileid="1" />
              </SequencePoints>
              <BranchPoints />
              <MethodPoint xsi:type="SequencePoint" vc="1" uspid="11" ordinal="0" offset="0" sl="32" sc="9" el="32" ec="10" bec="0" bev="0" fileid="1" />
            </Method>
            <Method visited="true" cyclomaticComplexity="1" nPathComplexity="0" sequenceCoverage="100" branchCoverage="100" crapScore="1" isConstructor="false" isStatic="false" isGetter="false" isSetter="false">
              <Summary numSequencePoints="5" visitedSequencePoints="5" numBranchPoints="1" visitedBranchPoints="1" sequenceCoverage="100" branchCoverage="100" maxCyclomaticComplexity="1" minCyclomaticComplexity="1" maxCrapScore="1" minCrapScore="1" visitedClasses="0" numClasses="0" visitedMethods="1" numMethods="1" />
              <MetadataToken>100663300</MetadataToken>
              <Name>System.Void UnitTest1.UnitTest1::SetRublesRight()</Name>
              <FileRef uid="1" />
              <SequencePoints>
                <SequencePoint vc="1" uspid="15" ordinal="0" offset="0" sl="41" sc="9" el="41" ec="10" bec="0" bev="0" fileid="1" />
                <SequencePoint vc="1" uspid="16" ordinal="1" offset="1" sl="42" sc="13" el="42" ec="35" bec="0" bev="0" fileid="1" />
                <SequencePoint vc="1" uspid="17" ordinal="2" offset="7" sl="43" sc="13" el="43" ec="27" bec="0" bev="0" fileid="1" />
                <SequencePoint vc="1" uspid="18" ordinal="3" offset="16" sl="45" sc="13" el="45" ec="43" bec="0" bev="0" fileid="1" />
                <SequencePoint vc="1" uspid="19" ordinal="4" offset="30" sl="46" sc="9" el="46" ec="10" bec="0" bev="0" fileid="1" />
              </SequencePoints>
              <BranchPoints />
              <MethodPoint xsi:type="SequencePoint" vc="1" uspid="15" ordinal="0" offset="0" sl="41" sc="9" el="41" ec="10" bec="0" bev="0" fileid="1" />
            </Method>
            <Method visited="true" cyclomaticComplexity="1" nPathComplexity="0" sequenceCoverage="100" branchCoverage="100" crapScore="1" isConstructor="false" isStatic="false" isGetter="false" isSetter="false">
              <Summary numSequencePoints="5" visitedSequencePoints="5" numBranchPoints="1" visitedBranchPoints="1" sequenceCoverage="100" branchCoverage="100" maxCyclomaticComplexity="1" minCyclomaticComplexity="1" maxCrapScore="1" minCrapScore="1" visitedClasses="0" numClasses="0" visitedMethods="1" numMethods="1" />
              <MetadataToken>100663301</MetadataToken>
              <Name>System.Void UnitTest1.UnitTest1::SetRublesWrong()</Name>
              <FileRef uid="1" />
              <SequencePoints>
                <SequencePoint vc="1" uspid="20" ordinal="0" offset="0" sl="50" sc="9" el="50" ec="10" bec="0" bev="0" fileid="1" />
                <SequencePoint vc="1" uspid="21" ordinal="1" offset="1" sl="51" sc="13" el="51" ec="35" bec="0" bev="0" fileid="1" />
                <SequencePoint vc="1" uspid="22" ordinal="2" offset="7" sl="52" sc="13" el="52" ec="28" bec="0" bev="0" fileid="1" />
                <SequencePoint vc="1" uspid="23" ordinal="3" offset="16" sl="55" sc="13" el="55" ec="42" bec="0" bev="0" fileid="1" />
                <SequencePoint vc="1" uspid="24" ordinal="4" offset="29" sl="56" sc="9" el="56" ec="10" bec="0" bev="0" fileid="1" />
              </SequencePoints>
              <BranchPoints />
              <MethodPoint xsi:type="SequencePoint" vc="1" uspid="20" ordinal="0" offset="0" sl="50" sc="9" el="50" ec="10" bec="0" bev="0" fileid="1" />
            </Method>
            <Method visited="true" cyclomaticComplexity="1" nPathComplexity="0" sequenceCoverage="100" branchCoverage="100" crapScore="1" isConstructor="false" isStatic="false" isGetter="false" isSetter="false">
              <Summary numSequencePoints="4" visitedSequencePoints="4" numBranchPoints="1" visitedBranchPoints="1" sequenceCoverage="100" branchCoverage="100" maxCyclomaticComplexity="1" minCyclomaticComplexity="1" maxCrapScore="1" minCrapScore="1" visitedClasses="0" numClasses="0" visitedMethods="1" numMethods="1" />
              <MetadataToken>100663302</MetadataToken>
              <Name>System.Void UnitTest1.UnitTest1::GetKopeks()</Name>
              <FileRef uid="1" />
              <SequencePoints>
                <SequencePoint vc="1" uspid="25" ordinal="0" offset="0" sl="60" sc="9" el="60" ec="10" bec="0" bev="0" fileid="1" />
                <SequencePoint vc="1" uspid="26" ordinal="1" offset="1" sl="61" sc="13" el="61" ec="41" bec="0" bev="0" fileid="1" />
                <SequencePoint vc="1" uspid="27" ordinal="2" offset="11" sl="63" sc="13" el="63" ec="43" bec="0" bev="0" fileid="1" />
                <SequencePoint vc="1" uspid="28" ordinal="3" offset="25" sl="64" sc="9" el="64" ec="10" bec="0" bev="0" fileid="1" />
              </SequencePoints>
              <BranchPoints />
              <MethodPoint xsi:type="SequencePoint" vc="1" uspid="25" ordinal="0" offset="0" sl="60" sc="9" el="60" ec="10" bec="0" bev="0" fileid="1" />
            </Method>
            <Method visited="true" cyclomaticComplexity="1" nPathComplexity="0" sequenceCoverage="100" branchCoverage="100" crapScore="1" isConstructor="false" isStatic="false" isGetter="false" isSetter="false">
              <Summary numSequencePoints="5" visitedSequencePoints="5" numBranchPoints="1" visitedBranchPoints="1" sequenceCoverage="100" branchCoverage="100" maxCyclomaticComplexity="1" minCyclomaticComplexity="1" maxCrapScore="1" minCrapScore="1" visitedClasses="0" numClasses="0" visitedMethods="1" numMethods="1" />
              <MetadataToken>100663303</MetadataToken>
              <Name>System.Void UnitTest1.UnitTest1::SetKopeksRight()</Name>
              <FileRef uid="1" />
              <SequencePoints>
                <SequencePoint vc="1" uspid="29" ordinal="0" offset="0" sl="68" sc="9" el="68" ec="10" bec="0" bev="0" fileid="1" />
                <SequencePoint vc="1" uspid="30" ordinal="1" offset="1" sl="69" sc="13" el="69" ec="35" bec="0" bev="0" fileid="1" />
                <SequencePoint vc="1" uspid="31" ordinal="2" offset="7" sl="71" sc="13" el="71" ec="27" bec="0" bev="0" fileid="1" />
                <SequencePoint vc="1" uspid="32" ordinal="3" offset="16" sl="73" sc="13" el="73" ec="43" bec="0" bev="0" fileid="1" />
                <SequencePoint vc="1" uspid="33" ordinal="4" offset="30" sl="74" sc="9" el="74" ec="10" bec="0" bev="0" fileid="1" />
              </SequencePoints>
              <BranchPoints />
              <MethodPoint xsi:type="SequencePoint" vc="1" uspid="29" ordinal="0" offset="0" sl="68" sc="9" el="68" ec="10" bec="0" bev="0" fileid="1" />
            </Method>
            <Method visited="true" cyclomaticComplexity="1" nPathComplexity="0" sequenceCoverage="100" branchCoverage="100" crapScore="1" isConstructor="false" isStatic="false" isGetter="false" isSetter="false">
              <Summary numSequencePoints="5" visitedSequencePoints="5" numBranchPoints="1" visitedBranchPoints="1" sequenceCoverage="100" branchCoverage="100" maxCyclomaticComplexity="1" minCyclomaticComplexity="1" maxCrapScore="1" minCrapScore="1" visitedClasses="0" numClasses="0" visitedMethods="1" numMethods="1" />
              <MetadataToken>100663304</MetadataToken>
              <Name>System.Void UnitTest1.UnitTest1::SetKopeksLessZero()</Name>
              <FileRef uid="1" />
              <SequencePoints>
                <SequencePoint vc="1" uspid="34" ordinal="0" offset="0" sl="78" sc="9" el="78" ec="10" bec="0" bev="0" fileid="1" />
                <SequencePoint vc="1" uspid="35" ordinal="1" offset="1" sl="79" sc="13" el="79" ec="35" bec="0" bev="0" fileid="1" />
                <SequencePoint vc="1" uspid="36" ordinal="2" offset="7" sl="81" sc="13" el="81" ec="28" bec="0" bev="0" fileid="1" />
                <SequencePoint vc="1" uspid="37" ordinal="3" offset="16" sl="83" sc="13" el="83" ec="42" bec="0" bev="0" fileid="1" />
                <SequencePoint vc="1" uspid="38" ordinal="4" offset="29" sl="84" sc="9" el="84" ec="10" bec="0" bev="0" fileid="1" />
              </SequencePoints>
              <BranchPoints />
              <MethodPoint xsi:type="SequencePoint" vc="1" uspid="34" ordinal="0" offset="0" sl="78" sc="9" el="78" ec="10" bec="0" bev="0" fileid="1" />
            </Method>
            <Method visited="true" cyclomaticComplexity="1" nPathComplexity="0" sequenceCoverage="100" branchCoverage="100" crapScore="1" isConstructor="false" isStatic="false" isGetter="false" isSetter="false">
              <Summary numSequencePoints="6" visitedSequencePoints="6" numBranchPoints="1" visitedBranchPoints="1" sequenceCoverage="100" branchCoverage="100" maxCyclomaticComplexity="1" minCyclomaticComplexity="1" maxCrapScore="1" minCrapScore="1" visitedClasses="0" numClasses="0" visitedMethods="1" numMethods="1" />
              <MetadataToken>100663305</MetadataToken>
              <Name>System.Void UnitTest1.UnitTest1::SetKopeksMore100()</Name>
              <FileRef uid="1" />
              <SequencePoints>
                <SequencePoint vc="1" uspid="39" ordinal="0" offset="0" sl="88" sc="9" el="88" ec="10" bec="0" bev="0" fileid="1" />
                <SequencePoint vc="1" uspid="40" ordinal="1" offset="1" sl="89" sc="13" el="89" ec="35" bec="0" bev="0" fileid="1" />
                <SequencePoint vc="1" uspid="41" ordinal="2" offset="7" sl="90" sc="13" el="90" ec="28" bec="0" bev="0" fileid="1" />
                <SequencePoint vc="1" uspid="42" ordinal="3" offset="19" sl="92" sc="13" el="92" ec="42" bec="0" bev="0" fileid="1" />
                <SequencePoint vc="1" uspid="43" ordinal="4" offset="32" sl="93" sc="13" el="93" ec="43" bec="0" bev="0" fileid="1" />
                <SequencePoint vc="1" uspid="44" ordinal="5" offset="46" sl="94" sc="9" el="94" ec="10" bec="0" bev="0" fileid="1" />
              </SequencePoints>
              <BranchPoints />
              <MethodPoint xsi:type="SequencePoint" vc="1" uspid="39" ordinal="0" offset="0" sl="88" sc="9" el="88" ec="10" bec="0" bev="0" fileid="1" />
            </Method>
            <Method visited="true" cyclomaticComplexity="1" nPathComplexity="0" sequenceCoverage="100" branchCoverage="100" crapScore="1" isConstructor="false" isStatic="false" isGetter="false" isSetter="false">
              <Summary numSequencePoints="5" visitedSequencePoints="5" numBranchPoints="1" visitedBranchPoints="1" sequenceCoverage="100" branchCoverage="100" maxCyclomaticComplexity="1" minCyclomaticComplexity="1" maxCrapScore="1" minCrapScore="1" visitedClasses="0" numClasses="0" visitedMethods="1" numMethods="1" />
              <MetadataToken>100663306</MetadataToken>
              <Name>System.Void UnitTest1.UnitTest1::CreateMoneyWithoutArgs()</Name>
              <FileRef uid="1" />
              <SequencePoints>
                <SequencePoint vc="1" uspid="45" ordinal="0" offset="0" sl="98" sc="9" el="98" ec="10" bec="0" bev="0" fileid="1" />
                <SequencePoint vc="1" uspid="46" ordinal="1" offset="1" sl="99" sc="13" el="99" ec="35" bec="0" bev="0" fileid="1" />
                <SequencePoint vc="1" uspid="47" ordinal="2" offset="7" sl="101" sc="13" el="101" ec="42" bec="0" bev="0" fileid="1" />
                <SequencePoint vc="1" uspid="48" ordinal="3" offset="20" sl="102" sc="13" el="102" ec="42" bec="0" bev="0" fileid="1" />
                <SequencePoint vc="1" uspid="49" ordinal="4" offset="33" sl="103" sc="9" el="103" ec="10" bec="0" bev="0" fileid="1" />
              </SequencePoints>
              <BranchPoints />
              <MethodPoint xsi:type="SequencePoint" vc="1" uspid="45" ordinal="0" offset="0" sl="98" sc="9" el="98" ec="10" bec="0" bev="0" fileid="1" />
            </Method>
            <Method visited="true" cyclomaticComplexity="1" nPathComplexity="0" sequenceCoverage="100" branchCoverage="100" crapScore="1" isConstructor="false" isStatic="false" isGetter="false" isSetter="false">
              <Summary numSequencePoints="4" visitedSequencePoints="4" numBranchPoints="1" visitedBranchPoints="1" sequenceCoverage="100" branchCoverage="100" maxCyclomaticComplexity="1" minCyclomaticComplexity="1" maxCrapScore="1" minCrapScore="1" visitedClasses="0" numClasses="0" visitedMethods="1" numMethods="1" />
              <MetadataToken>100663307</MetadataToken>
              <Name>System.Void UnitTest1.UnitTest1::CreateMoneyWithArgsRublesLessZero()</Name>
              <FileRef uid="1" />
              <SequencePoints>
                <SequencePoint vc="1" uspid="50" ordinal="0" offset="0" sl="108" sc="9" el="108" ec="10" bec="0" bev="0" fileid="1" />
                <SequencePoint vc="1" uspid="51" ordinal="1" offset="1" sl="109" sc="13" el="109" ec="41" bec="0" bev="0" fileid="1" />
                <SequencePoint vc="1" uspid="52" ordinal="2" offset="10" sl="111" sc="13" el="111" ec="42" bec="0" bev="0" fileid="1" />
                <SequencePoint vc="1" uspid="53" ordinal="3" offset="23" sl="113" sc="9" el="113" ec="10" bec="0" bev="0" fileid="1" />
              </SequencePoints>
              <BranchPoints />
              <MethodPoint xsi:type="SequencePoint" vc="1" uspid="50" ordinal="0" offset="0" sl="108" sc="9" el="108" ec="10" bec="0" bev="0" fileid="1" />
            </Method>
            <Method visited="true" cyclomaticComplexity="1" nPathComplexity="0" sequenceCoverage="100" branchCoverage="100" crapScore="1" isConstructor="false" isStatic="false" isGetter="false" isSetter="false">
              <Summary numSequencePoints="4" visitedSequencePoints="4" numBranchPoints="1" visitedBranchPoints="1" sequenceCoverage="100" branchCoverage="100" maxCyclomaticComplexity="1" minCyclomaticComplexity="1" maxCrapScore="1" minCrapScore="1" visitedClasses="0" numClasses="0" visitedMethods="1" numMethods="1" />
              <MetadataToken>100663308</MetadataToken>
              <Name>System.Void UnitTest1.UnitTest1::CreateMoneyWithArgsRublesRight()</Name>
              <FileRef uid="1" />
              <SequencePoints>
                <SequencePoint vc="1" uspid="54" ordinal="0" offset="0" sl="117" sc="9" el="117" ec="10" bec="0" bev="0" fileid="1" />
                <SequencePoint vc="1" uspid="55" ordinal="1" offset="1" sl="118" sc="13" el="118" ec="40" bec="0" bev="0" fileid="1" />
                <SequencePoint vc="1" uspid="56" ordinal="2" offset="10" sl="120" sc="13" el="120" ec="43" bec="0" bev="0" fileid="1" />
                <SequencePoint vc="1" uspid="57" ordinal="3" offset="24" sl="121" sc="9" el="121" ec="10" bec="0" bev="0" fileid="1" />
              </SequencePoints>
              <BranchPoints />
              <MethodPoint xsi:type="SequencePoint" vc="1" uspid="54" ordinal="0" offset="0" sl="117" sc="9" el="117" ec="10" bec="0" bev="0" fileid="1" />
            </Method>
            <Method visited="true" cyclomaticComplexity="1" nPathComplexity="0" sequenceCoverage="100" branchCoverage="100" crapScore="1" isConstructor="false" isStatic="false" isGetter="false" isSetter="false">
              <Summary numSequencePoints="4" visitedSequencePoints="4" numBranchPoints="1" visitedBranchPoints="1" sequenceCoverage="100" branchCoverage="100" maxCyclomaticComplexity="1" minCyclomaticComplexity="1" maxCrapScore="1" minCrapScore="1" visitedClasses="0" numClasses="0" visitedMethods="1" numMethods="1" />
              <MetadataToken>100663309</MetadataToken>
              <Name>System.Void UnitTest1.UnitTest1::CreateMoneyWithArgsKopeksLessZero()</Name>
              <FileRef uid="1" />
              <SequencePoints>
                <SequencePoint vc="1" uspid="58" ordinal="0" offset="0" sl="125" sc="9" el="125" ec="10" bec="0" bev="0" fileid="1" />
                <SequencePoint vc="1" uspid="59" ordinal="1" offset="1" sl="126" sc="13" el="126" ec="41" bec="0" bev="0" fileid="1" />
                <SequencePoint vc="1" uspid="60" ordinal="2" offset="10" sl="127" sc="13" el="127" ec="42" bec="0" bev="0" fileid="1" />
                <SequencePoint vc="1" uspid="61" ordinal="3" offset="23" sl="128" sc="9" el="128" ec="10" bec="0" bev="0" fileid="1" />
              </SequencePoints>
              <BranchPoints />
              <MethodPoint xsi:type="SequencePoint" vc="1" uspid="58" ordinal="0" offset="0" sl="125" sc="9" el="125" ec="10" bec="0" bev="0" fileid="1" />
            </Method>
            <Method visited="true" cyclomaticComplexity="1" nPathComplexity="0" sequenceCoverage="100" branchCoverage="100" crapScore="1" isConstructor="false" isStatic="false" isGetter="false" isSetter="false">
              <Summary numSequencePoints="4" visitedSequencePoints="4" numBranchPoints="1" visitedBranchPoints="1" sequenceCoverage="100" branchCoverage="100" maxCyclomaticComplexity="1" minCyclomaticComplexity="1" maxCrapScore="1" minCrapScore="1" visitedClasses="0" numClasses="0" visitedMethods="1" numMethods="1" />
              <MetadataToken>100663310</MetadataToken>
              <Name>System.Void UnitTest1.UnitTest1::CreateMoneyWithArgsKopeksRight()</Name>
              <FileRef uid="1" />
              <SequencePoints>
                <SequencePoint vc="1" uspid="62" ordinal="0" offset="0" sl="132" sc="9" el="132" ec="10" bec="0" bev="0" fileid="1" />
                <SequencePoint vc="1" uspid="63" ordinal="1" offset="1" sl="133" sc="13" el="133" ec="40" bec="0" bev="0" fileid="1" />
                <SequencePoint vc="1" uspid="64" ordinal="2" offset="10" sl="134" sc="13" el="134" ec="43" bec="0" bev="0" fileid="1" />
                <SequencePoint vc="1" uspid="65" ordinal="3" offset="24" sl="135" sc="9" el="135" ec="10" bec="0" bev="0" fileid="1" />
              </SequencePoints>
              <BranchPoints />
              <MethodPoint xsi:type="SequencePoint" vc="1" uspid="62" ordinal="0" offset="0" sl="132" sc="9" el="132" ec="10" bec="0" bev="0" fileid="1" />
            </Method>
            <Method visited="true" cyclomaticComplexity="1" nPathComplexity="0" sequenceCoverage="100" branchCoverage="100" crapScore="1" isConstructor="false" isStatic="false" isGetter="false" isSetter="false">
              <Summary numSequencePoints="5" visitedSequencePoints="5" numBranchPoints="1" visitedBranchPoints="1" sequenceCoverage="100" branchCoverage="100" maxCyclomaticComplexity="1" minCyclomaticComplexity="1" maxCrapScore="1" minCrapScore="1" visitedClasses="0" numClasses="0" visitedMethods="1" numMethods="1" />
              <MetadataToken>100663311</MetadataToken>
              <Name>System.Void UnitTest1.UnitTest1::CreateMoneyWithArgsKopeksMore100()</Name>
              <FileRef uid="1" />
              <SequencePoints>
                <SequencePoint vc="1" uspid="66" ordinal="0" offset="0" sl="139" sc="9" el="139" ec="10" bec="0" bev="0" fileid="1" />
                <SequencePoint vc="1" uspid="67" ordinal="1" offset="1" sl="140" sc="13" el="140" ec="41" bec="0" bev="0" fileid="1" />
                <SequencePoint vc="1" uspid="68" ordinal="2" offset="13" sl="141" sc="13" el="141" ec="42" bec="0" bev="0" fileid="1" />
                <SequencePoint vc="1" uspid="69" ordinal="3" offset="26" sl="142" sc="13" el="142" ec="43" bec="0" bev="0" fileid="1" />
                <SequencePoint vc="1" uspid="70" ordinal="4" offset="40" sl="143" sc="9" el="143" ec="10" bec="0" bev="0" fileid="1" />
              </SequencePoints>
              <BranchPoints />
              <MethodPoint xsi:type="SequencePoint" vc="1" uspid="66" ordinal="0" offset="0" sl="139" sc="9" el="139" ec="10" bec="0" bev="0" fileid="1" />
            </Method>
            <Method visited="true" cyclomaticComplexity="1" nPathComplexity="0" sequenceCoverage="100" branchCoverage="100" crapScore="1" isConstructor="false" isStatic="false" isGetter="false" isSetter="false">
              <Summary numSequencePoints="5" visitedSequencePoints="5" numBranchPoints="1" visitedBranchPoints="1" sequenceCoverage="100" branchCoverage="100" maxCyclomaticComplexity="1" minCyclomaticComplexity="1" maxCrapScore="1" minCrapScore="1" visitedClasses="0" numClasses="0" visitedMethods="1" numMethods="1" />
              <MetadataToken>100663312</MetadataToken>
              <Name>System.Void UnitTest1.UnitTest1::CreateMoneyWithArgsRublesLessZeroandKopeksLessZero()</Name>
              <FileRef uid="1" />
              <SequencePoints>
                <SequencePoint vc="1" uspid="71" ordinal="0" offset="0" sl="147" sc="9" el="147" ec="10" bec="0" bev="0" fileid="1" />
                <SequencePoint vc="1" uspid="72" ordinal="1" offset="1" sl="148" sc="13" el="148" ec="44" bec="0" bev="0" fileid="1" />
                <SequencePoint vc="1" uspid="73" ordinal="2" offset="11" sl="149" sc="13" el="149" ec="42" bec="0" bev="0" fileid="1" />
                <SequencePoint vc="1" uspid="74" ordinal="3" offset="24" sl="150" sc="13" el="150" ec="42" bec="0" bev="0" fileid="1" />
                <SequencePoint vc="1" uspid="75" ordinal="4" offset="37" sl="151" sc="9" el="151" ec="10" bec="0" bev="0" fileid="1" />
              </SequencePoints>
              <BranchPoints />
              <MethodPoint xsi:type="SequencePoint" vc="1" uspid="71" ordinal="0" offset="0" sl="147" sc="9" el="147" ec="10" bec="0" bev="0" fileid="1" />
            </Method>
            <Method visited="true" cyclomaticComplexity="1" nPathComplexity="0" sequenceCoverage="100" branchCoverage="100" crapScore="1" isConstructor="false" isStatic="false" isGetter="false" isSetter="false">
              <Summary numSequencePoints="5" visitedSequencePoints="5" numBranchPoints="1" visitedBranchPoints="1" sequenceCoverage="100" branchCoverage="100" maxCyclomaticComplexity="1" minCyclomaticComplexity="1" maxCrapScore="1" minCrapScore="1" visitedClasses="0" numClasses="0" visitedMethods="1" numMethods="1" />
              <MetadataToken>100663313</MetadataToken>
              <Name>System.Void UnitTest1.UnitTest1::CreateMoneyWithArgsRublesLessZeroandKopeksRight()</Name>
              <FileRef uid="1" />
              <SequencePoints>
                <SequencePoint vc="1" uspid="76" ordinal="0" offset="0" sl="155" sc="9" el="155" ec="10" bec="0" bev="0" fileid="1" />
                <SequencePoint vc="1" uspid="77" ordinal="1" offset="1" sl="156" sc="13" el="156" ec="42" bec="0" bev="0" fileid="1" />
                <SequencePoint vc="1" uspid="78" ordinal="2" offset="11" sl="157" sc="13" el="157" ec="42" bec="0" bev="0" fileid="1" />
                <SequencePoint vc="1" uspid="79" ordinal="3" offset="24" sl="158" sc="13" el="158" ec="43" bec="0" bev="0" fileid="1" />
                <SequencePoint vc="1" uspid="80" ordinal="4" offset="38" sl="159" sc="9" el="159" ec="10" bec="0" bev="0" fileid="1" />
              </SequencePoints>
              <BranchPoints />
              <MethodPoint xsi:type="SequencePoint" vc="1" uspid="76" ordinal="0" offset="0" sl="155" sc="9" el="155" ec="10" bec="0" bev="0" fileid="1" />
            </Method>
            <Method visited="true" cyclomaticComplexity="1" nPathComplexity="0" sequenceCoverage="100" branchCoverage="100" crapScore="1" isConstructor="false" isStatic="false" isGetter="false" isSetter="false">
              <Summary numSequencePoints="5" visitedSequencePoints="5" numBranchPoints="1" visitedBranchPoints="1" sequenceCoverage="100" branchCoverage="100" maxCyclomaticComplexity="1" minCyclomaticComplexity="1" maxCrapScore="1" minCrapScore="1" visitedClasses="0" numClasses="0" visitedMethods="1" numMethods="1" />
              <MetadataToken>100663314</MetadataToken>
              <Name>System.Void UnitTest1.UnitTest1::CreateMoneyWithArgsRublesLessZeroandKopeksMore100()</Name>
              <FileRef uid="1" />
              <SequencePoints>
                <SequencePoint vc="1" uspid="81" ordinal="0" offset="0" sl="163" sc="9" el="163" ec="10" bec="0" bev="0" fileid="1" />
                <SequencePoint vc="1" uspid="82" ordinal="1" offset="1" sl="164" sc="13" el="164" ec="43" bec="0" bev="0" fileid="1" />
                <SequencePoint vc="1" uspid="83" ordinal="2" offset="14" sl="165" sc="13" el="165" ec="42" bec="0" bev="0" fileid="1" />
                <SequencePoint vc="1" uspid="84" ordinal="3" offset="27" sl="166" sc="13" el="166" ec="43" bec="0" bev="0" fileid="1" />
                <SequencePoint vc="1" uspid="85" ordinal="4" offset="41" sl="167" sc="9" el="167" ec="10" bec="0" bev="0" fileid="1" />
              </SequencePoints>
              <BranchPoints />
              <MethodPoint xsi:type="SequencePoint" vc="1" uspid="81" ordinal="0" offset="0" sl="163" sc="9" el="163" ec="10" bec="0" bev="0" fileid="1" />
            </Method>
            <Method visited="true" cyclomaticComplexity="1" nPathComplexity="0" sequenceCoverage="100" branchCoverage="100" crapScore="1" isConstructor="false" isStatic="false" isGetter="false" isSetter="false">
              <Summary numSequencePoints="5" visitedSequencePoints="5" numBranchPoints="1" visitedBranchPoints="1" sequenceCoverage="100" branchCoverage="100" maxCyclomaticComplexity="1" minCyclomaticComplexity="1" maxCrapScore="1" minCrapScore="1" visitedClasses="0" numClasses="0" visitedMethods="1" numMethods="1" />
              <MetadataToken>100663315</MetadataToken>
              <Name>System.Void UnitTest1.UnitTest1::CreateMoneyWithArgsRublesRightandKopeksLessZero()</Name>
              <FileRef uid="1" />
              <SequencePoints>
                <SequencePoint vc="1" uspid="86" ordinal="0" offset="0" sl="171" sc="9" el="171" ec="10" bec="0" bev="0" fileid="1" />
                <SequencePoint vc="1" uspid="87" ordinal="1" offset="1" sl="172" sc="13" el="172" ec="43" bec="0" bev="0" fileid="1" />
                <SequencePoint vc="1" uspid="88" ordinal="2" offset="11" sl="173" sc="13" el="173" ec="43" bec="0" bev="0" fileid="1" />
                <SequencePoint vc="1" uspid="89" ordinal="3" offset="25" sl="174" sc="13" el="174" ec="42" bec="0" bev="0" fileid="1" />
                <SequencePoint vc="1" uspid="90" ordinal="4" offset="38" sl="175" sc="9" el="175" ec="10" bec="0" bev="0" fileid="1" />
              </SequencePoints>
              <BranchPoints />
              <MethodPoint xsi:type="SequencePoint" vc="1" uspid="86" ordinal="0" offset="0" sl="171" sc="9" el="171" ec="10" bec="0" bev="0" fileid="1" />
            </Method>
            <Method visited="true" cyclomaticComplexity="1" nPathComplexity="0" sequenceCoverage="100" branchCoverage="100" crapScore="1" isConstructor="false" isStatic="false" isGetter="false" isSetter="false">
              <Summary numSequencePoints="5" visitedSequencePoints="5" numBranchPoints="1" visitedBranchPoints="1" sequenceCoverage="100" branchCoverage="100" maxCyclomaticComplexity="1" minCyclomaticComplexity="1" maxCrapScore="1" minCrapScore="1" visitedClasses="0" numClasses="0" visitedMethods="1" numMethods="1" />
              <MetadataToken>100663316</MetadataToken>
              <Name>System.Void UnitTest1.UnitTest1::CreateMoneyWithArgsRublesRightandKopeksRight()</Name>
              <FileRef uid="1" />
              <SequencePoints>
                <SequencePoint vc="1" uspid="91" ordinal="0" offset="0" sl="179" sc="9" el="179" ec="10" bec="0" bev="0" fileid="1" />
                <SequencePoint vc="1" uspid="92" ordinal="1" offset="1" sl="180" sc="13" el="180" ec="41" bec="0" bev="0" fileid="1" />
                <SequencePoint vc="1" uspid="93" ordinal="2" offset="11" sl="181" sc="13" el="181" ec="43" bec="0" bev="0" fileid="1" />
                <SequencePoint vc="1" uspid="94" ordinal="3" offset="25" sl="182" sc="13" el="182" ec="43" bec="0" bev="0" fileid="1" />
                <SequencePoint vc="1" uspid="95" ordinal="4" offset="39" sl="183" sc="9" el="183" ec="10" bec="0" bev="0" fileid="1" />
              </SequencePoints>
              <BranchPoints />
              <MethodPoint xsi:type="SequencePoint" vc="1" uspid="91" ordinal="0" offset="0" sl="179" sc="9" el="179" ec="10" bec="0" bev="0" fileid="1" />
            </Method>
            <Method visited="true" cyclomaticComplexity="1" nPathComplexity="0" sequenceCoverage="100" branchCoverage="100" crapScore="1" isConstructor="false" isStatic="false" isGetter="false" isSetter="false">
              <Summary numSequencePoints="5" visitedSequencePoints="5" numBranchPoints="1" visitedBranchPoints="1" sequenceCoverage="100" branchCoverage="100" maxCyclomaticComplexity="1" minCyclomaticComplexity="1" maxCrapScore="1" minCrapScore="1" visitedClasses="0" numClasses="0" visitedMethods="1" numMethods="1" />
              <MetadataToken>100663317</MetadataToken>
              <Name>System.Void UnitTest1.UnitTest1::CreateMoneyWithArgsRublesRightandKopeksMore100()</Name>
              <FileRef uid="1" />
              <SequencePoints>
                <SequencePoint vc="1" uspid="96" ordinal="0" offset="0" sl="187" sc="9" el="187" ec="10" bec="0" bev="0" fileid="1" />
                <SequencePoint vc="1" uspid="97" ordinal="1" offset="1" sl="188" sc="13" el="188" ec="42" bec="0" bev="0" fileid="1" />
                <SequencePoint vc="1" uspid="98" ordinal="2" offset="14" sl="189" sc="13" el="189" ec="43" bec="0" bev="0" fileid="1" />
                <SequencePoint vc="1" uspid="99" ordinal="3" offset="28" sl="190" sc="13" el="190" ec="43" bec="0" bev="0" fileid="1" />
                <SequencePoint vc="1" uspid="100" ordinal="4" offset="42" sl="191" sc="9" el="191" ec="10" bec="0" bev="0" fileid="1" />
              </SequencePoints>
              <BranchPoints />
              <MethodPoint xsi:type="SequencePoint" vc="1" uspid="96" ordinal="0" offset="0" sl="187" sc="9" el="187" ec="10" bec="0" bev="0" fileid="1" />
            </Method>
            <Method visited="true" cyclomaticComplexity="1" nPathComplexity="0" sequenceCoverage="100" branchCoverage="100" crapScore="1" isConstructor="false" isStatic="false" isGetter="false" isSetter="false">
              <Summary numSequencePoints="6" visitedSequencePoints="6" numBranchPoints="1" visitedBranchPoints="1" sequenceCoverage="100" branchCoverage="100" maxCyclomaticComplexity="1" minCyclomaticComplexity="1" maxCrapScore="1" minCrapScore="1" visitedClasses="0" numClasses="0" visitedMethods="1" numMethods="1" />
              <MetadataToken>100663318</MetadataToken>
              <Name>System.Void UnitTest1.UnitTest1::MoneyMinusWrongInt()</Name>
              <FileRef uid="1" />
              <SequencePoints>
                <SequencePoint vc="1" uspid="101" ordinal="0" offset="0" sl="195" sc="9" el="195" ec="10" bec="0" bev="0" fileid="1" />
                <SequencePoint vc="1" uspid="102" ordinal="1" offset="1" sl="196" sc="13" el="196" ec="42" bec="0" bev="0" fileid="1" />
                <SequencePoint vc="1" uspid="103" ordinal="2" offset="11" sl="198" sc="13" el="198" ec="32" bec="0" bev="0" fileid="1" />
                <SequencePoint vc="1" uspid="104" ordinal="3" offset="20" sl="200" sc="13" el="200" ec="44" bec="0" bev="0" fileid="1" />
                <SequencePoint vc="1" uspid="105" ordinal="4" offset="34" sl="201" sc="13" el="201" ec="43" bec="0" bev="0" fileid="1" />
                <SequencePoint vc="1" uspid="106" ordinal="5" offset="48" sl="202" sc="9" el="202" ec="10" bec="0" bev="0" fileid="1" />
              </SequencePoints>
              <BranchPoints />
              <MethodPoint xsi:type="SequencePoint" vc="1" uspid="101" ordinal="0" offset="0" sl="195" sc="9" el="195" ec="10" bec="0" bev="0" fileid="1" />
            </Method>
            <Method visited="true" cyclomaticComplexity="1" nPathComplexity="0" sequenceCoverage="100" branchCoverage="100" crapScore="1" isConstructor="false" isStatic="false" isGetter="false" isSetter="false">
              <Summary numSequencePoints="6" visitedSequencePoints="6" numBranchPoints="1" visitedBranchPoints="1" sequenceCoverage="100" branchCoverage="100" maxCyclomaticComplexity="1" minCyclomaticComplexity="1" maxCrapScore="1" minCrapScore="1" visitedClasses="0" numClasses="0" visitedMethods="1" numMethods="1" />
              <MetadataToken>100663319</MetadataToken>
              <Name>System.Void UnitTest1.UnitTest1::MoneyMinusRightIntLessMoney()</Name>
              <FileRef uid="1" />
              <SequencePoints>
                <SequencePoint vc="1" uspid="107" ordinal="0" offset="0" sl="206" sc="9" el="206" ec="10" bec="0" bev="0" fileid="1" />
                <SequencePoint vc="1" uspid="108" ordinal="1" offset="1" sl="207" sc="13" el="207" ec="42" bec="0" bev="0" fileid="1" />
                <SequencePoint vc="1" uspid="109" ordinal="2" offset="11" sl="209" sc="13" el="209" ec="30" bec="0" bev="0" fileid="1" />
                <SequencePoint vc="1" uspid="110" ordinal="3" offset="20" sl="211" sc="13" el="211" ec="43" bec="0" bev="0" fileid="1" />
                <SequencePoint vc="1" uspid="111" ordinal="4" offset="34" sl="212" sc="13" el="212" ec="43" bec="0" bev="0" fileid="1" />
                <SequencePoint vc="1" uspid="112" ordinal="5" offset="48" sl="213" sc="9" el="213" ec="10" bec="0" bev="0" fileid="1" />
              </SequencePoints>
              <BranchPoints />
              <MethodPoint xsi:type="SequencePoint" vc="1" uspid="107" ordinal="0" offset="0" sl="206" sc="9" el="206" ec="10" bec="0" bev="0" fileid="1" />
            </Method>
            <Method visited="true" cyclomaticComplexity="1" nPathComplexity="0" sequenceCoverage="100" branchCoverage="100" crapScore="1" isConstructor="false" isStatic="false" isGetter="false" isSetter="false">
              <Summary numSequencePoints="6" visitedSequencePoints="6" numBranchPoints="1" visitedBranchPoints="1" sequenceCoverage="100" branchCoverage="100" maxCyclomaticComplexity="1" minCyclomaticComplexity="1" maxCrapScore="1" minCrapScore="1" visitedClasses="0" numClasses="0" visitedMethods="1" numMethods="1" />
              <MetadataToken>100663320</MetadataToken>
              <Name>System.Void UnitTest1.UnitTest1::MoneyMinusRightIntMoreMoney()</Name>
              <FileRef uid="1" />
              <SequencePoints>
                <SequencePoint vc="1" uspid="113" ordinal="0" offset="0" sl="217" sc="9" el="217" ec="10" bec="0" bev="0" fileid="1" />
                <SequencePoint vc="1" uspid="114" ordinal="1" offset="1" sl="218" sc="13" el="218" ec="40" bec="0" bev="0" fileid="1" />
                <SequencePoint vc="1" uspid="115" ordinal="2" offset="10" sl="220" sc="13" el="220" ec="31" bec="0" bev="0" fileid="1" />
                <SequencePoint vc="1" uspid="116" ordinal="3" offset="22" sl="222" sc="13" el="222" ec="42" bec="0" bev="0" fileid="1" />
                <SequencePoint vc="1" uspid="117" ordinal="4" offset="35" sl="223" sc="13" el="223" ec="42" bec="0" bev="0" fileid="1" />
                <SequencePoint vc="1" uspid="118" ordinal="5" offset="48" sl="224" sc="9" el="224" ec="10" bec="0" bev="0" fileid="1" />
              </SequencePoints>
              <BranchPoints />
              <MethodPoint xsi:type="SequencePoint" vc="1" uspid="113" ordinal="0" offset="0" sl="217" sc="9" el="217" ec="10" bec="0" bev="0" fileid="1" />
            </Method>
            <Method visited="true" cyclomaticComplexity="1" nPathComplexity="0" sequenceCoverage="100" branchCoverage="100" crapScore="1" isConstructor="false" isStatic="false" isGetter="false" isSetter="false">
              <Summary numSequencePoints="7" visitedSequencePoints="7" numBranchPoints="1" visitedBranchPoints="1" sequenceCoverage="100" branchCoverage="100" maxCyclomaticComplexity="1" minCyclomaticComplexity="1" maxCrapScore="1" minCrapScore="1" visitedClasses="0" numClasses="0" visitedMethods="1" numMethods="1" />
              <MetadataToken>100663321</MetadataToken>
              <Name>System.Void UnitTest1.UnitTest1::MoneyMinusMoney1stMore()</Name>
              <FileRef uid="1" />
              <SequencePoints>
                <SequencePoint vc="1" uspid="119" ordinal="0" offset="0" sl="228" sc="9" el="228" ec="10" bec="0" bev="0" fileid="1" />
                <SequencePoint vc="1" uspid="120" ordinal="1" offset="1" sl="229" sc="13" el="229" ec="40" bec="0" bev="0" fileid="1" />
                <SequencePoint vc="1" uspid="121" ordinal="2" offset="11" sl="230" sc="13" el="230" ec="41" bec="0" bev="0" fileid="1" />
                <SequencePoint vc="1" uspid="122" ordinal="3" offset="21" sl="232" sc="13" el="232" ec="29" bec="0" bev="0" fileid="1" />
                <SequencePoint vc="1" uspid="123" ordinal="4" offset="29" sl="233" sc="13" el="233" ec="43" bec="0" bev="0" fileid="1" />
                <SequencePoint vc="1" uspid="124" ordinal="5" offset="43" sl="234" sc="13" el="234" ec="43" bec="0" bev="0" fileid="1" />
                <SequencePoint vc="1" uspid="125" ordinal="6" offset="57" sl="235" sc="9" el="235" ec="10" bec="0" bev="0" fileid="1" />
              </SequencePoints>
              <BranchPoints />
              <MethodPoint xsi:type="SequencePoint" vc="1" uspid="119" ordinal="0" offset="0" sl="228" sc="9" el="228" ec="10" bec="0" bev="0" fileid="1" />
            </Method>
            <Method visited="true" cyclomaticComplexity="1" nPathComplexity="0" sequenceCoverage="100" branchCoverage="100" crapScore="1" isConstructor="false" isStatic="false" isGetter="false" isSetter="false">
              <Summary numSequencePoints="7" visitedSequencePoints="7" numBranchPoints="1" visitedBranchPoints="1" sequenceCoverage="100" branchCoverage="100" maxCyclomaticComplexity="1" minCyclomaticComplexity="1" maxCrapScore="1" minCrapScore="1" visitedClasses="0" numClasses="0" visitedMethods="1" numMethods="1" />
              <MetadataToken>100663322</MetadataToken>
              <Name>System.Void UnitTest1.UnitTest1::MoneyMinusMoney2ndMore()</Name>
              <FileRef uid="1" />
              <SequencePoints>
                <SequencePoint vc="1" uspid="126" ordinal="0" offset="0" sl="239" sc="9" el="239" ec="10" bec="0" bev="0" fileid="1" />
                <SequencePoint vc="1" uspid="127" ordinal="1" offset="1" sl="240" sc="13" el="240" ec="41" bec="0" bev="0" fileid="1" />
                <SequencePoint vc="1" uspid="128" ordinal="2" offset="11" sl="241" sc="13" el="241" ec="41" bec="0" bev="0" fileid="1" />
                <SequencePoint vc="1" uspid="129" ordinal="3" offset="21" sl="243" sc="13" el="243" ec="29" bec="0" bev="0" fileid="1" />
                <SequencePoint vc="1" uspid="130" ordinal="4" offset="29" sl="244" sc="13" el="244" ec="42" bec="0" bev="0" fileid="1" />
                <SequencePoint vc="1" uspid="131" ordinal="5" offset="42" sl="245" sc="13" el="245" ec="42" bec="0" bev="0" fileid="1" />
                <SequencePoint vc="1" uspid="132" ordinal="6" offset="55" sl="246" sc="9" el="246" ec="10" bec="0" bev="0" fileid="1" />
              </SequencePoints>
              <BranchPoints />
              <MethodPoint xsi:type="SequencePoint" vc="1" uspid="126" ordinal="0" offset="0" sl="239" sc="9" el="239" ec="10" bec="0" bev="0" fileid="1" />
            </Method>
            <Method visited="true" cyclomaticComplexity="1" nPathComplexity="0" sequenceCoverage="100" branchCoverage="100" crapScore="1" isConstructor="false" isStatic="false" isGetter="false" isSetter="false">
              <Summary numSequencePoints="5" visitedSequencePoints="5" numBranchPoints="1" visitedBranchPoints="1" sequenceCoverage="100" branchCoverage="100" maxCyclomaticComplexity="1" minCyclomaticComplexity="1" maxCrapScore="1" minCrapScore="1" visitedClasses="0" numClasses="0" visitedMethods="1" numMethods="1" />
              <MetadataToken>100663323</MetadataToken>
              <Name>System.Void UnitTest1.UnitTest1::IncrimentMoneyKopeksRight()</Name>
              <FileRef uid="1" />
              <SequencePoints>
                <SequencePoint vc="1" uspid="133" ordinal="0" offset="0" sl="250" sc="9" el="250" ec="10" bec="0" bev="0" fileid="1" />
                <SequencePoint vc="1" uspid="134" ordinal="1" offset="1" sl="251" sc="13" el="251" ec="41" bec="0" bev="0" fileid="1" />
                <SequencePoint vc="1" uspid="135" ordinal="2" offset="11" sl="252" sc="13" el="252" ec="17" bec="0" bev="0" fileid="1" />
                <SequencePoint vc="1" uspid="136" ordinal="3" offset="18" sl="253" sc="13" el="253" ec="43" bec="0" bev="0" fileid="1" />
                <SequencePoint vc="1" uspid="137" ordinal="4" offset="32" sl="254" sc="9" el="254" ec="10" bec="0" bev="0" fileid="1" />
              </SequencePoints>
              <BranchPoints />
              <MethodPoint xsi:type="SequencePoint" vc="1" uspid="133" ordinal="0" offset="0" sl="250" sc="9" el="250" ec="10" bec="0" bev="0" fileid="1" />
            </Method>
            <Method visited="true" cyclomaticComplexity="1" nPathComplexity="0" sequenceCoverage="100" branchCoverage="100" crapScore="1" isConstructor="false" isStatic="false" isGetter="false" isSetter="false">
              <Summary numSequencePoints="6" visitedSequencePoints="6" numBranchPoints="1" visitedBranchPoints="1" sequenceCoverage="100" branchCoverage="100" maxCyclomaticComplexity="1" minCyclomaticComplexity="1" maxCrapScore="1" minCrapScore="1" visitedClasses="0" numClasses="0" visitedMethods="1" numMethods="1" />
              <MetadataToken>100663324</MetadataToken>
              <Name>System.Void UnitTest1.UnitTest1::IncrimentMoneyKopeks99()</Name>
              <FileRef uid="1" />
              <SequencePoints>
                <SequencePoint vc="1" uspid="138" ordinal="0" offset="0" sl="258" sc="9" el="258" ec="10" bec="0" bev="0" fileid="1" />
                <SequencePoint vc="1" uspid="139" ordinal="1" offset="1" sl="259" sc="13" el="259" ec="41" bec="0" bev="0" fileid="1" />
                <SequencePoint vc="1" uspid="140" ordinal="2" offset="11" sl="260" sc="13" el="260" ec="17" bec="0" bev="0" fileid="1" />
                <SequencePoint vc="1" uspid="141" ordinal="3" offset="18" sl="261" sc="13" el="261" ec="43" bec="0" bev="0" fileid="1" />
                <SequencePoint vc="1" uspid="142" ordinal="4" offset="32" sl="262" sc="13" el="262" ec="42" bec="0" bev="0" fileid="1" />
                <SequencePoint vc="1" uspid="143" ordinal="5" offset="45" sl="263" sc="9" el="263" ec="10" bec="0" bev="0" fileid="1" />
              </SequencePoints>
              <BranchPoints />
              <MethodPoint xsi:type="SequencePoint" vc="1" uspid="138" ordinal="0" offset="0" sl="258" sc="9" el="258" ec="10" bec="0" bev="0" fileid="1" />
            </Method>
            <Method visited="true" cyclomaticComplexity="1" nPathComplexity="0" sequenceCoverage="100" branchCoverage="100" crapScore="1" isConstructor="false" isStatic="false" isGetter="false" isSetter="false">
              <Summary numSequencePoints="5" visitedSequencePoints="5" numBranchPoints="1" visitedBranchPoints="1" sequenceCoverage="100" branchCoverage="100" maxCyclomaticComplexity="1" minCyclomaticComplexity="1" maxCrapScore="1" minCrapScore="1" visitedClasses="0" numClasses="0" visitedMethods="1" numMethods="1" />
              <MetadataToken>100663325</MetadataToken>
              <Name>System.Void UnitTest1.UnitTest1::PrefIncrimentMoneyKopeksRight()</Name>
              <FileRef uid="1" />
              <SequencePoints>
                <SequencePoint vc="1" uspid="144" ordinal="0" offset="0" sl="267" sc="9" el="267" ec="10" bec="0" bev="0" fileid="1" />
                <SequencePoint vc="1" uspid="145" ordinal="1" offset="1" sl="268" sc="13" el="268" ec="41" bec="0" bev="0" fileid="1" />
                <SequencePoint vc="1" uspid="146" ordinal="2" offset="11" sl="269" sc="13" el="269" ec="17" bec="0" bev="0" fileid="1" />
                <SequencePoint vc="1" uspid="147" ordinal="3" offset="18" sl="270" sc="13" el="270" ec="43" bec="0" bev="0" fileid="1" />
                <SequencePoint vc="1" uspid="148" ordinal="4" offset="32" sl="271" sc="9" el="271" ec="10" bec="0" bev="0" fileid="1" />
              </SequencePoints>
              <BranchPoints />
              <MethodPoint xsi:type="SequencePoint" vc="1" uspid="144" ordinal="0" offset="0" sl="267" sc="9" el="267" ec="10" bec="0" bev="0" fileid="1" />
            </Method>
            <Method visited="true" cyclomaticComplexity="1" nPathComplexity="0" sequenceCoverage="100" branchCoverage="100" crapScore="1" isConstructor="false" isStatic="false" isGetter="false" isSetter="false">
              <Summary numSequencePoints="6" visitedSequencePoints="6" numBranchPoints="1" visitedBranchPoints="1" sequenceCoverage="100" branchCoverage="100" maxCyclomaticComplexity="1" minCyclomaticComplexity="1" maxCrapScore="1" minCrapScore="1" visitedClasses="0" numClasses="0" visitedMethods="1" numMethods="1" />
              <MetadataToken>100663326</MetadataToken>
              <Name>System.Void UnitTest1.UnitTest1::PrefIncrimentMoneyKopeks99()</Name>
              <FileRef uid="1" />
              <SequencePoints>
                <SequencePoint vc="1" uspid="149" ordinal="0" offset="0" sl="275" sc="9" el="275" ec="10" bec="0" bev="0" fileid="1" />
                <SequencePoint vc="1" uspid="150" ordinal="1" offset="1" sl="276" sc="13" el="276" ec="41" bec="0" bev="0" fileid="1" />
                <SequencePoint vc="1" uspid="151" ordinal="2" offset="11" sl="277" sc="13" el="277" ec="17" bec="0" bev="0" fileid="1" />
                <SequencePoint vc="1" uspid="152" ordinal="3" offset="18" sl="278" sc="13" el="278" ec="43" bec="0" bev="0" fileid="1" />
                <SequencePoint vc="1" uspid="153" ordinal="4" offset="32" sl="279" sc="13" el="279" ec="42" bec="0" bev="0" fileid="1" />
                <SequencePoint vc="1" uspid="154" ordinal="5" offset="45" sl="280" sc="9" el="280" ec="10" bec="0" bev="0" fileid="1" />
              </SequencePoints>
              <BranchPoints />
              <MethodPoint xsi:type="SequencePoint" vc="1" uspid="149" ordinal="0" offset="0" sl="275" sc="9" el="275" ec="10" bec="0" bev="0" fileid="1" />
            </Method>
            <Method visited="true" cyclomaticComplexity="1" nPathComplexity="0" sequenceCoverage="100" branchCoverage="100" crapScore="1" isConstructor="false" isStatic="false" isGetter="false" isSetter="false">
              <Summary numSequencePoints="6" visitedSequencePoints="6" numBranchPoints="1" visitedBranchPoints="1" sequenceCoverage="100" branchCoverage="100" maxCyclomaticComplexity="1" minCyclomaticComplexity="1" maxCrapScore="1" minCrapScore="1" visitedClasses="0" numClasses="0" visitedMethods="1" numMethods="1" />
              <MetadataToken>100663327</MetadataToken>
              <Name>System.Void UnitTest1.UnitTest1::DecrimentMoneyKopeksRight()</Name>
              <FileRef uid="1" />
              <SequencePoints>
                <SequencePoint vc="1" uspid="155" ordinal="0" offset="0" sl="284" sc="9" el="284" ec="10" bec="0" bev="0" fileid="1" />
                <SequencePoint vc="1" uspid="156" ordinal="1" offset="1" sl="285" sc="13" el="285" ec="41" bec="0" bev="0" fileid="1" />
                <SequencePoint vc="1" uspid="157" ordinal="2" offset="11" sl="287" sc="13" el="287" ec="17" bec="0" bev="0" fileid="1" />
                <SequencePoint vc="1" uspid="158" ordinal="3" offset="18" sl="289" sc="13" el="289" ec="43" bec="0" bev="0" fileid="1" />
                <SequencePoint vc="1" uspid="159" ordinal="4" offset="32" sl="290" sc="13" el="290" ec="43" bec="0" bev="0" fileid="1" />
                <SequencePoint vc="1" uspid="160" ordinal="5" offset="46" sl="291" sc="9" el="291" ec="10" bec="0" bev="0" fileid="1" />
              </SequencePoints>
              <BranchPoints />
              <MethodPoint xsi:type="SequencePoint" vc="1" uspid="155" ordinal="0" offset="0" sl="284" sc="9" el="284" ec="10" bec="0" bev="0" fileid="1" />
            </Method>
            <Method visited="true" cyclomaticComplexity="1" nPathComplexity="0" sequenceCoverage="100" branchCoverage="100" crapScore="1" isConstructor="false" isStatic="false" isGetter="false" isSetter="false">
              <Summary numSequencePoints="6" visitedSequencePoints="6" numBranchPoints="1" visitedBranchPoints="1" sequenceCoverage="100" branchCoverage="100" maxCyclomaticComplexity="1" minCyclomaticComplexity="1" maxCrapScore="1" minCrapScore="1" visitedClasses="0" numClasses="0" visitedMethods="1" numMethods="1" />
              <MetadataToken>100663328</MetadataToken>
              <Name>System.Void UnitTest1.UnitTest1::DecrimentMoneyKopeksRightMoneyZero()</Name>
              <FileRef uid="1" />
              <SequencePoints>
                <SequencePoint vc="1" uspid="161" ordinal="0" offset="0" sl="295" sc="9" el="295" ec="10" bec="0" bev="0" fileid="1" />
                <SequencePoint vc="1" uspid="162" ordinal="1" offset="1" sl="296" sc="13" el="296" ec="39" bec="0" bev="0" fileid="1" />
                <SequencePoint vc="1" uspid="163" ordinal="2" offset="9" sl="298" sc="13" el="298" ec="17" bec="0" bev="0" fileid="1" />
                <SequencePoint vc="1" uspid="164" ordinal="3" offset="16" sl="300" sc="13" el="300" ec="42" bec="0" bev="0" fileid="1" />
                <SequencePoint vc="1" uspid="165" ordinal="4" offset="29" sl="301" sc="13" el="301" ec="42" bec="0" bev="0" fileid="1" />
                <SequencePoint vc="1" uspid="166" ordinal="5" offset="42" sl="302" sc="9" el="302" ec="10" bec="0" bev="0" fileid="1" />
              </SequencePoints>
              <BranchPoints />
              <MethodPoint xsi:type="SequencePoint" vc="1" uspid="161" ordinal="0" offset="0" sl="295" sc="9" el="295" ec="10" bec="0" bev="0" fileid="1" />
            </Method>
            <Method visited="true" cyclomaticComplexity="1" nPathComplexity="0" sequenceCoverage="100" branchCoverage="100" crapScore="1" isConstructor="false" isStatic="false" isGetter="false" isSetter="false">
              <Summary numSequencePoints="6" visitedSequencePoints="6" numBranchPoints="1" visitedBranchPoints="1" sequenceCoverage="100" branchCoverage="100" maxCyclomaticComplexity="1" minCyclomaticComplexity="1" maxCrapScore="1" minCrapScore="1" visitedClasses="0" numClasses="0" visitedMethods="1" numMethods="1" />
              <MetadataToken>100663329</MetadataToken>
              <Name>System.Void UnitTest1.UnitTest1::DecrimentMoneyKopeks0()</Name>
              <FileRef uid="1" />
              <SequencePoints>
                <SequencePoint vc="1" uspid="167" ordinal="0" offset="0" sl="306" sc="9" el="306" ec="10" bec="0" bev="0" fileid="1" />
                <SequencePoint vc="1" uspid="168" ordinal="1" offset="1" sl="307" sc="13" el="307" ec="40" bec="0" bev="0" fileid="1" />
                <SequencePoint vc="1" uspid="169" ordinal="2" offset="10" sl="309" sc="13" el="309" ec="17" bec="0" bev="0" fileid="1" />
                <SequencePoint vc="1" uspid="170" ordinal="3" offset="17" sl="311" sc="13" el="311" ec="43" bec="0" bev="0" fileid="1" />
                <SequencePoint vc="1" uspid="171" ordinal="4" offset="31" sl="312" sc="13" el="312" ec="43" bec="0" bev="0" fileid="1" />
                <SequencePoint vc="1" uspid="172" ordinal="5" offset="45" sl="313" sc="9" el="313" ec="10" bec="0" bev="0" fileid="1" />
              </SequencePoints>
              <BranchPoints />
              <MethodPoint xsi:type="SequencePoint" vc="1" uspid="167" ordinal="0" offset="0" sl="306" sc="9" el="306" ec="10" bec="0" bev="0" fileid="1" />
            </Method>
            <Method visited="true" cyclomaticComplexity="1" nPathComplexity="0" sequenceCoverage="100" branchCoverage="100" crapScore="1" isConstructor="false" isStatic="false" isGetter="false" isSetter="false">
              <Summary numSequencePoints="6" visitedSequencePoints="6" numBranchPoints="1" visitedBranchPoints="1" sequenceCoverage="100" branchCoverage="100" maxCyclomaticComplexity="1" minCyclomaticComplexity="1" maxCrapScore="1" minCrapScore="1" visitedClasses="0" numClasses="0" visitedMethods="1" numMethods="1" />
              <MetadataToken>100663330</MetadataToken>
              <Name>System.Void UnitTest1.UnitTest1::PrefDecrimentMoneyKopeksRight()</Name>
              <FileRef uid="1" />
              <SequencePoints>
                <SequencePoint vc="1" uspid="173" ordinal="0" offset="0" sl="317" sc="9" el="317" ec="10" bec="0" bev="0" fileid="1" />
                <SequencePoint vc="1" uspid="174" ordinal="1" offset="1" sl="318" sc="13" el="318" ec="41" bec="0" bev="0" fileid="1" />
                <SequencePoint vc="1" uspid="175" ordinal="2" offset="11" sl="320" sc="13" el="320" ec="17" bec="0" bev="0" fileid="1" />
                <SequencePoint vc="1" uspid="176" ordinal="3" offset="18" sl="322" sc="13" el="322" ec="43" bec="0" bev="0" fileid="1" />
                <SequencePoint vc="1" uspid="177" ordinal="4" offset="32" sl="323" sc="13" el="323" ec="43" bec="0" bev="0" fileid="1" />
                <SequencePoint vc="1" uspid="178" ordinal="5" offset="46" sl="324" sc="9" el="324" ec="10" bec="0" bev="0" fileid="1" />
              </SequencePoints>
              <BranchPoints />
              <MethodPoint xsi:type="SequencePoint" vc="1" uspid="173" ordinal="0" offset="0" sl="317" sc="9" el="317" ec="10" bec="0" bev="0" fileid="1" />
            </Method>
            <Method visited="true" cyclomaticComplexity="1" nPathComplexity="0" sequenceCoverage="100" branchCoverage="100" crapScore="1" isConstructor="false" isStatic="false" isGetter="false" isSetter="false">
              <Summary numSequencePoints="6" visitedSequencePoints="6" numBranchPoints="1" visitedBranchPoints="1" sequenceCoverage="100" branchCoverage="100" maxCyclomaticComplexity="1" minCyclomaticComplexity="1" maxCrapScore="1" minCrapScore="1" visitedClasses="0" numClasses="0" visitedMethods="1" numMethods="1" />
              <MetadataToken>100663331</MetadataToken>
              <Name>System.Void UnitTest1.UnitTest1::PrefDecrimentMoneyKopeks0()</Name>
              <FileRef uid="1" />
              <SequencePoints>
                <SequencePoint vc="1" uspid="179" ordinal="0" offset="0" sl="328" sc="9" el="328" ec="10" bec="0" bev="0" fileid="1" />
                <SequencePoint vc="1" uspid="180" ordinal="1" offset="1" sl="329" sc="13" el="329" ec="40" bec="0" bev="0" fileid="1" />
                <SequencePoint vc="1" uspid="181" ordinal="2" offset="10" sl="331" sc="13" el="331" ec="17" bec="0" bev="0" fileid="1" />
                <SequencePoint vc="1" uspid="182" ordinal="3" offset="17" sl="333" sc="13" el="333" ec="43" bec="0" bev="0" fileid="1" />
                <SequencePoint vc="1" uspid="183" ordinal="4" offset="31" sl="334" sc="13" el="334" ec="43" bec="0" bev="0" fileid="1" />
                <SequencePoint vc="1" uspid="184" ordinal="5" offset="45" sl="335" sc="9" el="335" ec="10" bec="0" bev="0" fileid="1" />
              </SequencePoints>
              <BranchPoints />
              <MethodPoint xsi:type="SequencePoint" vc="1" uspid="179" ordinal="0" offset="0" sl="328" sc="9" el="328" ec="10" bec="0" bev="0" fileid="1" />
            </Method>
            <Method visited="true" cyclomaticComplexity="1" nPathComplexity="0" sequenceCoverage="100" branchCoverage="100" crapScore="1" isConstructor="false" isStatic="false" isGetter="false" isSetter="false">
              <Summary numSequencePoints="5" visitedSequencePoints="5" numBranchPoints="1" visitedBranchPoints="1" sequenceCoverage="100" branchCoverage="100" maxCyclomaticComplexity="1" minCyclomaticComplexity="1" maxCrapScore="1" minCrapScore="1" visitedClasses="0" numClasses="0" visitedMethods="1" numMethods="1" />
              <MetadataToken>100663332</MetadataToken>
              <Name>System.Void UnitTest1.UnitTest1::ConvertImplicitMoneyToInt()</Name>
              <FileRef uid="1" />
              <SequencePoints>
                <SequencePoint vc="1" uspid="185" ordinal="0" offset="0" sl="339" sc="9" el="339" ec="10" bec="0" bev="0" fileid="1" />
                <SequencePoint vc="1" uspid="186" ordinal="1" offset="1" sl="340" sc="13" el="340" ec="41" bec="0" bev="0" fileid="1" />
                <SequencePoint vc="1" uspid="187" ordinal="2" offset="11" sl="342" sc="13" el="342" ec="28" bec="0" bev="0" fileid="1" />
                <SequencePoint vc="1" uspid="188" ordinal="3" offset="18" sl="344" sc="13" el="344" ec="36" bec="0" bev="0" fileid="1" />
                <SequencePoint vc="1" uspid="189" ordinal="4" offset="27" sl="345" sc="9" el="345" ec="10" bec="0" bev="0" fileid="1" />
              </SequencePoints>
              <BranchPoints />
              <MethodPoint xsi:type="SequencePoint" vc="1" uspid="185" ordinal="0" offset="0" sl="339" sc="9" el="339" ec="10" bec="0" bev="0" fileid="1" />
            </Method>
            <Method visited="true" cyclomaticComplexity="1" nPathComplexity="0" sequenceCoverage="100" branchCoverage="100" crapScore="1" isConstructor="false" isStatic="false" isGetter="false" isSetter="false">
              <Summary numSequencePoints="5" visitedSequencePoints="5" numBranchPoints="1" visitedBranchPoints="1" sequenceCoverage="100" branchCoverage="100" maxCyclomaticComplexity="1" minCyclomaticComplexity="1" maxCrapScore="1" minCrapScore="1" visitedClasses="0" numClasses="0" visitedMethods="1" numMethods="1" />
              <MetadataToken>100663333</MetadataToken>
              <Name>System.Void UnitTest1.UnitTest1::ConvertMoneyToDoble()</Name>
              <FileRef uid="1" />
              <SequencePoints>
                <SequencePoint vc="1" uspid="190" ordinal="0" offset="0" sl="350" sc="9" el="350" ec="10" bec="0" bev="0" fileid="1" />
                <SequencePoint vc="1" uspid="191" ordinal="1" offset="1" sl="351" sc="13" el="351" ec="41" bec="0" bev="0" fileid="1" />
                <SequencePoint vc="1" uspid="192" ordinal="2" offset="11" sl="353" sc="13" el="353" ec="34" bec="0" bev="0" fileid="1" />
                <SequencePoint vc="1" uspid="193" ordinal="3" offset="19" sl="355" sc="13" el="355" ec="38" bec="0" bev="0" fileid="1" />
                <SequencePoint vc="1" uspid="194" ordinal="4" offset="44" sl="356" sc="9" el="356" ec="10" bec="0" bev="0" fileid="1" />
              </SequencePoints>
              <BranchPoints />
              <MethodPoint xsi:type="SequencePoint" vc="1" uspid="190" ordinal="0" offset="0" sl="350" sc="9" el="350" ec="10" bec="0" bev="0" fileid="1" />
            </Method>
            <Method visited="true" cyclomaticComplexity="1" nPathComplexity="0" sequenceCoverage="100" branchCoverage="100" crapScore="1" isConstructor="false" isStatic="false" isGetter="false" isSetter="false">
              <Summary numSequencePoints="4" visitedSequencePoints="4" numBranchPoints="1" visitedBranchPoints="1" sequenceCoverage="100" branchCoverage="100" maxCyclomaticComplexity="1" minCyclomaticComplexity="1" maxCrapScore="1" minCrapScore="1" visitedClasses="0" numClasses="0" visitedMethods="1" numMethods="1" />
              <MetadataToken>100663334</MetadataToken>
              <Name>System.Void UnitTest1.UnitTest1::ShowTestForMoneyWithoutArgs()</Name>
              <FileRef uid="1" />
              <SequencePoints>
                <SequencePoint vc="1" uspid="195" ordinal="0" offset="0" sl="360" sc="9" el="360" ec="10" bec="0" bev="0" fileid="1" />
                <SequencePoint vc="1" uspid="196" ordinal="1" offset="1" sl="361" sc="13" el="361" ec="35" bec="0" bev="0" fileid="1" />
                <SequencePoint vc="1" uspid="197" ordinal="2" offset="7" sl="363" sc="13" el="363" ec="60" bec="0" bev="0" fileid="1" />
                <SequencePoint vc="1" uspid="198" ordinal="3" offset="24" sl="364" sc="9" el="364" ec="10" bec="0" bev="0" fileid="1" />
              </SequencePoints>
              <BranchPoints />
              <MethodPoint xsi:type="SequencePoint" vc="1" uspid="195" ordinal="0" offset="0" sl="360" sc="9" el="360" ec="10" bec="0" bev="0" fileid="1" />
            </Method>
            <Method visited="true" cyclomaticComplexity="1" nPathComplexity="0" sequenceCoverage="100" branchCoverage="100" crapScore="1" isConstructor="false" isStatic="false" isGetter="false" isSetter="false">
              <Summary numSequencePoints="4" visitedSequencePoints="4" numBranchPoints="1" visitedBranchPoints="1" sequenceCoverage="100" branchCoverage="100" maxCyclomaticComplexity="1" minCyclomaticComplexity="1" maxCrapScore="1" minCrapScore="1" visitedClasses="0" numClasses="0" visitedMethods="1" numMethods="1" />
              <MetadataToken>100663335</MetadataToken>
              <Name>System.Void UnitTest1.UnitTest1::ShowTestForMoneyWithArgs()</Name>
              <FileRef uid="1" />
              <SequencePoints>
                <SequencePoint vc="1" uspid="199" ordinal="0" offset="0" sl="368" sc="9" el="368" ec="10" bec="0" bev="0" fileid="1" />
                <SequencePoint vc="1" uspid="200" ordinal="1" offset="1" sl="369" sc="13" el="369" ec="41" bec="0" bev="0" fileid="1" />
                <SequencePoint vc="1" uspid="201" ordinal="2" offset="11" sl="371" sc="13" el="371" ec="62" bec="0" bev="0" fileid="1" />
                <SequencePoint vc="1" uspid="202" ordinal="3" offset="28" sl="372" sc="9" el="372" ec="10" bec="0" bev="0" fileid="1" />
              </SequencePoints>
              <BranchPoints />
              <MethodPoint xsi:type="SequencePoint" vc="1" uspid="199" ordinal="0" offset="0" sl="368" sc="9" el="368" ec="10" bec="0" bev="0" fileid="1" />
            </Method>
            <Method visited="true" cyclomaticComplexity="1" nPathComplexity="0" sequenceCoverage="100" branchCoverage="100" crapScore="1" isConstructor="false" isStatic="false" isGetter="false" isSetter="false">
              <Summary numSequencePoints="4" visitedSequencePoints="4" numBranchPoints="1" visitedBranchPoints="1" sequenceCoverage="100" branchCoverage="100" maxCyclomaticComplexity="1" minCyclomaticComplexity="1" maxCrapScore="1" minCrapScore="1" visitedClasses="0" numClasses="0" visitedMethods="1" numMethods="1" />
              <MetadataToken>100663336</MetadataToken>
              <Name>System.Void UnitTest1.UnitTest1::ShowTestForMoneyWithArgsDouble()</Name>
              <FileRef uid="1" />
              <SequencePoints>
                <SequencePoint vc="1" uspid="203" ordinal="0" offset="0" sl="376" sc="9" el="376" ec="10" bec="0" bev="0" fileid="1" />
                <SequencePoint vc="1" uspid="204" ordinal="1" offset="1" sl="377" sc="13" el="377" ec="39" bec="0" bev="0" fileid="1" />
                <SequencePoint vc="1" uspid="205" ordinal="2" offset="16" sl="379" sc="13" el="379" ec="61" bec="0" bev="0" fileid="1" />
                <SequencePoint vc="1" uspid="206" ordinal="3" offset="33" sl="380" sc="9" el="380" ec="10" bec="0" bev="0" fileid="1" />
              </SequencePoints>
              <BranchPoints />
              <MethodPoint xsi:type="SequencePoint" vc="1" uspid="203" ordinal="0" offset="0" sl="376" sc="9" el="376" ec="10" bec="0" bev="0" fileid="1" />
            </Method>
            <Method visited="true" cyclomaticComplexity="1" nPathComplexity="0" sequenceCoverage="100" branchCoverage="100" crapScore="1" isConstructor="false" isStatic="false" isGetter="false" isSetter="false">
              <Summary numSequencePoints="8" visitedSequencePoints="8" numBranchPoints="1" visitedBranchPoints="1" sequenceCoverage="100" branchCoverage="100" maxCyclomaticComplexity="1" minCyclomaticComplexity="1" maxCrapScore="1" minCrapScore="1" visitedClasses="0" numClasses="0" visitedMethods="1" numMethods="1" />
              <MetadataToken>100663337</MetadataToken>
              <Name>System.Void UnitTest1.UnitTest1::TestMinusMoneyMoney1stMore()</Name>
              <FileRef uid="1" />
              <SequencePoints>
                <SequencePoint vc="1" uspid="207" ordinal="0" offset="0" sl="384" sc="9" el="384" ec="10" bec="0" bev="0" fileid="1" />
                <SequencePoint vc="1" uspid="208" ordinal="1" offset="1" sl="385" sc="13" el="385" ec="41" bec="0" bev="0" fileid="1" />
                <SequencePoint vc="1" uspid="209" ordinal="2" offset="11" sl="386" sc="13" el="386" ec="41" bec="0" bev="0" fileid="1" />
                <SequencePoint vc="1" uspid="210" ordinal="3" offset="21" sl="387" sc="13" el="387" ec="35" bec="0" bev="0" fileid="1" />
                <SequencePoint vc="1" uspid="211" ordinal="4" offset="27" sl="388" sc="13" el="388" ec="27" bec="0" bev="0" fileid="1" />
                <SequencePoint vc="1" uspid="212" ordinal="5" offset="36" sl="390" sc="13" el="390" ec="43" bec="0" bev="0" fileid="1" />
                <SequencePoint vc="1" uspid="213" ordinal="6" offset="50" sl="391" sc="13" el="391" ec="43" bec="0" bev="0" fileid="1" />
                <SequencePoint vc="1" uspid="214" ordinal="7" offset="64" sl="393" sc="9" el="393" ec="10" bec="0" bev="0" fileid="1" />
              </SequencePoints>
              <BranchPoints />
              <MethodPoint xsi:type="SequencePoint" vc="1" uspid="207" ordinal="0" offset="0" sl="384" sc="9" el="384" ec="10" bec="0" bev="0" fileid="1" />
            </Method>
            <Method visited="true" cyclomaticComplexity="1" nPathComplexity="0" sequenceCoverage="100" branchCoverage="100" crapScore="1" isConstructor="false" isStatic="false" isGetter="false" isSetter="false">
              <Summary numSequencePoints="8" visitedSequencePoints="8" numBranchPoints="1" visitedBranchPoints="1" sequenceCoverage="100" branchCoverage="100" maxCyclomaticComplexity="1" minCyclomaticComplexity="1" maxCrapScore="1" minCrapScore="1" visitedClasses="0" numClasses="0" visitedMethods="1" numMethods="1" />
              <MetadataToken>100663338</MetadataToken>
              <Name>System.Void UnitTest1.UnitTest1::TestMinusMoneyMoney2ndMore()</Name>
              <FileRef uid="1" />
              <SequencePoints>
                <SequencePoint vc="1" uspid="215" ordinal="0" offset="0" sl="397" sc="9" el="397" ec="10" bec="0" bev="0" fileid="1" />
                <SequencePoint vc="1" uspid="216" ordinal="1" offset="1" sl="398" sc="13" el="398" ec="41" bec="0" bev="0" fileid="1" />
                <SequencePoint vc="1" uspid="217" ordinal="2" offset="11" sl="399" sc="13" el="399" ec="41" bec="0" bev="0" fileid="1" />
                <SequencePoint vc="1" uspid="218" ordinal="3" offset="21" sl="400" sc="13" el="400" ec="35" bec="0" bev="0" fileid="1" />
                <SequencePoint vc="1" uspid="219" ordinal="4" offset="27" sl="401" sc="13" el="401" ec="27" bec="0" bev="0" fileid="1" />
                <SequencePoint vc="1" uspid="220" ordinal="5" offset="36" sl="403" sc="13" el="403" ec="42" bec="0" bev="0" fileid="1" />
                <SequencePoint vc="1" uspid="221" ordinal="6" offset="49" sl="404" sc="13" el="404" ec="42" bec="0" bev="0" fileid="1" />
                <SequencePoint vc="1" uspid="222" ordinal="7" offset="62" sl="406" sc="9" el="406" ec="10" bec="0" bev="0" fileid="1" />
              </SequencePoints>
              <BranchPoints />
              <MethodPoint xsi:type="SequencePoint" vc="1" uspid="215" ordinal="0" offset="0" sl="397" sc="9" el="397" ec="10" bec="0" bev="0" fileid="1" />
            </Method>
            <Method visited="true" cyclomaticComplexity="1" nPathComplexity="0" sequenceCoverage="100" branchCoverage="100" crapScore="1" isConstructor="false" isStatic="false" isGetter="false" isSetter="false">
              <Summary numSequencePoints="5" visitedSequencePoints="5" numBranchPoints="1" visitedBranchPoints="1" sequenceCoverage="100" branchCoverage="100" maxCyclomaticComplexity="1" minCyclomaticComplexity="1" maxCrapScore="1" minCrapScore="1" visitedClasses="0" numClasses="0" visitedMethods="1" numMethods="1" />
              <MetadataToken>100663339</MetadataToken>
              <Name>System.Void UnitTest1.UnitTest1::EqualsTest1()</Name>
              <FileRef uid="1" />
              <SequencePoints>
                <SequencePoint vc="1" uspid="223" ordinal="0" offset="0" sl="410" sc="9" el="410" ec="10" bec="0" bev="0" fileid="1" />
                <SequencePoint vc="1" uspid="224" ordinal="1" offset="1" sl="411" sc="13" el="411" ec="41" bec="0" bev="0" fileid="1" />
                <SequencePoint vc="1" uspid="225" ordinal="2" offset="11" sl="412" sc="13" el="412" ec="41" bec="0" bev="0" fileid="1" />
                <SequencePoint vc="1" uspid="226" ordinal="3" offset="21" sl="414" sc="13" el="414" ec="48" bec="0" bev="0" fileid="1" />
                <SequencePoint vc="1" uspid="227" ordinal="4" offset="35" sl="415" sc="9" el="415" ec="10" bec="0" bev="0" fileid="1" />
              </SequencePoints>
              <BranchPoints />
              <MethodPoint xsi:type="SequencePoint" vc="1" uspid="223" ordinal="0" offset="0" sl="410" sc="9" el="410" ec="10" bec="0" bev="0" fileid="1" />
            </Method>
            <Method visited="true" cyclomaticComplexity="1" nPathComplexity="0" sequenceCoverage="100" branchCoverage="100" crapScore="1" isConstructor="false" isStatic="false" isGetter="false" isSetter="false">
              <Summary numSequencePoints="5" visitedSequencePoints="5" numBranchPoints="1" visitedBranchPoints="1" sequenceCoverage="100" branchCoverage="100" maxCyclomaticComplexity="1" minCyclomaticComplexity="1" maxCrapScore="1" minCrapScore="1" visitedClasses="0" numClasses="0" visitedMethods="1" numMethods="1" />
              <MetadataToken>100663340</MetadataToken>
              <Name>System.Void UnitTest1.UnitTest1::EqualsTest2()</Name>
              <FileRef uid="1" />
              <SequencePoints>
                <SequencePoint vc="1" uspid="228" ordinal="0" offset="0" sl="419" sc="9" el="419" ec="10" bec="0" bev="0" fileid="1" />
                <SequencePoint vc="1" uspid="229" ordinal="1" offset="1" sl="420" sc="13" el="420" ec="41" bec="0" bev="0" fileid="1" />
                <SequencePoint vc="1" uspid="230" ordinal="2" offset="11" sl="421" sc="13" el="421" ec="23" bec="0" bev="0" fileid="1" />
                <SequencePoint vc="1" uspid="231" ordinal="3" offset="13" sl="423" sc="13" el="423" ec="49" bec="0" bev="0" fileid="1" />
                <SequencePoint vc="1" uspid="232" ordinal="4" offset="32" sl="424" sc="9" el="424" ec="10" bec="0" bev="0" fileid="1" />
              </SequencePoints>
              <BranchPoints />
              <MethodPoint xsi:type="SequencePoint" vc="1" uspid="228" ordinal="0" offset="0" sl="419" sc="9" el="419" ec="10" bec="0" bev="0" fileid="1" />
            </Method>
            <Method visited="true" cyclomaticComplexity="1" nPathComplexity="0" sequenceCoverage="75" branchCoverage="100" crapScore="1.02" isConstructor="false" isStatic="false" isGetter="false" isSetter="false">
              <Summary numSequencePoints="4" visitedSequencePoints="3" numBranchPoints="1" visitedBranchPoints="1" sequenceCoverage="75" branchCoverage="100" maxCyclomaticComplexity="1" minCyclomaticComplexity="1" maxCrapScore="1.02" minCrapScore="1.02" visitedClasses="0" numClasses="0" visitedMethods="1" numMethods="1" />
              <MetadataToken>100663341</MetadataToken>
              <Name>System.Void UnitTest1.UnitTest1::GetCount()</Name>
              <FileRef uid="1" />
              <SequencePoints>
                <SequencePoint vc="1" uspid="233" ordinal="0" offset="0" sl="428" sc="9" el="428" ec="10" bec="0" bev="0" fileid="1" />
                <SequencePoint vc="1" uspid="234" ordinal="1" offset="1" sl="429" sc="13" el="429" ec="35" bec="0" bev="0" fileid="1" />
                <SequencePoint vc="1" uspid="235" ordinal="2" offset="7" sl="430" sc="13" el="430" ec="42" bec="0" bev="0" fileid="1" />
                <SequencePoint vc="0" uspid="236" ordinal="3" offset="21" sl="431" sc="9" el="431" ec="10" bec="0" bev="0" fileid="1" />
              </SequencePoints>
              <BranchPoints />
              <MethodPoint xsi:type="SequencePoint" vc="1" uspid="233" ordinal="0" offset="0" sl="428" sc="9" el="428" ec="10" bec="0" bev="0" fileid="1" />
            </Method>
            <Method visited="false" cyclomaticComplexity="1" nPathComplexity="0" sequenceCoverage="0" branchCoverage="0" crapScore="2" isConstructor="true" isStatic="false" isGetter="false" isSetter="false">
              <Summary numSequencePoints="0" visitedSequencePoints="0" numBranchPoints="0" visitedBranchPoints="0" sequenceCoverage="0" branchCoverage="0" maxCyclomaticComplexity="1" minCyclomaticComplexity="1" maxCrapScore="2" minCrapScore="2" visitedClasses="0" numClasses="0" visitedMethods="0" numMethods="0" />
              <MetadataToken>100663342</MetadataToken>
              <Name>System.Void UnitTest1.UnitTest1::.ctor()</Name>
              <SequencePoints />
              <BranchPoints />
              <MethodPoint vc="0" uspid="237" ordinal="0" offset="0" />
            </Method>
          </Methods>
        </Class>
      </Classes>
    </Module>
    <Module hash="98-D0-96-31-3C-8D-F9-70-99-19-5D-2A-2A-00-37-16-EB-A6-F4-BE">
      <Summary numSequencePoints="289" visitedSequencePoints="113" numBranchPoints="101" visitedBranchPoints="31" sequenceCoverage="39.10" branchCoverage="30.69" maxCyclomaticComplexity="14" minCyclomaticComplexity="1" maxCrapScore="210" minCrapScore="1" visitedClasses="1" numClasses="2" visitedMethods="18" numMethods="29" />
      <ModulePath>D:\Code\С#\Aboba\Lab9\UnitTest1\bin\Debug\fine-code-coverage\build-output\Lib.dll</ModulePath>
      <ModuleTime>2021-11-20T06:40:38.3566894Z</ModuleTime>
      <ModuleName>Lib</ModuleName>
      <Files>
        <File uid="3" fullPath="D:\Code\С#\Aboba\Lab9\Lib\MoneyArray.cs" />
        <File uid="4" fullPath="D:\Code\С#\Aboba\Lab9\Lib\Money.cs" />
      </Files>
      <Classes>
        <Class>
[...]
              <MetadataToken>100663316</MetadataToken>
              <Name>System.Void Lib.Money::.ctor(System.Double)</Name>
              <FileRef uid="4" />
              <SequencePoints>
                <SequencePoint vc="3" uspid="522" ordinal="0" offset="0" sl="88" sc="9" el="88" ec="35" bec="0" bev="0" fileid="4" />
                <SequencePoint vc="3" uspid="523" ordinal="1" offset="7" sl="89" sc="9" el="89" ec="10" bec="0" bev="0" fileid="4" />
                <SequencePoint vc="3" uspid="524" ordinal="2" offset="8" sl="90" sc="13" el="90" ec="21" bec="0" bev="0" fileid="4" />
                <SequencePoint vc="3" uspid="525" ordinal="3" offset="20" sl="91" sc="13" el="91" ec="42" bec="0" bev="0" fileid="4" />
                <SequencePoint vc="3" uspid="526" ordinal="4" offset="33" sl="92" sc="13" el="92" ec="29" bec="0" bev="0" fileid="4" />
                <SequencePoint vc="3" uspid="527" ordinal="5" offset="41" sl="93" sc="13" el="93" ec="31" bec="0" bev="0" fileid="4" />
                <SequencePoint vc="3" uspid="528" ordinal="6" offset="49" sl="94" sc="9" el="94" ec="10" bec="0" bev="0" fileid="4" />
              </SequencePoints>
              <BranchPoints />
              <MethodPoint xsi:type="SequencePoint" vc="3" uspid="522" ordinal="0" offset="0" sl="88" sc="9" el="88" ec="35" bec="0" bev="0" fileid="4" />
            </Method>
            <Method visited="true" cyclomaticComplexity="1" nPathComplexity="0" sequenceCoverage="100" branchCoverage="100" crapScore="1" isConstructor="true" isStatic="false" isGetter="false" isSetter="false">
              <Summary numSequencePoints="6" visitedSequencePoints="6" numBranchPoints="1" visitedBranchPoints="1" sequenceCoverage="100" branchCoverage="100" maxCyclomaticComplexity="1" minCyclomaticComplexity="1" maxCrapScore="1" minCrapScore="1" visitedClasses="0" numClasses="0" visitedMethods="1" numMethods="1" />
              <MetadataToken>100663317</MetadataToken>
              <Name>System.Void Lib.Money::.ctor(System.Int32,System.Int32)</Name>
              <FileRef uid="4" />
              <SequencePoints>
                <SequencePoint vc="39" uspid="529" ordinal="0" offset="0" sl="96" sc="9" el="96" ec="45" bec="0" bev="0" fileid="4" />
                <SequencePoint vc="39" uspid="530" ordinal="1" offset="7" sl="97" sc="9" el="97" ec="10" bec="0" bev="0" fileid="4" />
                <SequencePoint vc="39" uspid="531" ordinal="2" offset="8" sl="98" sc="13" el="98" ec="21" bec="0" bev="0" fileid="4" />
                <SequencePoint vc="39" uspid="532" ordinal="3" offset="20" sl="99" sc="13" el="99" ec="34" bec="0" bev="0" fileid="4" />
                <SequencePoint vc="39" uspid="533" ordinal="4" offset="28" sl="100" sc="13" el="100" ec="34" bec="0" bev="0" fileid="4" />
                <SequencePoint vc="39" uspid="534" ordinal="5" offset="36" sl="101" sc="9" el="101" ec="10" bec="0" bev="0" fileid="4" />
              </SequencePoints>
              <BranchPoints />
              <MethodPoint xsi:type="SequencePoint" vc="39" uspid="529" ordinal="0" offset="0" sl="96" sc="9" el="96" ec="45" bec="0" bev="0" fileid="4" />
            </Method>
            <Method visited="true" cyclomaticComplexity="1" nPathComplexity="0" sequenceCoverage="100" branchCoverage="100" crapScore="1" isConstructor="false" isStatic="false" isGetter="false" isSetter="false">
              <Summary numSequencePoints="5" visitedSequencePoints="5" numBranchPoints="1" visitedBranchPoints="1" sequenceCoverage="100" branchCoverage="100" maxCyclomaticComplexity="1" minCyclomaticComplexity="1" maxCrapScore="1" minCrapScore="1" visitedClasses="0" numClasses="0" visitedMethods="1" numMethods="1" />
              <MetadataToken>100663318</MetadataToken>
              <Name>System.String Lib.Money::Show()</Name>
              <FileRef uid="4" />
              <SequencePoints>
                <SequencePoint vc="3" uspid="535" ordinal="0" offset="0" sl="105" sc="9" el="105" ec="10" bec="0" bev="0" fileid="4" />
                <SequencePoint vc="3" uspid="536" ordinal="1" offset="1" sl="106" sc="13" el="106" ec="77" bec="0" bev="0" fileid="4" />
                <SequencePoint vc="3" uspid="537" ordinal="2" offset="39" sl="107" sc="13" el="107" ec="71" bec="0" bev="0" fileid="4" />
                <SequencePoint vc="3" uspid="538" ordinal="3" offset="72" sl="108" sc="13" el="108" ec="24" bec="0" bev="0" fileid="4" />
                <SequencePoint vc="3" uspid="539" ordinal="4" offset="76" sl="109" sc="9" el="109" ec="10" bec="0" bev="0" fileid="4" />
              </SequencePoints>
              <BranchPoints />
              <MethodPoint xsi:type="SequencePoint" vc="3" uspid="535" ordinal="0" offset="0" sl="105" sc="9" el="105" ec="10" bec="0" bev="0" fileid="4" />
            </Method>
            <Method visited="true" cyclomaticComplexity="1" nPathComplexity="0" sequenceCoverage="100" branchCoverage="100" crapScore="1" isConstructor="false" isStatic="true" isGetter="false" isSetter="false">
              <Summary numSequencePoints="7" visitedSequencePoints="7" numBranchPoints="1" visitedBranchPoints="1" sequenceCoverage="100" branchCoverage="100" maxCyclomaticComplexity="1" minCyclomaticComplexity="1" maxCrapScore="1" minCrapScore="1" visitedClasses="0" numClasses="0" visitedMethods="1" numMethods="1" />
              <MetadataToken>100663319</MetadataToken>
              <Name>Lib.Money Lib.Money::op_Subtraction(Lib.Money,System.Int32)</Name>
              <FileRef uid="4" />
              <SequencePoints>
                <SequencePoint vc="3" uspid="540" ordinal="0" offset="0" sl="113" sc="9" el="113" ec="10" bec="0" bev="0" fileid="4" />
                <SequencePoint vc="3" uspid="541" ordinal="1" offset="1" sl="114" sc="13" el="114" ec="49" bec="0" bev="0" fileid="4" />
                <SequencePoint vc="3" uspid="542" ordinal="2" offset="18" sl="115" sc="13" el="115" ec="22" bec="0" bev="0" fileid="4" />
                <SequencePoint vc="3" uspid="543" ordinal="3" offset="22" sl="116" sc="13" el="116" ec="26" bec="0" bev="0" fileid="4" />
                <SequencePoint vc="3" uspid="544" ordinal="4" offset="30" sl="117" sc="13" el="117" ec="28" bec="0" bev="0" fileid="4" />
                <SequencePoint vc="3" uspid="545" ordinal="5" offset="38" sl="118" sc="13" el="118" ec="22" bec="0" bev="0" fileid="4" />
                <SequencePoint vc="3" uspid="546" ordinal="6" offset="42" sl="119" sc="9" el="119" ec="10" bec="0" bev="0" fileid="4" />
              </SequencePoints>
              <BranchPoints />
              <MethodPoint xsi:type="SequencePoint" vc="3" uspid="540" ordinal="0" offset="0" sl="113" sc="9" el="113" ec="10" bec="0" bev="0" fileid="4" />
            </Method>
            <Method visited="true" cyclomaticComplexity="1" nPathComplexity="0" sequenceCoverage="100" branchCoverage="100" crapScore="1" isConstructor="false" isStatic="true" isGetter="false" isSetter="false">
              <Summary numSequencePoints="8" visitedSequencePoints="8" numBranchPoints="1" visitedBranchPoints="1" sequenceCoverage="100" branchCoverage="100" maxCyclomaticComplexity="1" minCyclomaticComplexity="1" maxCrapScore="1" minCrapScore="1" visitedClasses="0" numClasses="0" visitedMethods="1" numMethods="1" />
              <MetadataToken>100663320</MetadataToken>
              <Name>Lib.Money Lib.Money::op_Subtraction(Lib.Money,Lib.Money)</Name>
              <FileRef uid="4" />
              <SequencePoints>
                <SequencePoint vc="2" uspid="547" ordinal="0" offset="0" sl="123" sc="9" el="123" ec="10" bec="0" bev="0" fileid="4" />
                <SequencePoint vc="2" uspid="548" ordinal="1" offset="1" sl="124" sc="13" el="124" ec="50" bec="0" bev="0" fileid="4" />
                <SequencePoint vc="2" uspid="549" ordinal="2" offset="18" sl="125" sc="13" el="125" ec="50" bec="0" bev="0" fileid="4" />
                <SequencePoint vc="2" uspid="550" ordinal="3" offset="35" sl="126" sc="13" el="126" ec="26" bec="0" bev="0" fileid="4" />
                <SequencePoint vc="2" uspid="551" ordinal="4" offset="39" sl="127" sc="13" el="127" ec="26" bec="0" bev="0" fileid="4" />
                <SequencePoint vc="2" uspid="552" ordinal="5" offset="47" sl="128" sc="13" el="128" ec="29" bec="0" bev="0" fileid="4" />
                <SequencePoint vc="2" uspid="553" ordinal="6" offset="55" sl="129" sc="13" el="129" ec="22" bec="0" bev="0" fileid="4" />
                <SequencePoint vc="2" uspid="554" ordinal="7" offset="59" sl="130" sc="9" el="130" ec="10" bec="0" bev="0" fileid="4" />
              </SequencePoints>
              <BranchPoints />
              <MethodPoint xsi:type="SequencePoint" vc="2" uspid="547" ordinal="0" offset="0" sl="123" sc="9" el="123" ec="10" bec="0" bev="0" fileid="4" />
            </Method>
            <Method visited="true" cyclomaticComplexity="1" nPathComplexity="0" sequenceCoverage="100" branchCoverage="100" crapScore="1" isConstructor="false" isStatic="true" isGetter="false" isSetter="false">
              <Summary numSequencePoints="4" visitedSequencePoints="4" numBranchPoints="1" visitedBranchPoints="1" sequenceCoverage="100" branchCoverage="100" maxCyclomaticComplexity="1" minCyclomaticComplexity="1" maxCrapScore="1" minCrapScore="1" visitedClasses="0" numClasses="0" visitedMethods="1" numMethods="1" />
              <MetadataToken>100663321</MetadataToken>
              <Name>Lib.Money Lib.Money::op_Increment(Lib.Money)</Name>
              <FileRef uid="4" />
              <SequencePoints>
                <SequencePoint vc="4" uspid="555" ordinal="0" offset="0" sl="133" sc="9" el="133" ec="10" bec="0" bev="0" fileid="4" />
                <SequencePoint vc="4" uspid="556" ordinal="1" offset="1" sl="134" sc="13" el="134" ec="24" bec="0" bev="0" fileid="4" />
                <SequencePoint vc="4" uspid="557" ordinal="2" offset="18" sl="135" sc="13" el="135" ec="22" bec="0" bev="0" fileid="4" />
                <SequencePoint vc="4" uspid="558" ordinal="3" offset="22" sl="136" sc="9" el="136" ec="10" bec="0" bev="0" fileid="4" />
              </SequencePoints>
              <BranchPoints />
              <MethodPoint xsi:type="SequencePoint" vc="4" uspid="555" ordinal="0" offset="0" sl="133" sc="9" el="133" ec="10" bec="0" bev="0" fileid="4" />
            </Method>
            <Method visited="true" cyclomaticComplexity="3" nPathComplexity="4" sequenceCoverage="100" branchCoverage="100" crapScore="3" isConstructor="false" isStatic="true" isGetter="false" isSetter="false">
              <Summary numSequencePoints="18" visitedSequencePoints="18" numBranchPoints="5" visitedBranchPoints="5" sequenceCoverage="100" branchCoverage="100" maxCyclomaticComplexity="3" minCyclomaticComplexity="3" maxCrapScore="3" minCrapScore="3" visitedClasses="0" numClasses="0" visitedMethods="1" numMethods="1" />
              <MetadataToken>100663322</MetadataToken>
              <Name>Lib.Money Lib.Money::op_Decrement(Lib.Money)</Name>
              <FileRef uid="4" />
              <SequencePoints>
                <SequencePoint vc="5" uspid="559" ordinal="0" offset="0" sl="139" sc="9" el="139" ec="10" bec="0" bev="0" fileid="4" />
                <SequencePoint vc="5" uspid="560" ordinal="1" offset="1" sl="140" sc="13" el="140" ec="31" bec="2" bev="2" fileid="4" />
                <SequencePoint vc="3" uspid="561" ordinal="2" offset="14" sl="141" sc="13" el="141" ec="14" bec="0" bev="0" fileid="4" />
                <SequencePoint vc="3" uspid="562" ordinal="3" offset="15" sl="142" sc="17" el="142" ec="35" bec="2" bev="2" fileid="4" />
                <SequencePoint vc="2" uspid="563" ordinal="4" offset="28" sl="143" sc="17" el="143" ec="18" bec="0" bev="0" fileid="4" />
                <SequencePoint vc="2" uspid="564" ordinal="5" offset="29" sl="144" sc="21" el="144" ec="35" bec="0" bev="0" fileid="4" />
                <SequencePoint vc="2" uspid="565" ordinal="6" offset="38" sl="145" sc="21" el="145" ec="32" bec="0" bev="0" fileid="4" />
                <SequencePoint vc="2" uspid="566" ordinal="7" offset="55" sl="146" sc="17" el="146" ec="18" bec="0" bev="0" fileid="4" />
                <SequencePoint vc="1" uspid="567" ordinal="8" offset="58" sl="148" sc="17" el="148" ec="18" bec="0" bev="0" fileid="4" />
                <SequencePoint vc="1" uspid="568" ordinal="9" offset="59" sl="149" sc="21" el="149" ec="34" bec="0" bev="0" fileid="4" />
                <SequencePoint vc="1" uspid="569" ordinal="10" offset="67" sl="150" sc="21" el="150" ec="34" bec="0" bev="0" fileid="4" />
                <SequencePoint vc="1" uspid="570" ordinal="11" offset="75" sl="151" sc="17" el="151" ec="18" bec="0" bev="0" fileid="4" />
                <SequencePoint vc="3" uspid="571" ordinal="12" offset="76" sl="152" sc="13" el="152" ec="14" bec="0" bev="0" fileid="4" />
                <SequencePoint vc="2" uspid="572" ordinal="13" offset="79" sl="154" sc="13" el="154" ec="14" bec="0" bev="0" fileid="4" />
                <SequencePoint vc="2" uspid="573" ordinal="14" offset="80" sl="155" sc="17" el="155" ec="28" bec="0" bev="0" fileid="4" />
                <SequencePoint vc="2" uspid="574" ordinal="15" offset="97" sl="156" sc="13" el="156" ec="14" bec="0" bev="0" fileid="4" />
                <SequencePoint vc="5" uspid="575" ordinal="16" offset="98" sl="157" sc="13" el="157" ec="22" bec="0" bev="0" fileid="4" />
                <SequencePoint vc="5" uspid="576" ordinal="17" offset="102" sl="158" sc="9" el="158" ec="10" bec="0" bev="0" fileid="4" />
              </SequencePoints>
              <BranchPoints>
                <BranchPoint vc="3" uspid="577" ordinal="0" offset="12" sl="140" path="0" offsetend="14" fileid="4" />
                <BranchPoint vc="2" uspid="578" ordinal="1" offset="12" sl="140" path="1" offsetend="79" fileid="4" />
                <BranchPoint vc="2" uspid="579" ordinal="2" offset="26" sl="142" path="0" offsetend="28" fileid="4" />
                <BranchPoint vc="1" uspid="580" ordinal="3" offset="26" sl="142" path="1" offsetend="58" fileid="4" />
              </BranchPoints>
              <MethodPoint xsi:type="SequencePoint" vc="5" uspid="559" ordinal="0" offset="0" sl="139" sc="9" el="139" ec="10" bec="0" bev="0" fileid="4" />
            </Method>
            <Method visited="true" cyclomaticComplexity="1" nPathComplexity="0" sequenceCoverage="100" branchCoverage="100" crapScore="1" isConstructor="false" isStatic="true" isGetter="false" isSetter="false">
              <Summary numSequencePoints="3" visitedSequencePoints="3" numBranchPoints="1" visitedBranchPoints="1" sequenceCoverage="100" branchCoverage="100" maxCyclomaticComplexity="1" minCyclomaticComplexity="1" maxCrapScore="1" minCrapScore="1" visitedClasses="0" numClasses="0" visitedMethods="1" numMethods="1" />
              <MetadataToken>100663323</MetadataToken>
              <Name>System.Int32 Lib.Money::op_Implicit(Lib.Money)</Name>
              <FileRef uid="4" />
              <SequencePoints>
                <SequencePoint vc="1" uspid="581" ordinal="0" offset="0" sl="162" sc="9" el="162" ec="10" bec="0" bev="0" fileid="4" />
                <SequencePoint vc="1" uspid="582" ordinal="1" offset="1" sl="163" sc="13" el="163" ec="29" bec="0" bev="0" fileid="4" />
                <SequencePoint vc="1" uspid="583" ordinal="2" offset="10" sl="164" sc="9" el="164" ec="10" bec="0" bev="0" fileid="4" />
              </SequencePoints>
              <BranchPoints />
              <MethodPoint xsi:type="SequencePoint" vc="1" uspid="581" ordinal="0" offset="0" sl="162" sc="9" el="162" ec="10" bec="0" bev="0" fileid="4" />
            </Method>
            <Method visited="true" cyclomaticComplexity="1" nPathComplexity="0" sequenceCoverage="100" branchCoverage="100" crapScore="1" isConstructor="false" isStatic="true" isGetter="false" isSetter="false">
              <Summary numSequencePoints="4" visitedSequencePoints="4" numBranchPoints="1" visitedBranchPoints="1" sequenceCoverage="100" branchCoverage="100" maxCyclomaticComplexity="1" minCyclomaticComplexity="1" maxCrapScore="1" minCrapScore="1" visitedClasses="0" numClasses="0" visitedMethods="1" numMethods="1" />
              <MetadataToken>100663324</MetadataToken>
              <Name>System.Double Lib.Money::op_Explicit(Lib.Money)</Name>
              <FileRef uid="4" />
              <SequencePoints>
                <SequencePoint vc="1" uspid="584" ordinal="0" offset="0" sl="167" sc="9" el="167" ec="10" bec="0" bev="0" fileid="4" />
                <SequencePoint vc="1" uspid="585" ordinal="1" offset="1" sl="168" sc="13" el="168" ec="49" bec="0" bev="0" fileid="4" />
                <SequencePoint vc="1" uspid="586" ordinal="2" offset="19" sl="169" sc="13" el="169" ec="24" bec="0" bev="0" fileid="4" />
                <SequencePoint vc="1" uspid="587" ordinal="3" offset="23" sl="170" sc="9" el="170" ec="10" bec="0" bev="0" fileid="4" />
              </SequencePoints>
              <BranchPoints />
              <MethodPoint xsi:type="SequencePoint" vc="1" uspid="584" ordinal="0" offset="0" sl="167" sc="9" el="167" ec="10" bec="0" bev="0" fileid="4" />
            </Method>
            <Method visited="true" cyclomaticComplexity="3" nPathComplexity="4" sequenceCoverage="100" branchCoverage="80" crapScore="3" isConstructor="false" isStatic="false" isGetter="false" isSetter="false">
              <Summary numSequencePoints="7" visitedSequencePoints="7" numBranchPoints="5" visitedBranchPoints="4" sequenceCoverage="100" branchCoverage="80" maxCyclomaticComplexity="3" minCyclomaticComplexity="3" maxCrapScore="3" minCrapScore="3" visitedClasses="0" numClasses="0" visitedMethods="1" numMethods="1" />
              <MetadataToken>100663325</MetadataToken>
              <Name>System.Boolean Lib.Money::Equals(System.Object)</Name>
              <FileRef uid="4" />
              <SequencePoints>
                <SequencePoint vc="2" uspid="588" ordinal="0" offset="0" sl="173" sc="9" el="173" ec="10" bec="0" bev="0" fileid="4" />
                <SequencePoint vc="2" uspid="589" ordinal="1" offset="1" sl="174" sc="13" el="174" ec="29" bec="2" bev="2" fileid="4" />
                <SequencePoint vc="1" uspid="590" ordinal="2" offset="14" sl="175" sc="13" el="175" ec="14" bec="0" bev="0" fileid="4" />
                <SequencePoint vc="1" uspid="591" ordinal="3" offset="15" sl="176" sc="17" el="176" ec="38" bec="0" bev="0" fileid="4" />
                <SequencePoint vc="1" uspid="592" ordinal="4" offset="22" sl="177" sc="17" el="177" ec="65" bec="2" bev="1" fileid="4" />
                <SequencePoint vc="1" uspid="593" ordinal="5" offset="56" sl="179" sc="13" el="179" ec="26" bec="0" bev="0" fileid="4" />
                <SequencePoint vc="2" uspid="594" ordinal="6" offset="60" sl="180" sc="9" el="180" ec="10" bec="0" bev="0" fileid="4" />
              </SequencePoints>
              <BranchPoints>
                <BranchPoint vc="1" uspid="595" ordinal="0" offset="12" sl="174" path="0" offsetend="14" fileid="4" />
                <BranchPoint vc="1" uspid="596" ordinal="1" offset="12" sl="174" path="1" offsetend="56" fileid="4" />
                <BranchPoint vc="1" uspid="597" ordinal="2" offset="34" sl="177" path="0" offsetend="36" fileid="4" />
                <BranchPoint vc="0" uspid="598" ordinal="3" offset="34" sl="177" path="1" offsetend="52" fileid="4" />
              </BranchPoints>
              <MethodPoint xsi:type="SequencePoint" vc="2" uspid="588" ordinal="0" offset="0" sl="173" sc="9" el="173" ec="10" bec="0" bev="0" fileid="4" />
            </Method>
          </Methods>
        </Class>
      </Classes>
    </Module>
  </Modules>
</CoverageSession>