<?xml version="1.0" encoding="utf-8"?>
<CoverageSession xmlns:xsd="http://www.w3.org/2001/XMLSchema" xmlns:xsi="http://www.w3.org/2001/XMLSchema-instance" Version="4.7.922.0">
  <Summary numSequencePoints="898" visitedSequencePoints="264" numBranchPoints="364" visitedBranchPoints="104" sequenceCoverage="29.40" branchCoverage="28.57" maxCyclomaticComplexity="12" minCyclomaticComplexity="1" maxCrapScore="156" minCrapScore="1" visitedClasses="9" numClasses="12" visitedMethods="48" numMethods="124" />
  <Modules>
    <Module hash="AF-F2-A4-C6-27-79-AA-A3-12-C6-7B-70-F7-17-9C-5F-A2-61-F7-48">
      <Summary numSequencePoints="56" visitedSequencePoints="56" numBranchPoints="6" visitedBranchPoints="6" sequenceCoverage="100" branchCoverage="100" maxCyclomaticComplexity="1" minCyclomaticComplexity="1" maxCrapScore="2" minCrapScore="1" visitedClasses="1" numClasses="1" visitedMethods="6" numMethods="6" />
      <ModulePath>D:\Code\С#\Aboba\Lab 11\TestCompareBy\bin\Debug\fine-code-coverage\build-output\TestCompareBy.dll</ModulePath>
      <ModuleTime>2021-12-24T08:36:04.2777644Z</ModuleTime>
      <ModuleName>TestCompareBy</ModuleName>
      <Files>
        <File uid="1" fullPath="D:\Code\С#\Aboba\Lab 11\TestCompareBy\UnitTest1.cs" />
      </Files>
      <Classes>
        <Class>
          <Summary numSequencePoints="56" visitedSequencePoints="56" numBranchPoints="6" visitedBranchPoints="6" sequenceCoverage="100" branchCoverage="100" maxCyclomaticComplexity="1" minCyclomaticComplexity="1" maxCrapScore="2" minCrapScore="1" visitedClasses="1" numClasses="1" visitedMethods="6" numMethods="6" />
          <FullName>TestCompareBy.UnitTest1</FullName>
          <Methods>
            <Method visited="true" cyclomaticComplexity="1" nPathComplexity="0" sequenceCoverage="100" branchCoverage="100" crapScore="1" isConstructor="false" isStatic="false" isGetter="false" isSetter="false">
              <Summary numSequencePoints="9" visitedSequencePoints="9" numBranchPoints="1" visitedBranchPoints="1" sequenceCoverage="100" branchCoverage="100" maxCyclomaticComplexity="1" minCyclomaticComplexity="1" maxCrapScore="1" minCrapScore="1" visitedClasses="0" numClasses="0" visitedMethods="1" numMethods="1" />
              <MetadataToken>100663297</MetadataToken>
              <Name>System.Void TestCompareBy.UnitTest1::TestCompareByAVGRating()</Name>
              <FileRef uid="1" />
              <SequencePoints>
                <SequencePoint vc="1" uspid="1" ordinal="0" offset="0" sl="12" sc="9" el="12" ec="10" bec="0" bev="0" fileid="1" />
                <SequencePoint vc="1" uspid="2" ordinal="1" offset="1" sl="13" sc="13" el="13" ec="59" bec="0" bev="0" fileid="1" />
                <SequencePoint vc="1" uspid="3" ordinal="2" offset="8" sl="14" sc="13" el="14" ec="45" bec="0" bev="0" fileid="1" />
                <SequencePoint vc="1" uspid="4" ordinal="3" offset="16" sl="15" sc="13" el="15" ec="43" bec="0" bev="0" fileid="1" />
                <SequencePoint vc="1" uspid="5" ordinal="4" offset="24" sl="16" sc="13" el="16" ec="42" bec="0" bev="0" fileid="1" />
                <SequencePoint vc="1" uspid="6" ordinal="5" offset="32" sl="17" sc="13" el="17" ec="89" bec="0" bev="0" fileid="1" />
                <SequencePoint vc="1" uspid="7" ordinal="6" offset="73" sl="18" sc="13" el="18" ec="114" bec="0" bev="0" fileid="1" />
                <SequencePoint vc="1" uspid="8" ordinal="7" offset="124" sl="19" sc="13" el="19" ec="62" bec="0" bev="0" fileid="1" />
                <SequencePoint vc="1" uspid="9" ordinal="8" offset="136" sl="20" sc="9" el="20" ec="10" bec="0" bev="0" fileid="1" />
              </SequencePoints>
              <BranchPoints />
              <MethodPoint xsi:type="SequencePoint" vc="1" uspid="1" ordinal="0" offset="0" sl="12" sc="9" el="12" ec="10" bec="0" bev="0" fileid="1" />
            </Method>
            <Method visited="true" cyclomaticComplexity="1" nPathComplexity="0" sequenceCoverage="100" branchCoverage="100" crapScore="1" isConstructor="false" isStatic="false" isGetter="false" isSetter="false">
              <Summary numSequencePoints="9" visitedSequencePoints="9" numBranchPoints="1" visitedBranchPoints="1" sequenceCoverage="100" branchCoverage="100" maxCyclomaticComplexity="1" minCyclomaticComplexity="1" maxCrapScore="1" minCrapScore="1" visitedClasses="0" numClasses="0" visitedMethods="1" numMethods="1" />
              <MetadataToken>100663298</MetadataToken>
              <Name>System.Void TestCompareBy.UnitTest1::TestCompareByName()</Name>
              <FileRef uid="1" />
              <SequencePoints>
                <SequencePoint vc="1" uspid="10" ordinal="0" offset="0" sl="24" sc="9" el="24" ec="10" bec="0" bev="0" fileid="1" />
                <SequencePoint vc="1" uspid="11" ordinal="1" offset="1" sl="25" sc="13" el="25" ec="59" bec="0" bev="0" fileid="1" />
                <SequencePoint vc="1" uspid="12" ordinal="2" offset="8" sl="26" sc="13" el="26" ec="45" bec="0" bev="0" fileid="1" />
                <SequencePoint vc="1" uspid="13" ordinal="3" offset="16" sl="27" sc="13" el="27" ec="43" bec="0" bev="0" fileid="1" />
                <SequencePoint vc="1" uspid="14" ordinal="4" offset="24" sl="28" sc="13" el="28" ec="42" bec="0" bev="0" fileid="1" />
                <SequencePoint vc="1" uspid="15" ordinal="5" offset="32" sl="29" sc="13" el="29" ec="89" bec="0" bev="0" fileid="1" />
                <SequencePoint vc="1" uspid="16" ordinal="6" offset="73" sl="30" sc="13" el="30" ec="114" bec="0" bev="0" fileid="1" />
                <SequencePoint vc="1" uspid="17" ordinal="7" offset="124" sl="31" sc="13" el="31" ec="57" bec="0" bev="0" fileid="1" />
                <SequencePoint vc="1" uspid="18" ordinal="8" offset="136" sl="32" sc="9" el="32" ec="10" bec="0" bev="0" fileid="1" />
              </SequencePoints>
              <BranchPoints />
              <MethodPoint xsi:type="SequencePoint" vc="1" uspid="10" ordinal="0" offset="0" sl="24" sc="9" el="24" ec="10" bec="0" bev="0" fileid="1" />
            </Method>
            <Method visited="true" cyclomaticComplexity="1" nPathComplexity="0" sequenceCoverage="100" branchCoverage="100" crapScore="1" isConstructor="false" isStatic="false" isGetter="false" isSetter="false">
              <Summary numSequencePoints="9" visitedSequencePoints="9" numBranchPoints="1" visitedBranchPoints="1" sequenceCoverage="100" branchCoverage="100" maxCyclomaticComplexity="1" minCyclomaticComplexity="1" maxCrapScore="1" minCrapScore="1" visitedClasses="0" numClasses="0" visitedMethods="1" numMethods="1" />
              <MetadataToken>100663299</MetadataToken>
              <Name>System.Void TestCompareBy.UnitTest1::TestCompareBySurname()</Name>
              <FileRef uid="1" />
              <SequencePoints>
                <SequencePoint vc="1" uspid="19" ordinal="0" offset="0" sl="36" sc="9" el="36" ec="10" bec="0" bev="0" fileid="1" />
                <SequencePoint vc="1" uspid="20" ordinal="1" offset="1" sl="37" sc="13" el="37" ec="59" bec="0" bev="0" fileid="1" />
                <SequencePoint vc="1" uspid="21" ordinal="2" offset="8" sl="38" sc="13" el="38" ec="45" bec="0" bev="0" fileid="1" />
                <SequencePoint vc="1" uspid="22" ordinal="3" offset="16" sl="39" sc="13" el="39" ec="43" bec="0" bev="0" fileid="1" />
                <SequencePoint vc="1" uspid="23" ordinal="4" offset="24" sl="40" sc="13" el="40" ec="42" bec="0" bev="0" fileid="1" />
                <SequencePoint vc="1" uspid="24" ordinal="5" offset="32" sl="41" sc="13" el="41" ec="89" bec="0" bev="0" fileid="1" />
                <SequencePoint vc="1" uspid="25" ordinal="6" offset="73" sl="42" sc="13" el="42" ec="114" bec="0" bev="0" fileid="1" />
                <SequencePoint vc="1" uspid="26" ordinal="7" offset="124" sl="43" sc="13" el="43" ec="60" bec="0" bev="0" fileid="1" />
                <SequencePoint vc="1" uspid="27" ordinal="8" offset="136" sl="44" sc="9" el="44" ec="10" bec="0" bev="0" fileid="1" />
              </SequencePoints>
              <BranchPoints />
              <MethodPoint xsi:type="SequencePoint" vc="1" uspid="19" ordinal="0" offset="0" sl="36" sc="9" el="36" ec="10" bec="0" bev="0" fileid="1" />
            </Method>
            <Method visited="true" cyclomaticComplexity="1" nPathComplexity="0" sequenceCoverage="100" branchCoverage="100" crapScore="1" isConstructor="false" isStatic="false" isGetter="false" isSetter="false">
              <Summary numSequencePoints="9" visitedSequencePoints="9" numBranchPoints="1" visitedBranchPoints="1" sequenceCoverage="100" branchCoverage="100" maxCyclomaticComplexity="1" minCyclomaticComplexity="1" maxCrapScore="1" minCrapScore="1" visitedClasses="0" numClasses="0" visitedMethods="1" numMethods="1" />
              <MetadataToken>100663300</MetadataToken>
              <Name>System.Void TestCompareBy.UnitTest1::TestCompareByAge()</Name>
              <FileRef uid="1" />
              <SequencePoints>
                <SequencePoint vc="1" uspid="28" ordinal="0" offset="0" sl="48" sc="9" el="48" ec="10" bec="0" bev="0" fileid="1" />
                <SequencePoint vc="1" uspid="29" ordinal="1" offset="1" sl="49" sc="13" el="49" ec="59" bec="0" bev="0" fileid="1" />
                <SequencePoint vc="1" uspid="30" ordinal="2" offset="8" sl="50" sc="13" el="50" ec="45" bec="0" bev="0" fileid="1" />
                <SequencePoint vc="1" uspid="31" ordinal="3" offset="16" sl="51" sc="13" el="51" ec="43" bec="0" bev="0" fileid="1" />
                <SequencePoint vc="1" uspid="32" ordinal="4" offset="24" sl="52" sc="13" el="52" ec="42" bec="0" bev="0" fileid="1" />
                <SequencePoint vc="1" uspid="33" ordinal="5" offset="32" sl="53" sc="13" el="53" ec="89" bec="0" bev="0" fileid="1" />
                <SequencePoint vc="1" uspid="34" ordinal="6" offset="73" sl="54" sc="13" el="54" ec="114" bec="0" bev="0" fileid="1" />
                <SequencePoint vc="1" uspid="35" ordinal="7" offset="124" sl="55" sc="13" el="55" ec="56" bec="0" bev="0" fileid="1" />
                <SequencePoint vc="1" uspid="36" ordinal="8" offset="136" sl="56" sc="9" el="56" ec="10" bec="0" bev="0" fileid="1" />
              </SequencePoints>
              <BranchPoints />
              <MethodPoint xsi:type="SequencePoint" vc="1" uspid="28" ordinal="0" offset="0" sl="48" sc="9" el="48" ec="10" bec="0" bev="0" fileid="1" />
            </Method>
            <Method visited="true" cyclomaticComplexity="1" nPathComplexity="0" sequenceCoverage="100" branchCoverage="100" crapScore="1" isConstructor="false" isStatic="false" isGetter="false" isSetter="false">
              <Summary numSequencePoints="10" visitedSequencePoints="10" numBranchPoints="1" visitedBranchPoints="1" sequenceCoverage="100" branchCoverage="100" maxCyclomaticComplexity="1" minCyclomaticComplexity="1" maxCrapScore="1" minCrapScore="1" visitedClasses="0" numClasses="0" visitedMethods="1" numMethods="1" />
              <MetadataToken>100663301</MetadataToken>
              <Name>System.Void TestCompareBy.UnitTest1::TestCompareByPerson()</Name>
              <FileRef uid="1" />
              <SequencePoints>
                <SequencePoint vc="1" uspid="37" ordinal="0" offset="0" sl="60" sc="9" el="60" ec="10" bec="0" bev="0" fileid="1" />
                <SequencePoint vc="1" uspid="38" ordinal="1" offset="1" sl="61" sc="13" el="61" ec="59" bec="0" bev="0" fileid="1" />
                <SequencePoint vc="1" uspid="39" ordinal="2" offset="8" sl="62" sc="13" el="62" ec="45" bec="0" bev="0" fileid="1" />
                <SequencePoint vc="1" uspid="40" ordinal="3" offset="16" sl="63" sc="13" el="63" ec="43" bec="0" bev="0" fileid="1" />
                <SequencePoint vc="1" uspid="41" ordinal="4" offset="24" sl="64" sc="13" el="64" ec="42" bec="0" bev="0" fileid="1" />
                <SequencePoint vc="1" uspid="42" ordinal="5" offset="32" sl="65" sc="13" el="65" ec="89" bec="0" bev="0" fileid="1" />
                <SequencePoint vc="1" uspid="43" ordinal="6" offset="73" sl="66" sc="13" el="66" ec="114" bec="0" bev="0" fileid="1" />
                <SequencePoint vc="1" uspid="44" ordinal="7" offset="124" sl="67" sc="13" el="67" ec="116" bec="0" bev="0" fileid="1" />
                <SequencePoint vc="1" uspid="45" ordinal="8" offset="173" sl="68" sc="13" el="68" ec="76" bec="0" bev="0" fileid="1" />
                <SequencePoint vc="1" uspid="46" ordinal="9" offset="186" sl="69" sc="9" el="69" ec="10" bec="0" bev="0" fileid="1" />
              </SequencePoints>
              <BranchPoints />
              <MethodPoint xsi:type="SequencePoint" vc="1" uspid="37" ordinal="0" offset="0" sl="60" sc="9" el="60" ec="10" bec="0" bev="0" fileid="1" />
            </Method>
            <Method visited="true" cyclomaticComplexity="1" nPathComplexity="0" sequenceCoverage="100" branchCoverage="100" crapScore="1" isConstructor="false" isStatic="false" isGetter="false" isSetter="false">
              <Summary numSequencePoints="10" visitedSequencePoints="10" numBranchPoints="1" visitedBranchPoints="1" sequenceCoverage="100" branchCoverage="100" maxCyclomaticComplexity="1" minCyclomaticComplexity="1" maxCrapScore="1" minCrapScore="1" visitedClasses="0" numClasses="0" visitedMethods="1" numMethods="1" />
              <MetadataToken>100663302</MetadataToken>
              <Name>System.Void TestCompareBy.UnitTest1::TestCompareByPersonError()</Name>
              <FileRef uid="1" />
              <SequencePoints>
                <SequencePoint vc="1" uspid="47" ordinal="0" offset="0" sl="73" sc="9" el="73" ec="10" bec="0" bev="0" fileid="1" />
                <SequencePoint vc="1" uspid="48" ordinal="1" offset="1" sl="74" sc="13" el="74" ec="59" bec="0" bev="0" fileid="1" />
                <SequencePoint vc="1" uspid="49" ordinal="2" offset="8" sl="75" sc="13" el="75" ec="45" bec="0" bev="0" fileid="1" />
                <SequencePoint vc="1" uspid="50" ordinal="3" offset="16" sl="76" sc="13" el="76" ec="43" bec="0" bev="0" fileid="1" />
                <SequencePoint vc="1" uspid="51" ordinal="4" offset="24" sl="77" sc="13" el="77" ec="42" bec="0" bev="0" fileid="1" />
                <SequencePoint vc="1" uspid="52" ordinal="5" offset="32" sl="78" sc="13" el="78" ec="89" bec="0" bev="0" fileid="1" />
                <SequencePoint vc="1" uspid="53" ordinal="6" offset="73" sl="79" sc="13" el="79" ec="114" bec="0" bev="0" fileid="1" />
                <SequencePoint vc="1" uspid="54" ordinal="7" offset="124" sl="80" sc="13" el="80" ec="108" bec="0" bev="0" fileid="1" />
                <SequencePoint vc="1" uspid="55" ordinal="8" offset="173" sl="81" sc="13" el="81" ec="76" bec="0" bev="0" fileid="1" />
                <SequencePoint vc="1" uspid="56" ordinal="9" offset="186" sl="82" sc="9" el="82" ec="10" bec="0" bev="0" fileid="1" />
              </SequencePoints>
              <BranchPoints />
              <MethodPoint xsi:type="SequencePoint" vc="1" uspid="47" ordinal="0" offset="0" sl="73" sc="9" el="73" ec="10" bec="0" bev="0" fileid="1" />
            </Method>
            <Method visited="false" cyclomaticComplexity="1" nPathComplexity="0" sequenceCoverage="0" branchCoverage="0" crapScore="2" isConstructor="true" isStatic="false" isGetter="false" isSetter="false">
              <Summary numSequencePoints="0" visitedSequencePoints="0" numBranchPoints="0" visitedBranchPoints="0" sequenceCoverage="0" branchCoverage="0" maxCyclomaticComplexity="1" minCyclomaticComplexity="1" maxCrapScore="2" minCrapScore="2" visitedClasses="0" numClasses="0" visitedMethods="0" numMethods="0" />
              <MetadataToken>100663303</MetadataToken>
              <Name>System.Void TestCompareBy.UnitTest1::.ctor()</Name>
              <SequencePoints />
              <BranchPoints />
              <MethodPoint vc="0" uspid="57" ordinal="0" offset="0" />
            </Method>
          </Methods>
        </Class>
      </Classes>
    </Module>
    <Module hash="19-5C-F7-84-6D-0F-DE-7F-C9-EA-7A-16-CE-B0-BE-FE-C9-4B-BA-1A">
      <Summary numSequencePoints="842" visitedSequencePoints="208" numBranchPoints="358" visitedBranchPoints="98" sequenceCoverage="24.70" branchCoverage="27.37" maxCyclomaticComplexity="12" minCyclomaticComplexity="1" maxCrapScore="156" minCrapScore="1" visitedClasses="8" numClasses="11" visitedMethods="42" numMethods="118" />
      <ModulePath>D:\Code\С#\Aboba\Lab 11\TestCompareBy\bin\Debug\fine-code-coverage\build-output\Lib.dll</ModulePath>
      <ModuleTime>2021-12-24T08:36:01.7009355Z</ModuleTime>
      <ModuleName>Lib</ModuleName>
      <Files>
        <File uid="3" fullPath="D:\Code\С#\Aboba\Lab 11\Lib\CompareBy.cs" />
        <File uid="8" fullPath="D:\Code\С#\Aboba\Lab 11\Lib\Options.cs" />
        <File uid="9" fullPath="D:\Code\С#\Aboba\Lab 11\Lib\PartTimeStudent.cs" />
        <File uid="10" fullPath="D:\Code\С#\Aboba\Lab 11\Lib\Person.cs" />
        <File uid="11" fullPath="D:\Code\С#\Aboba\Lab 11\Lib\Schoolboy.cs" />
        <File uid="12" fullPath="D:\Code\С#\Aboba\Lab 11\Lib\Student.cs" />
        <File uid="13" fullPath="D:\Code\С#\Aboba\Lab 11\Lib\TestCollections.cs" />
      </Files>
      <Classes>
        <Class>
          <Summary numSequencePoints="9" visitedSequencePoints="9" numBranchPoints="5" visitedBranchPoints="5" sequenceCoverage="100" branchCoverage="100" maxCyclomaticComplexity="3" minCyclomaticComplexity="1" maxCrapScore="3" minCrapScore="2" visitedClasses="1" numClasses="1" visitedMethods="1" numMethods="1" />
          <FullName>Lib.CompareByAVGRating</FullName>
          <Methods>
            <Method visited="true" cyclomaticComplexity="3" nPathComplexity="4" sequenceCoverage="100" branchCoverage="100" crapScore="3" isConstructor="false" isStatic="false" isGetter="false" isSetter="false">
              <Summary numSequencePoints="9" visitedSequencePoints="9" numBranchPoints="5" visitedBranchPoints="5" sequenceCoverage="100" branchCoverage="100" maxCyclomaticComplexity="3" minCyclomaticComplexity="3" maxCrapScore="3" minCrapScore="3" visitedClasses="0" numClasses="0" visitedMethods="1" numMethods="1" />
              <MetadataToken>100663297</MetadataToken>
              <Name>System.Int32 Lib.CompareByAVGRating::Compare(System.Object,System.Object)</Name>
              <FileRef uid="3" />
              <SequencePoints>
                <SequencePoint vc="5" uspid="58" ordinal="0" offset="0" sl="13" sc="9" el="13" ec="10" bec="0" bev="0" fileid="3" />
                <SequencePoint vc="5" uspid="59" ordinal="1" offset="1" sl="14" sc="13" el="14" ec="35" bec="0" bev="0" fileid="3" />
                <SequencePoint vc="5" uspid="60" ordinal="2" offset="8" sl="15" sc="13" el="15" ec="35" bec="0" bev="0" fileid="3" />
                <SequencePoint vc="5" uspid="61" ordinal="3" offset="15" sl="17" sc="13" el="17" ec="45" bec="2" bev="2" fileid="3" />
                <SequencePoint vc="1" uspid="62" ordinal="4" offset="33" sl="18" sc="17" el="18" ec="27" bec="0" bev="0" fileid="3" />
                <SequencePoint vc="4" uspid="63" ordinal="5" offset="37" sl="19" sc="18" el="19" ec="50" bec="2" bev="2" fileid="3" />
                <SequencePoint vc="2" uspid="64" ordinal="6" offset="57" sl="20" sc="17" el="20" ec="26" bec="0" bev="0" fileid="3" />
                <SequencePoint vc="2" uspid="65" ordinal="7" offset="61" sl="22" sc="17" el="22" ec="26" bec="0" bev="0" fileid="3" />
                <SequencePoint vc="5" uspid="66" ordinal="8" offset="65" sl="24" sc="9" el="24" ec="10" bec="0" bev="0" fileid="3" />
              </SequencePoints>
              <BranchPoints>
                <BranchPoint vc="1" uspid="67" ordinal="0" offset="31" sl="17" path="0" offsetend="33" fileid="3" />
                <BranchPoint vc="4" uspid="68" ordinal="1" offset="31" sl="17" path="1" offsetend="37" fileid="3" />
                <BranchPoint vc="2" uspid="69" ordinal="2" offset="55" sl="19" path="0" offsetend="57" fileid="3" />
                <BranchPoint vc="2" uspid="70" ordinal="3" offset="55" sl="19" path="1" offsetend="61" fileid="3" />
              </BranchPoints>
              <MethodPoint xsi:type="SequencePoint" vc="5" uspid="58" ordinal="0" offset="0" sl="13" sc="9" el="13" ec="10" bec="0" bev="0" fileid="3" />
            </Method>
            <Method visited="false" cyclomaticComplexity="1" nPathComplexity="0" sequenceCoverage="0" branchCoverage="0" crapScore="2" isConstructor="true" isStatic="false" isGetter="false" isSetter="false">
              <Summary numSequencePoints="0" visitedSequencePoints="0" numBranchPoints="0" visitedBranchPoints="0" sequenceCoverage="0" branchCoverage="0" maxCyclomaticComplexity="1" minCyclomaticComplexity="1" maxCrapScore="2" minCrapScore="2" visitedClasses="0" numClasses="0" visitedMethods="0" numMethods="0" />
              <MetadataToken>100663298</MetadataToken>
              <Name>System.Void Lib.CompareByAVGRating::.ctor()</Name>
              <SequencePoints />
              <BranchPoints />
              <MethodPoint vc="0" uspid="71" ordinal="0" offset="0" />
            </Method>
          </Methods>
        </Class>
        <Class>
          <Summary numSequencePoints="5" visitedSequencePoints="5" numBranchPoints="1" visitedBranchPoints="1" sequenceCoverage="100" branchCoverage="100" maxCyclomaticComplexity="1" minCyclomaticComplexity="1" maxCrapScore="2" minCrapScore="1" visitedClasses="1" numClasses="1" visitedMethods="1" numMethods="1" />
          <FullName>Lib.CompareByName</FullName>
          <Methods>
            <Method visited="true" cyclomaticComplexity="1" nPathComplexity="0" sequenceCoverage="100" branchCoverage="100" crapScore="1" isConstructor="false" isStatic="false" isGetter="false" isSetter="false">
              <Summary numSequencePoints="5" visitedSequencePoints="5" numBranchPoints="1" visitedBranchPoints="1" sequenceCoverage="100" branchCoverage="100" maxCyclomaticComplexity="1" minCyclomaticComplexity="1" maxCrapScore="1" minCrapScore="1" visitedClasses="0" numClasses="0" visitedMethods="1" numMethods="1" />
              <MetadataToken>100663299</MetadataToken>
              <Name>System.Int32 Lib.CompareByName::Compare(System.Object,System.Object)</Name>
              <FileRef uid="3" />
              <SequencePoints>
                <SequencePoint vc="9" uspid="72" ordinal="0" offset="0" sl="29" sc="9" el="29" ec="10" bec="0" bev="0" fileid="3" />
                <SequencePoint vc="9" uspid="73" ordinal="1" offset="1" sl="30" sc="13" el="30" ec="35" bec="0" bev="0" fileid="3" />
                <SequencePoint vc="9" uspid="74" ordinal="2" offset="8" sl="31" sc="13" el="31" ec="35" bec="0" bev="0" fileid="3" />
                <SequencePoint vc="9" uspid="75" ordinal="3" offset="15" sl="33" sc="13" el="33" ec="53" bec="0" bev="0" fileid="3" />
                <SequencePoint vc="9" uspid="76" ordinal="4" offset="35" sl="35" sc="9" el="35" ec="10" bec="0" bev="0" fileid="3" />
              </SequencePoints>
              <BranchPoints />
              <MethodPoint xsi:type="SequencePoint" vc="9" uspid="72" ordinal="0" offset="0" sl="29" sc="9" el="29" ec="10" bec="0" bev="0" fileid="3" />
            </Method>
            <Method visited="false" cyclomaticComplexity="1" nPathComplexity="0" sequenceCoverage="0" branchCoverage="0" crapScore="2" isConstructor="true" isStatic="false" isGetter="false" isSetter="false">
              <Summary numSequencePoints="0" visitedSequencePoints="0" numBranchPoints="0" visitedBranchPoints="0" sequenceCoverage="0" branchCoverage="0" maxCyclomaticComplexity="1" minCyclomaticComplexity="1" maxCrapScore="2" minCrapScore="2" visitedClasses="0" numClasses="0" visitedMethods="0" numMethods="0" />
              <MetadataToken>100663300</MetadataToken>
              <Name>System.Void Lib.CompareByName::.ctor()</Name>
              <SequencePoints />
              <BranchPoints />
              <MethodPoint vc="0" uspid="77" ordinal="0" offset="0" />
            </Method>
          </Methods>
        </Class>
        <Class>
          <Summary numSequencePoints="5" visitedSequencePoints="5" numBranchPoints="1" visitedBranchPoints="1" sequenceCoverage="100" branchCoverage="100" maxCyclomaticComplexity="1" minCyclomaticComplexity="1" maxCrapScore="2" minCrapScore="1" visitedClasses="1" numClasses="1" visitedMethods="1" numMethods="1" />
          <FullName>Lib.CompareBySurname</FullName>
          <Methods>
            <Method visited="true" cyclomaticComplexity="1" nPathComplexity="0" sequenceCoverage="100" branchCoverage="100" crapScore="1" isConstructor="false" isStatic="false" isGetter="false" isSetter="false">
              <Summary numSequencePoints="5" visitedSequencePoints="5" numBranchPoints="1" visitedBranchPoints="1" sequenceCoverage="100" branchCoverage="100" maxCyclomaticComplexity="1" minCyclomaticComplexity="1" maxCrapScore="1" minCrapScore="1" visitedClasses="0" numClasses="0" visitedMethods="1" numMethods="1" />
              <MetadataToken>100663301</MetadataToken>
              <Name>System.Int32 Lib.CompareBySurname::Compare(System.Object,System.Object)</Name>
              <FileRef uid="3" />
              <SequencePoints>
                <SequencePoint vc="9" uspid="78" ordinal="0" offset="0" sl="40" sc="9" el="40" ec="10" bec="0" bev="0" fileid="3" />
                <SequencePoint vc="9" uspid="79" ordinal="1" offset="1" sl="41" sc="13" el="41" ec="35" bec="0" bev="0" fileid="3" />
                <SequencePoint vc="9" uspid="80" ordinal="2" offset="8" sl="42" sc="13" el="42" ec="35" bec="0" bev="0" fileid="3" />
                <SequencePoint vc="9" uspid="81" ordinal="3" offset="15" sl="43" sc="13" el="43" ec="59" bec="0" bev="0" fileid="3" />
                <SequencePoint vc="9" uspid="82" ordinal="4" offset="35" sl="44" sc="9" el="44" ec="10" bec="0" bev="0" fileid="3" />
              </SequencePoints>
              <BranchPoints />
              <MethodPoint xsi:type="SequencePoint" vc="9" uspid="78" ordinal="0" offset="0" sl="40" sc="9" el="40" ec="10" bec="0" bev="0" fileid="3" />
            </Method>
            <Method visited="false" cyclomaticComplexity="1" nPathComplexity="0" sequenceCoverage="0" branchCoverage="0" crapScore="2" isConstructor="true" isStatic="false" isGetter="false" isSetter="false">
              <Summary numSequencePoints="0" visitedSequencePoints="0" numBranchPoints="0" visitedBranchPoints="0" sequenceCoverage="0" branchCoverage="0" maxCyclomaticComplexity="1" minCyclomaticComplexity="1" maxCrapScore="2" minCrapScore="2" visitedClasses="0" numClasses="0" visitedMethods="0" numMethods="0" />
              <MetadataToken>100663302</MetadataToken>
              <Name>System.Void Lib.CompareBySurname::.ctor()</Name>
              <SequencePoints />
              <BranchPoints />
              <MethodPoint vc="0" uspid="83" ordinal="0" offset="0" />
            </Method>
          </Methods>
        </Class>
        <Class>
          <Summary numSequencePoints="9" visitedSequencePoints="9" numBranchPoints="5" visitedBranchPoints="5" sequenceCoverage="100" branchCoverage="100" maxCyclomaticComplexity="3" minCyclomaticComplexity="1" maxCrapScore="3" minCrapScore="2" visitedClasses="1" numClasses="1" visitedMethods="1" numMethods="1" />
          <FullName>Lib.CompareByAge</FullName>
          <Methods>
            <Method visited="true" cyclomaticComplexity="3" nPathComplexity="4" sequenceCoverage="100" branchCoverage="100" crapScore="3" isConstructor="false" isStatic="false" isGetter="false" isSetter="false">
              <Summary numSequencePoints="9" visitedSequencePoints="9" numBranchPoints="5" visitedBranchPoints="5" sequenceCoverage="100" branchCoverage="100" maxCyclomaticComplexity="3" minCyclomaticComplexity="3" maxCrapScore="3" minCrapScore="3" visitedClasses="0" numClasses="0" visitedMethods="1" numMethods="1" />
              <MetadataToken>100663303</MetadataToken>
              <Name>System.Int32 Lib.CompareByAge::Compare(System.Object,System.Object)</Name>
              <FileRef uid="3" />
              <SequencePoints>
                <SequencePoint vc="6" uspid="84" ordinal="0" offset="0" sl="50" sc="9" el="50" ec="10" bec="0" bev="0" fileid="3" />
                <SequencePoint vc="6" uspid="85" ordinal="1" offset="1" sl="51" sc="13" el="51" ec="35" bec="0" bev="0" fileid="3" />
                <SequencePoint vc="6" uspid="86" ordinal="2" offset="8" sl="52" sc="13" el="52" ec="35" bec="0" bev="0" fileid="3" />
                <SequencePoint vc="6" uspid="87" ordinal="3" offset="15" sl="54" sc="13" el="54" ec="33" bec="2" bev="2" fileid="3" />
                <SequencePoint vc="3" uspid="88" ordinal="4" offset="33" sl="55" sc="17" el="55" ec="27" bec="0" bev="0" fileid="3" />
                <SequencePoint vc="3" uspid="89" ordinal="5" offset="37" sl="56" sc="18" el="56" ec="38" bec="2" bev="2" fileid="3" />
                <SequencePoint vc="1" uspid="90" ordinal="6" offset="57" sl="57" sc="17" el="57" ec="26" bec="0" bev="0" fileid="3" />
                <SequencePoint vc="2" uspid="91" ordinal="7" offset="61" sl="59" sc="17" el="59" ec="26" bec="0" bev="0" fileid="3" />
                <SequencePoint vc="6" uspid="92" ordinal="8" offset="65" sl="60" sc="9" el="60" ec="10" bec="0" bev="0" fileid="3" />
              </SequencePoints>
              <BranchPoints>
                <BranchPoint vc="3" uspid="93" ordinal="0" offset="31" sl="54" path="0" offsetend="33" fileid="3" />
                <BranchPoint vc="3" uspid="94" ordinal="1" offset="31" sl="54" path="1" offsetend="37" fileid="3" />
                <BranchPoint vc="1" uspid="95" ordinal="2" offset="55" sl="56" path="0" offsetend="57" fileid="3" />
                <BranchPoint vc="2" uspid="96" ordinal="3" offset="55" sl="56" path="1" offsetend="61" fileid="3" />
              </BranchPoints>
              <MethodPoint xsi:type="SequencePoint" vc="6" uspid="84" ordinal="0" offset="0" sl="50" sc="9" el="50" ec="10" bec="0" bev="0" fileid="3" />
            </Method>
            <Method visited="false" cyclomaticComplexity="1" nPathComplexity="0" sequenceCoverage="0" branchCoverage="0" crapScore="2" isConstructor="true" isStatic="false" isGetter="false" isSetter="false">
              <Summary numSequencePoints="0" visitedSequencePoints="0" numBranchPoints="0" visitedBranchPoints="0" sequenceCoverage="0" branchCoverage="0" maxCyclomaticComplexity="1" minCyclomaticComplexity="1" maxCrapScore="2" minCrapScore="2" visitedClasses="0" numClasses="0" visitedMethods="0" numMethods="0" />
              <MetadataToken>100663304</MetadataToken>
              <Name>System.Void Lib.CompareByAge::.ctor()</Name>
              <SequencePoints />
              <BranchPoints />
              <MethodPoint vc="0" uspid="97" ordinal="0" offset="0" />
            </Method>
          </Methods>
        </Class>
        <Class>
          <Summary numSequencePoints="7" visitedSequencePoints="7" numBranchPoints="9" visitedBranchPoints="8" sequenceCoverage="100" branchCoverage="88.89" maxCyclomaticComplexity="5" minCyclomaticComplexity="1" maxCrapScore="5" minCrapScore="2" visitedClasses="1" numClasses="1" visitedMethods="1" numMethods="1" />
          <FullName>Lib.CompareByPerson</FullName>
          <Methods>
            <Method visited="true" cyclomaticComplexity="5" nPathComplexity="16" sequenceCoverage="100" branchCoverage="88.89" crapScore="5" isConstructor="false" isStatic="false" isGetter="false" isSetter="false">
              <Summary numSequencePoints="7" visitedSequencePoints="7" numBranchPoints="9" visitedBranchPoints="8" sequenceCoverage="100" branchCoverage="88.89" maxCyclomaticComplexity="5" minCyclomaticComplexity="5" maxCrapScore="5" minCrapScore="5" visitedClasses="0" numClasses="0" visitedMethods="1" numMethods="1" />
              <MetadataToken>100663305</MetadataToken>
              <Name>System.Int32 Lib.CompareByPerson::Compare(System.Object,System.Object)</Name>
              <FileRef uid="3" />
              <SequencePoints>
                <SequencePoint vc="6" uspid="98" ordinal="0" offset="0" sl="67" sc="9" el="67" ec="10" bec="0" bev="0" fileid="3" />
                <SequencePoint vc="6" uspid="99" ordinal="1" offset="1" sl="68" sc="13" el="68" ec="35" bec="0" bev="0" fileid="3" />
                <SequencePoint vc="6" uspid="100" ordinal="2" offset="8" sl="69" sc="13" el="69" ec="35" bec="0" bev="0" fileid="3" />
                <SequencePoint vc="6" uspid="101" ordinal="3" offset="15" sl="71" sc="13" el="71" ec="116" bec="6" bev="6" fileid="3" />
                <SequencePoint vc="1" uspid="102" ordinal="4" offset="93" sl="72" sc="17" el="72" ec="26" bec="0" bev="0" fileid="3" />
                <SequencePoint vc="5" uspid="103" ordinal="5" offset="97" sl="74" sc="17" el="74" ec="27" bec="0" bev="0" fileid="3" />
                <SequencePoint vc="6" uspid="104" ordinal="6" offset="101" sl="75" sc="9" el="75" ec="10" bec="0" bev="0" fileid="3" />
              </SequencePoints>
              <BranchPoints>
                <BranchPoint vc="1" uspid="105" ordinal="0" offset="32" sl="71" path="0" offsetend="34" fileid="3" />
                <BranchPoint vc="5" uspid="106" ordinal="1" offset="32" sl="71" path="1" offsetend="88" fileid="3" />
                <BranchPoint vc="1" uspid="107" ordinal="2" offset="51" sl="71" path="0" offsetend="53" fileid="3" />
                <BranchPoint vc="0" uspid="108" ordinal="3" offset="51" sl="71" path="1" offsetend="88" fileid="3" />
                <BranchPoint vc="1" uspid="109" ordinal="4" offset="70" sl="71" path="0" offsetend="72" fileid="3" />
                <BranchPoint vc="5" uspid="110" ordinal="5" offset="70" sl="71" path="1" offsetend="88" fileid="3" />
                <BranchPoint vc="1" uspid="111" ordinal="6" offset="91" sl="71" path="0" offsetend="93" fileid="3" />
                <BranchPoint vc="5" uspid="112" ordinal="7" offset="91" sl="71" path="1" offsetend="97" fileid="3" />
              </BranchPoints>
              <MethodPoint xsi:type="SequencePoint" vc="6" uspid="98" ordinal="0" offset="0" sl="67" sc="9" el="67" ec="10" bec="0" bev="0" fileid="3" />
            </Method>
            <Method visited="false" cyclomaticComplexity="1" nPathComplexity="0" sequenceCoverage="0" branchCoverage="0" crapScore="2" isConstructor="true" isStatic="false" isGetter="false" isSetter="false">
              <Summary numSequencePoints="0" visitedSequencePoints="0" numBranchPoints="0" visitedBranchPoints="0" sequenceCoverage="0" branchCoverage="0" maxCyclomaticComplexity="1" minCyclomaticComplexity="1" maxCrapScore="2" minCrapScore="2" visitedClasses="0" numClasses="0" visitedMethods="0" numMethods="0" />
              <MetadataToken>100663306</MetadataToken>
              <Name>System.Void Lib.CompareByPerson::.ctor()</Name>
              <SequencePoints />
              <BranchPoints />
              <MethodPoint vc="0" uspid="113" ordinal="0" offset="0" />
            </Method>
          </Methods>
        </Class>
        <Class>
          <Summary numSequencePoints="223" visitedSequencePoints="0" numBranchPoints="94" visitedBranchPoints="0" sequenceCoverage="0" branchCoverage="0" maxCyclomaticComplexity="12" minCyclomaticComplexity="1" maxCrapScore="156" minCrapScore="2" visitedClasses="0" numClasses="1" visitedMethods="0" numMethods="19" />
          <FullName>Lib.Options</FullName>
          <Methods>
            <Method visited="false" cyclomaticComplexity="1" nPathComplexity="0" sequenceCoverage="0" branchCoverage="0" crapScore="2" isConstructor="false" isStatic="true" isGetter="false" isSetter="false">
              <Summary numSequencePoints="10" visitedSequencePoints="0" numBranchPoints="1" visitedBranchPoints="0" sequenceCoverage="0" branchCoverage="0" maxCyclomaticComplexity="1" minCyclomaticComplexity="1" maxCrapScore="2" minCrapScore="2" visitedClasses="0" numClasses="0" visitedMethods="0" numMethods="1" />
              <MetadataToken>100663316</MetadataToken>
              <Name>System.Void Lib.Options::PrintMainMenu()</Name>
              <FileRef uid="8" />
              <SequencePoints>
                <SequencePoint vc="0" uspid="114" ordinal="0" offset="0" sl="12" sc="9" el="12" ec="10" bec="0" bev="0" fileid="8" />
                <SequencePoint vc="0" uspid="115" ordinal="1" offset="1" sl="13" sc="13" el="13" ec="54" bec="0" bev="0" fileid="8" />
                <SequencePoint vc="0" uspid="116" ordinal="2" offset="12" sl="14" sc="13" el="14" ec="66" bec="0" bev="0" fileid="8" />
                <SequencePoint vc="0" uspid="117" ordinal="3" offset="23" sl="15" sc="13" el="15" ec="65" bec="0" bev="0" fileid="8" />
                <SequencePoint vc="0" uspid="118" ordinal="4" offset="34" sl="16" sc="13" el="16" ec="65" bec="0" bev="0" fileid="8" />
                <SequencePoint vc="0" uspid="119" ordinal="5" offset="45" sl="17" sc="13" el="17" ec="61" bec="0" bev="0" fileid="8" />
                <SequencePoint vc="0" uspid="120" ordinal="6" offset="56" sl="18" sc="13" el="18" ec="62" bec="0" bev="0" fileid="8" />
                <SequencePoint vc="0" uspid="121" ordinal="7" offset="67" sl="19" sc="13" el="19" ec="43" bec="0" bev="0" fileid="8" />
                <SequencePoint vc="0" uspid="122" ordinal="8" offset="78" sl="20" sc="13" el="20" ec="42" bec="0" bev="0" fileid="8" />
                <SequencePoint vc="0" uspid="123" ordinal="9" offset="89" sl="21" sc="9" el="21" ec="10" bec="0" bev="0" fileid="8" />
              </SequencePoints>
              <BranchPoints />
              <MethodPoint xsi:type="SequencePoint" vc="0" uspid="114" ordinal="0" offset="0" sl="12" sc="9" el="12" ec="10" bec="0" bev="0" fileid="8" />
            </Method>
            <Method visited="false" cyclomaticComplexity="1" nPathComplexity="0" sequenceCoverage="0" branchCoverage="0" crapScore="2" isConstructor="false" isStatic="true" isGetter="false" isSetter="false">
              <Summary numSequencePoints="3" visitedSequencePoints="0" numBranchPoints="1" visitedBranchPoints="0" sequenceCoverage="0" branchCoverage="0" maxCyclomaticComplexity="1" minCyclomaticComplexity="1" maxCrapScore="2" minCrapScore="2" visitedClasses="0" numClasses="0" visitedMethods="0" numMethods="1" />
              <MetadataToken>100663317</MetadataToken>
              <Name>System.Void Lib.Options::PrintSubMenu1()</Name>
              <FileRef uid="8" />
              <SequencePoints>
                <SequencePoint vc="0" uspid="124" ordinal="0" offset="0" sl="24" sc="9" el="24" ec="10" bec="0" bev="0" fileid="8" />
                <SequencePoint vc="0" uspid="125" ordinal="1" offset="1" sl="25" sc="13" el="25" ec="39" bec="0" bev="0" fileid="8" />
                <SequencePoint vc="0" uspid="126" ordinal="2" offset="12" sl="26" sc="9" el="26" ec="10" bec="0" bev="0" fileid="8" />
              </SequencePoints>
              <BranchPoints />
              <MethodPoint xsi:type="SequencePoint" vc="0" uspid="124" ordinal="0" offset="0" sl="24" sc="9" el="24" ec="10" bec="0" bev="0" fileid="8" />
            </Method>
            <Method visited="false" cyclomaticComplexity="1" nPathComplexity="0" sequenceCoverage="0" branchCoverage="0" crapScore="2" isConstructor="false" isStatic="true" isGetter="false" isSetter="false">
              <Summary numSequencePoints="6" visitedSequencePoints="0" numBranchPoints="1" visitedBranchPoints="0" sequenceCoverage="0" branchCoverage="0" maxCyclomaticComplexity="1" minCyclomaticComplexity="1" maxCrapScore="2" minCrapScore="2" visitedClasses="0" numClasses="0" visitedMethods="0" numMethods="1" />
              <MetadataToken>100663318</MetadataToken>
              <Name>System.Void Lib.Options::PrintSubMenu4()</Name>
              <FileRef uid="8" />
              <SequencePoints>
                <SequencePoint vc="0" uspid="127" ordinal="0" offset="0" sl="29" sc="9" el="29" ec="10" bec="0" bev="0" fileid="8" />
                <SequencePoint vc="0" uspid="128" ordinal="1" offset="1" sl="30" sc="13" el="30" ec="68" bec="0" bev="0" fileid="8" />
                <SequencePoint vc="0" uspid="129" ordinal="2" offset="12" sl="31" sc="13" el="31" ec="71" bec="0" bev="0" fileid="8" />
                <SequencePoint vc="0" uspid="130" ordinal="3" offset="23" sl="32" sc="13" el="32" ec="43" bec="0" bev="0" fileid="8" />
                <SequencePoint vc="0" uspid="131" ordinal="4" offset="34" sl="33" sc="13" el="33" ec="42" bec="0" bev="0" fileid="8" />
                <SequencePoint vc="0" uspid="132" ordinal="5" offset="45" sl="34" sc="9" el="34" ec="10" bec="0" bev="0" fileid="8" />
              </SequencePoints>
              <BranchPoints />
              <MethodPoint xsi:type="SequencePoint" vc="0" uspid="127" ordinal="0" offset="0" sl="29" sc="9" el="29" ec="10" bec="0" bev="0" fileid="8" />
            </Method>
            <Method visited="false" cyclomaticComplexity="1" nPathComplexity="0" sequenceCoverage="0" branchCoverage="0" crapScore="2" isConstructor="false" isStatic="true" isGetter="false" isSetter="false">
              <Summary numSequencePoints="3" visitedSequencePoints="0" numBranchPoints="1" visitedBranchPoints="0" sequenceCoverage="0" branchCoverage="0" maxCyclomaticComplexity="1" minCyclomaticComplexity="1" maxCrapScore="2" minCrapScore="2" visitedClasses="0" numClasses="0" visitedMethods="0" numMethods="1" />
              <MetadataToken>100663319</MetadataToken>
              <Name>System.Void Lib.Options::PrintSubMenu5()</Name>
              <FileRef uid="8" />
              <SequencePoints>
                <SequencePoint vc="0" uspid="133" ordinal="0" offset="0" sl="37" sc="9" el="37" ec="10" bec="0" bev="0" fileid="8" />
                <SequencePoint vc="0" uspid="134" ordinal="1" offset="1" sl="38" sc="13" el="38" ec="40" bec="0" bev="0" fileid="8" />
                <SequencePoint vc="0" uspid="135" ordinal="2" offset="12" sl="39" sc="9" el="39" ec="10" bec="0" bev="0" fileid="8" />
              </SequencePoints>
              <BranchPoints />
              <MethodPoint xsi:type="SequencePoint" vc="0" uspid="133" ordinal="0" offset="0" sl="37" sc="9" el="37" ec="10" bec="0" bev="0" fileid="8" />
            </Method>
            <Method visited="false" cyclomaticComplexity="1" nPathComplexity="0" sequenceCoverage="0" branchCoverage="0" crapScore="2" isConstructor="false" isStatic="true" isGetter="false" isSetter="false">
              <Summary numSequencePoints="3" visitedSequencePoints="0" numBranchPoints="1" visitedBranchPoints="0" sequenceCoverage="0" branchCoverage="0" maxCyclomaticComplexity="1" minCyclomaticComplexity="1" maxCrapScore="2" minCrapScore="2" visitedClasses="0" numClasses="0" visitedMethods="0" numMethods="1" />
              <MetadataToken>100663320</MetadataToken>
              <Name>System.Void Lib.Options::PrintSubMenu6()</Name>
              <FileRef uid="8" />
              <SequencePoints>
                <SequencePoint vc="0" uspid="136" ordinal="0" offset="0" sl="41" sc="9" el="41" ec="10" bec="0" bev="0" fileid="8" />
                <SequencePoint vc="0" uspid="137" ordinal="1" offset="1" sl="42" sc="13" el="42" ec="45" bec="0" bev="0" fileid="8" />
                <SequencePoint vc="0" uspid="138" ordinal="2" offset="12" sl="43" sc="9" el="43" ec="10" bec="0" bev="0" fileid="8" />
              </SequencePoints>
              <BranchPoints />
              <MethodPoint xsi:type="SequencePoint" vc="0" uspid="136" ordinal="0" offset="0" sl="41" sc="9" el="41" ec="10" bec="0" bev="0" fileid="8" />
            </Method>
            <Method visited="false" cyclomaticComplexity="1" nPathComplexity="0" sequenceCoverage="0" branchCoverage="0" crapScore="2" isConstructor="false" isStatic="true" isGetter="false" isSetter="false">
              <Summary numSequencePoints="6" visitedSequencePoints="0" numBranchPoints="1" visitedBranchPoints="0" sequenceCoverage="0" branchCoverage="0" maxCyclomaticComplexity="1" minCyclomaticComplexity="1" maxCrapScore="2" minCrapScore="2" visitedClasses="0" numClasses="0" visitedMethods="0" numMethods="1" />
              <MetadataToken>100663321</MetadataToken>
              <Name>System.Void Lib.Options::PrintSubMenu7()</Name>
              <FileRef uid="8" />
              <SequencePoints>
                <SequencePoint vc="0" uspid="139" ordinal="0" offset="0" sl="46" sc="9" el="46" ec="10" bec="0" bev="0" fileid="8" />
                <SequencePoint vc="0" uspid="140" ordinal="1" offset="1" sl="47" sc="13" el="47" ec="77" bec="0" bev="0" fileid="8" />
                <SequencePoint vc="0" uspid="141" ordinal="2" offset="12" sl="48" sc="13" el="48" ec="80" bec="0" bev="0" fileid="8" />
                <SequencePoint vc="0" uspid="142" ordinal="3" offset="23" sl="49" sc="13" el="49" ec="43" bec="0" bev="0" fileid="8" />
                <SequencePoint vc="0" uspid="143" ordinal="4" offset="34" sl="50" sc="13" el="50" ec="42" bec="0" bev="0" fileid="8" />
                <SequencePoint vc="0" uspid="144" ordinal="5" offset="45" sl="51" sc="9" el="51" ec="10" bec="0" bev="0" fileid="8" />
              </SequencePoints>
              <BranchPoints />
              <MethodPoint xsi:type="SequencePoint" vc="0" uspid="139" ordinal="0" offset="0" sl="46" sc="9" el="46" ec="10" bec="0" bev="0" fileid="8" />
            </Method>
            <Method visited="false" cyclomaticComplexity="1" nPathComplexity="0" sequenceCoverage="0" branchCoverage="0" crapScore="2" isConstructor="false" isStatic="true" isGetter="false" isSetter="false">
              <Summary numSequencePoints="8" visitedSequencePoints="0" numBranchPoints="1" visitedBranchPoints="0" sequenceCoverage="0" branchCoverage="0" maxCyclomaticComplexity="1" minCyclomaticComplexity="1" maxCrapScore="2" minCrapScore="2" visitedClasses="0" numClasses="0" visitedMethods="0" numMethods="1" />
              <MetadataToken>100663322</MetadataToken>
              <Name>System.Void Lib.Options::PrintSubMenu8()</Name>
              <FileRef uid="8" />
              <SequencePoints>
                <SequencePoint vc="0" uspid="145" ordinal="0" offset="0" sl="54" sc="9" el="54" ec="10" bec="0" bev="0" fileid="8" />
                <SequencePoint vc="0" uspid="146" ordinal="1" offset="1" sl="55" sc="13" el="55" ec="85" bec="0" bev="0" fileid="8" />
                <SequencePoint vc="0" uspid="147" ordinal="2" offset="12" sl="56" sc="13" el="56" ec="88" bec="0" bev="0" fileid="8" />
                <SequencePoint vc="0" uspid="148" ordinal="3" offset="23" sl="57" sc="13" el="57" ec="86" bec="0" bev="0" fileid="8" />
                <SequencePoint vc="0" uspid="149" ordinal="4" offset="34" sl="58" sc="13" el="58" ec="93" bec="0" bev="0" fileid="8" />
                <SequencePoint vc="0" uspid="150" ordinal="5" offset="45" sl="59" sc="13" el="59" ec="43" bec="0" bev="0" fileid="8" />
                <SequencePoint vc="0" uspid="151" ordinal="6" offset="56" sl="60" sc="13" el="60" ec="42" bec="0" bev="0" fileid="8" />
                <SequencePoint vc="0" uspid="152" ordinal="7" offset="67" sl="61" sc="9" el="61" ec="10" bec="0" bev="0" fileid="8" />
              </SequencePoints>
              <BranchPoints />
              <MethodPoint xsi:type="SequencePoint" vc="0" uspid="145" ordinal="0" offset="0" sl="54" sc="9" el="54" ec="10" bec="0" bev="0" fileid="8" />
            </Method>
            <Method visited="false" cyclomaticComplexity="9" nPathComplexity="9" sequenceCoverage="0" branchCoverage="0" crapScore="90" isConstructor="false" isStatic="true" isGetter="false" isSetter="false">
              <Summary numSequencePoints="18" visitedSequencePoints="0" numBranchPoints="10" visitedBranchPoints="0" sequenceCoverage="0" branchCoverage="0" maxCyclomaticComplexity="9" minCyclomaticComplexity="9" maxCrapScore="90" minCrapScore="90" visitedClasses="0" numClasses="0" visitedMethods="0" numMethods="1" />
              <MetadataToken>100663323</MetadataToken>
              <Name>System.Void Lib.Options::PrintMenu(System.Int32)</Name>
              <FileRef uid="8" />
              <SequencePoints>
                <SequencePoint vc="0" uspid="153" ordinal="0" offset="0" sl="64" sc="9" el="64" ec="10" bec="0" bev="0" fileid="8" />
                <SequencePoint vc="0" uspid="154" ordinal="1" offset="1" sl="65" sc="13" el="65" ec="32" bec="8" bev="0" fileid="8" />
                <SequencePoint vc="0" uspid="155" ordinal="2" offset="47" sl="67" sc="25" el="67" ec="41" bec="0" bev="0" fileid="8" />
                <SequencePoint vc="0" uspid="156" ordinal="3" offset="53" sl="67" sc="42" el="67" ec="48" bec="0" bev="0" fileid="8" />
                <SequencePoint vc="0" uspid="157" ordinal="4" offset="55" sl="68" sc="25" el="68" ec="41" bec="0" bev="0" fileid="8" />
                <SequencePoint vc="0" uspid="158" ordinal="5" offset="61" sl="68" sc="42" el="68" ec="48" bec="0" bev="0" fileid="8" />
                <SequencePoint vc="0" uspid="159" ordinal="6" offset="63" sl="69" sc="25" el="69" ec="41" bec="0" bev="0" fileid="8" />
                <SequencePoint vc="0" uspid="160" ordinal="7" offset="69" sl="69" sc="42" el="69" ec="48" bec="0" bev="0" fileid="8" />
                <SequencePoint vc="0" uspid="161" ordinal="8" offset="71" sl="70" sc="25" el="70" ec="41" bec="0" bev="0" fileid="8" />
                <SequencePoint vc="0" uspid="162" ordinal="9" offset="77" sl="70" sc="42" el="70" ec="48" bec="0" bev="0" fileid="8" />
                <SequencePoint vc="0" uspid="163" ordinal="10" offset="79" sl="71" sc="25" el="71" ec="41" bec="0" bev="0" fileid="8" />
                <SequencePoint vc="0" uspid="164" ordinal="11" offset="85" sl="71" sc="42" el="71" ec="48" bec="0" bev="0" fileid="8" />
                <SequencePoint vc="0" uspid="165" ordinal="12" offset="87" sl="72" sc="25" el="72" ec="41" bec="0" bev="0" fileid="8" />
                <SequencePoint vc="0" uspid="166" ordinal="13" offset="93" sl="72" sc="42" el="72" ec="48" bec="0" bev="0" fileid="8" />
                <SequencePoint vc="0" uspid="167" ordinal="14" offset="95" sl="73" sc="25" el="73" ec="41" bec="0" bev="0" fileid="8" />
                <SequencePoint vc="0" uspid="168" ordinal="15" offset="101" sl="73" sc="42" el="73" ec="48" bec="0" bev="0" fileid="8" />
                <SequencePoint vc="0" uspid="169" ordinal="16" offset="103" sl="74" sc="25" el="74" ec="31" bec="0" bev="0" fileid="8" />
                <SequencePoint vc="0" uspid="170" ordinal="17" offset="105" sl="76" sc="9" el="76" ec="10" bec="0" bev="0" fileid="8" />
              </SequencePoints>
              <BranchPoints>
                <BranchPoint vc="0" uspid="171" ordinal="0" offset="8" sl="65" path="0" offsetchain="45" offsetend="105" fileid="8" />
                <BranchPoint vc="0" uspid="172" ordinal="1" offset="8" sl="65" path="1" offsetend="47" fileid="8" />
                <BranchPoint vc="0" uspid="173" ordinal="2" offset="8" sl="65" path="2" offsetend="55" fileid="8" />
                <BranchPoint vc="0" uspid="174" ordinal="3" offset="8" sl="65" path="3" offsetend="63" fileid="8" />
                <BranchPoint vc="0" uspid="175" ordinal="4" offset="8" sl="65" path="4" offsetend="71" fileid="8" />
                <BranchPoint vc="0" uspid="176" ordinal="5" offset="8" sl="65" path="5" offsetend="79" fileid="8" />
                <BranchPoint vc="0" uspid="177" ordinal="6" offset="8" sl="65" path="6" offsetend="87" fileid="8" />
                <BranchPoint vc="0" uspid="178" ordinal="7" offset="8" sl="65" path="7" offsetend="95" fileid="8" />
                <BranchPoint vc="0" uspid="179" ordinal="8" offset="8" sl="65" path="8" offsetchain="103" offsetend="105" fileid="8" />
              </BranchPoints>
              <MethodPoint xsi:type="SequencePoint" vc="0" uspid="153" ordinal="0" offset="0" sl="64" sc="9" el="64" ec="10" bec="0" bev="0" fileid="8" />
            </Method>
            <Method visited="false" cyclomaticComplexity="7" nPathComplexity="64" sequenceCoverage="0" branchCoverage="0" crapScore="56" isConstructor="false" isStatic="true" isGetter="false" isSetter="false">
              <Summary numSequencePoints="15" visitedSequencePoints="0" numBranchPoints="13" visitedBranchPoints="0" sequenceCoverage="0" branchCoverage="0" maxCyclomaticComplexity="7" minCyclomaticComplexity="7" maxCrapScore="56" minCrapScore="56" visitedClasses="0" numClasses="0" visitedMethods="0" numMethods="1" />
              <MetadataToken>100663324</MetadataToken>
              <Name>System.Int32 Lib.Options::Input(System.Int32,System.Int32,System.Int32)</Name>
              <FileRef uid="8" />
              <SequencePoints>
                <SequencePoint vc="0" uspid="180" ordinal="0" offset="0" sl="79" sc="9" el="79" ec="10" bec="0" bev="0" fileid="8" />
                <SequencePoint vc="0" uspid="181" ordinal="1" offset="1" sl="80" sc="13" el="80" ec="29" bec="0" bev="0" fileid="8" />
                <SequencePoint vc="0" uspid="182" ordinal="2" offset="3" sl="83" sc="13" el="83" ec="14" bec="0" bev="0" fileid="8" />
                <SequencePoint vc="0" uspid="183" ordinal="3" offset="4" sl="84" sc="17" el="84" ec="41" bec="0" bev="0" fileid="8" />
                <SequencePoint vc="0" uspid="184" ordinal="4" offset="15" sl="85" sc="17" el="85" ec="39" bec="0" bev="0" fileid="8" />
                <SequencePoint vc="0" uspid="185" ordinal="5" offset="22" sl="86" sc="17" el="86" ec="42" bec="0" bev="0" fileid="8" />
                <SequencePoint vc="0" uspid="186" ordinal="6" offset="28" sl="87" sc="17" el="87" ec="54" bec="0" bev="0" fileid="8" />
                <SequencePoint vc="0" uspid="187" ordinal="7" offset="37" sl="89" sc="17" el="89" ec="57" bec="5" bev="0" fileid="8" />
                <SequencePoint vc="0" uspid="188" ordinal="8" offset="55" sl="90" sc="17" el="90" ec="18" bec="0" bev="0" fileid="8" />
                <SequencePoint vc="0" uspid="189" ordinal="9" offset="56" sl="91" sc="21" el="91" ec="68" bec="0" bev="0" fileid="8" />
                <SequencePoint vc="0" uspid="190" ordinal="10" offset="67" sl="92" sc="17" el="92" ec="18" bec="0" bev="0" fileid="8" />
                <SequencePoint vc="0" uspid="191" ordinal="11" offset="68" sl="93" sc="13" el="93" ec="14" bec="0" bev="0" fileid="8" />
                <SequencePoint vc="0" uspid="192" ordinal="12" offset="69" sl="93" sc="15" el="93" ec="59" bec="5" bev="0" fileid="8" />
                <SequencePoint vc="0" uspid="193" ordinal="13" offset="87" sl="94" sc="13" el="94" ec="27" bec="0" bev="0" fileid="8" />
                <SequencePoint vc="0" uspid="194" ordinal="14" offset="92" sl="95" sc="9" el="95" ec="10" bec="0" bev="0" fileid="8" />
              </SequencePoints>
              <BranchPoints>
                <BranchPoint vc="0" uspid="195" ordinal="0" offset="38" sl="89" path="0" offsetend="40" fileid="8" />
                <BranchPoint vc="0" uspid="196" ordinal="1" offset="38" sl="89" path="1" offsetend="50" fileid="8" />
                <BranchPoint vc="0" uspid="197" ordinal="2" offset="42" sl="89" path="0" offsetend="44" fileid="8" />
                <BranchPoint vc="0" uspid="198" ordinal="3" offset="42" sl="89" path="1" offsetend="50" fileid="8" />
                <BranchPoint vc="0" uspid="199" ordinal="4" offset="53" sl="89" path="0" offsetend="55" fileid="8" />
                <BranchPoint vc="0" uspid="200" ordinal="5" offset="53" sl="89" path="1" offsetend="68" fileid="8" />
                <BranchPoint vc="0" uspid="201" ordinal="6" offset="70" sl="93" path="0" offsetend="72" fileid="8" />
                <BranchPoint vc="0" uspid="202" ordinal="7" offset="70" sl="93" path="1" offsetend="82" fileid="8" />
                <BranchPoint vc="0" uspid="203" ordinal="8" offset="74" sl="93" path="0" offsetend="76" fileid="8" />
                <BranchPoint vc="0" uspid="204" ordinal="9" offset="74" sl="93" path="1" offsetend="82" fileid="8" />
                <BranchPoint vc="0" uspid="205" ordinal="10" offset="85" sl="93" path="0" offsetend="87" fileid="8" />
                <BranchPoint vc="0" uspid="206" ordinal="11" offset="85" sl="93" path="1" offsetend="3" fileid="8" />
              </BranchPoints>
              <MethodPoint xsi:type="SequencePoint" vc="0" uspid="180" ordinal="0" offset="0" sl="79" sc="9" el="79" ec="10" bec="0" bev="0" fileid="8" />
            </Method>
            <Method visited="false" cyclomaticComplexity="2" nPathComplexity="2" sequenceCoverage="0" branchCoverage="0" crapScore="6" isConstructor="false" isStatic="true" isGetter="false" isSetter="false">
              <Summary numSequencePoints="5" visitedSequencePoints="0" numBranchPoints="3" visitedBranchPoints="0" sequenceCoverage="0" branchCoverage="0" maxCyclomaticComplexity="2" minCyclomaticComplexity="2" maxCrapScore="6" minCrapScore="6" visitedClasses="0" numClasses="0" visitedMethods="0" numMethods="1" />
              <MetadataToken>100663325</MetadataToken>
              <Name>System.Void Lib.Options::SubMenu2(Lib.TestCollections)</Name>
              <FileRef uid="8" />
              <SequencePoints>
                <SequencePoint vc="0" uspid="207" ordinal="0" offset="0" sl="99" sc="9" el="99" ec="10" bec="0" bev="0" fileid="8" />
                <SequencePoint vc="0" uspid="208" ordinal="1" offset="1" sl="100" sc="13" el="100" ec="41" bec="2" bev="0" fileid="8" />
                <SequencePoint vc="0" uspid="209" ordinal="2" offset="9" sl="101" sc="17" el="101" ec="40" bec="0" bev="0" fileid="8" />
                <SequencePoint vc="0" uspid="210" ordinal="3" offset="18" sl="103" sc="17" el="103" ec="70" bec="0" bev="0" fileid="8" />
                <SequencePoint vc="0" uspid="211" ordinal="4" offset="29" sl="104" sc="9" el="104" ec="10" bec="0" bev="0" fileid="8" />
              </SequencePoints>
              <BranchPoints>
                <BranchPoint vc="0" uspid="212" ordinal="0" offset="7" sl="100" path="0" offsetend="9" fileid="8" />
                <BranchPoint vc="0" uspid="213" ordinal="1" offset="7" sl="100" path="1" offsetend="18" fileid="8" />
              </BranchPoints>
              <MethodPoint xsi:type="SequencePoint" vc="0" uspid="207" ordinal="0" offset="0" sl="99" sc="9" el="99" ec="10" bec="0" bev="0" fileid="8" />
            </Method>
            <Method visited="false" cyclomaticComplexity="2" nPathComplexity="2" sequenceCoverage="0" branchCoverage="0" crapScore="6" isConstructor="false" isStatic="true" isGetter="false" isSetter="false">
              <Summary numSequencePoints="8" visitedSequencePoints="0" numBranchPoints="3" visitedBranchPoints="0" sequenceCoverage="0" branchCoverage="0" maxCyclomaticComplexity="2" minCyclomaticComplexity="2" maxCrapScore="6" minCrapScore="6" visitedClasses="0" numClasses="0" visitedMethods="0" numMethods="1" />
              <MetadataToken>100663326</MetadataToken>
              <Name>System.Void Lib.Options::SubMenu3(Lib.TestCollections&amp;)</Name>
              <FileRef uid="8" />
              <SequencePoints>
                <SequencePoint vc="0" uspid="214" ordinal="0" offset="0" sl="109" sc="9" el="109" ec="10" bec="0" bev="0" fileid="8" />
                <SequencePoint vc="0" uspid="215" ordinal="1" offset="1" sl="110" sc="13" el="110" ec="41" bec="2" bev="0" fileid="8" />
                <SequencePoint vc="0" uspid="216" ordinal="2" offset="10" sl="111" sc="13" el="111" ec="14" bec="0" bev="0" fileid="8" />
                <SequencePoint vc="0" uspid="217" ordinal="3" offset="11" sl="112" sc="17" el="112" ec="58" bec="0" bev="0" fileid="8" />
                <SequencePoint vc="0" uspid="218" ordinal="4" offset="19" sl="113" sc="17" el="113" ec="40" bec="0" bev="0" fileid="8" />
                <SequencePoint vc="0" uspid="219" ordinal="5" offset="27" sl="114" sc="13" el="114" ec="14" bec="0" bev="0" fileid="8" />
                <SequencePoint vc="0" uspid="220" ordinal="6" offset="30" sl="116" sc="17" el="116" ec="39" bec="0" bev="0" fileid="8" />
                <SequencePoint vc="0" uspid="221" ordinal="7" offset="38" sl="117" sc="9" el="117" ec="10" bec="0" bev="0" fileid="8" />
              </SequencePoints>
              <BranchPoints>
                <BranchPoint vc="0" uspid="222" ordinal="0" offset="8" sl="110" path="0" offsetend="10" fileid="8" />
                <BranchPoint vc="0" uspid="223" ordinal="1" offset="8" sl="110" path="1" offsetend="30" fileid="8" />
              </BranchPoints>
              <MethodPoint xsi:type="SequencePoint" vc="0" uspid="214" ordinal="0" offset="0" sl="109" sc="9" el="109" ec="10" bec="0" bev="0" fileid="8" />
            </Method>
            <Method visited="false" cyclomaticComplexity="7" nPathComplexity="64" sequenceCoverage="0" branchCoverage="0" crapScore="56" isConstructor="false" isStatic="true" isGetter="false" isSetter="false">
              <Summary numSequencePoints="15" visitedSequencePoints="0" numBranchPoints="13" visitedBranchPoints="0" sequenceCoverage="0" branchCoverage="0" maxCyclomaticComplexity="7" minCyclomaticComplexity="7" maxCrapScore="56" minCrapScore="56" visitedClasses="0" numClasses="0" visitedMethods="0" numMethods="1" />
              <MetadataToken>100663327</MetadataToken>
              <Name>System.Double Lib.Options::SubMenu6()</Name>
              <FileRef uid="8" />
              <SequencePoints>
                <SequencePoint vc="0" uspid="224" ordinal="0" offset="0" sl="121" sc="9" el="121" ec="10" bec="0" bev="0" fileid="8" />
                <SequencePoint vc="0" uspid="225" ordinal="1" offset="1" sl="122" sc="13" el="122" ec="31" bec="0" bev="0" fileid="8" />
                <SequencePoint vc="0" uspid="226" ordinal="2" offset="11" sl="123" sc="13" el="123" ec="29" bec="0" bev="0" fileid="8" />
                <SequencePoint vc="0" uspid="227" ordinal="3" offset="13" sl="126" sc="13" el="126" ec="14" bec="0" bev="0" fileid="8" />
                <SequencePoint vc="0" uspid="228" ordinal="4" offset="14" sl="127" sc="17" el="127" ec="51" bec="0" bev="0" fileid="8" />
                <SequencePoint vc="0" uspid="229" ordinal="5" offset="25" sl="128" sc="17" el="128" ec="42" bec="0" bev="0" fileid="8" />
                <SequencePoint vc="0" uspid="230" ordinal="6" offset="31" sl="129" sc="17" el="129" ec="55" bec="0" bev="0" fileid="8" />
                <SequencePoint vc="0" uspid="231" ordinal="7" offset="40" sl="131" sc="17" el="131" ec="54" bec="5" bev="0" fileid="8" />
                <SequencePoint vc="0" uspid="232" ordinal="8" offset="74" sl="132" sc="17" el="132" ec="18" bec="0" bev="0" fileid="8" />
                <SequencePoint vc="0" uspid="233" ordinal="9" offset="75" sl="133" sc="21" el="133" ec="68" bec="0" bev="0" fileid="8" />
                <SequencePoint vc="0" uspid="234" ordinal="10" offset="86" sl="134" sc="17" el="134" ec="18" bec="0" bev="0" fileid="8" />
                <SequencePoint vc="0" uspid="235" ordinal="11" offset="87" sl="135" sc="13" el="135" ec="14" bec="0" bev="0" fileid="8" />
                <SequencePoint vc="0" uspid="236" ordinal="12" offset="88" sl="135" sc="15" el="135" ec="56" bec="5" bev="0" fileid="8" />
                <SequencePoint vc="0" uspid="237" ordinal="13" offset="124" sl="136" sc="13" el="136" ec="27" bec="0" bev="0" fileid="8" />
                <SequencePoint vc="0" uspid="238" ordinal="14" offset="129" sl="137" sc="9" el="137" ec="10" bec="0" bev="0" fileid="8" />
              </SequencePoints>
              <BranchPoints>
                <BranchPoint vc="0" uspid="239" ordinal="0" offset="41" sl="131" path="0" offsetend="43" fileid="8" />
                <BranchPoint vc="0" uspid="240" ordinal="1" offset="41" sl="131" path="1" offsetend="69" fileid="8" />
                <BranchPoint vc="0" uspid="241" ordinal="2" offset="53" sl="131" path="0" offsetend="55" fileid="8" />
                <BranchPoint vc="0" uspid="242" ordinal="3" offset="53" sl="131" path="1" offsetend="69" fileid="8" />
                <BranchPoint vc="0" uspid="243" ordinal="4" offset="72" sl="131" path="0" offsetend="74" fileid="8" />
                <BranchPoint vc="0" uspid="244" ordinal="5" offset="72" sl="131" path="1" offsetend="87" fileid="8" />
                <BranchPoint vc="0" uspid="245" ordinal="6" offset="89" sl="135" path="0" offsetend="91" fileid="8" />
                <BranchPoint vc="0" uspid="246" ordinal="7" offset="89" sl="135" path="1" offsetend="117" fileid="8" />
                <BranchPoint vc="0" uspid="247" ordinal="8" offset="101" sl="135" path="0" offsetend="103" fileid="8" />
                <BranchPoint vc="0" uspid="248" ordinal="9" offset="101" sl="135" path="1" offsetend="117" fileid="8" />
                <BranchPoint vc="0" uspid="249" ordinal="10" offset="122" sl="135" path="0" offsetend="124" fileid="8" />
                <BranchPoint vc="0" uspid="250" ordinal="11" offset="122" sl="135" path="1" offsetend="13" fileid="8" />
              </BranchPoints>
              <MethodPoint xsi:type="SequencePoint" vc="0" uspid="224" ordinal="0" offset="0" sl="121" sc="9" el="121" ec="10" bec="0" bev="0" fileid="8" />
            </Method>
            <Method visited="false" cyclomaticComplexity="1" nPathComplexity="0" sequenceCoverage="0" branchCoverage="0" crapScore="2" isConstructor="false" isStatic="true" isGetter="false" isSetter="false">
              <Summary numSequencePoints="16" visitedSequencePoints="0" numBranchPoints="1" visitedBranchPoints="0" sequenceCoverage="0" branchCoverage="0" maxCyclomaticComplexity="1" minCyclomaticComplexity="1" maxCrapScore="2" minCrapScore="2" visitedClasses="0" numClasses="0" visitedMethods="0" numMethods="1" />
              <MetadataToken>100663328</MetadataToken>
              <Name>Lib.Schoolboy Lib.Options::InputSchoolboy()</Name>
              <FileRef uid="8" />
              <SequencePoints>
                <SequencePoint vc="0" uspid="251" ordinal="0" offset="0" sl="141" sc="9" el="141" ec="10" bec="0" bev="0" fileid="8" />
                <SequencePoint vc="0" uspid="252" ordinal="1" offset="1" sl="142" sc="13" el="142" ec="51" bec="0" bev="0" fileid="8" />
                <SequencePoint vc="0" uspid="253" ordinal="2" offset="7" sl="144" sc="13" el="144" ec="62" bec="0" bev="0" fileid="8" />
                <SequencePoint vc="0" uspid="254" ordinal="3" offset="18" sl="145" sc="13" el="145" ec="35" bec="0" bev="0" fileid="8" />
                <SequencePoint vc="0" uspid="255" ordinal="4" offset="29" sl="146" sc="13" el="146" ec="49" bec="0" bev="0" fileid="8" />
                <SequencePoint vc="0" uspid="256" ordinal="5" offset="41" sl="147" sc="13" el="147" ec="40" bec="0" bev="0" fileid="8" />
                <SequencePoint vc="0" uspid="257" ordinal="6" offset="52" sl="148" sc="13" el="148" ec="52" bec="0" bev="0" fileid="8" />
                <SequencePoint vc="0" uspid="258" ordinal="7" offset="64" sl="149" sc="13" el="149" ec="36" bec="0" bev="0" fileid="8" />
                <SequencePoint vc="0" uspid="259" ordinal="8" offset="75" sl="150" sc="13" el="150" ec="48" bec="0" bev="0" fileid="8" />
                <SequencePoint vc="0" uspid="260" ordinal="9" offset="87" sl="151" sc="13" el="151" ec="45" bec="0" bev="0" fileid="8" />
                <SequencePoint vc="0" uspid="261" ordinal="10" offset="103" sl="152" sc="13" el="152" ec="46" bec="0" bev="0" fileid="8" />
                <SequencePoint vc="0" uspid="262" ordinal="11" offset="115" sl="153" sc="13" el="153" ec="47" bec="0" bev="0" fileid="8" />
                <SequencePoint vc="0" uspid="263" ordinal="12" offset="126" sl="154" sc="13" el="154" ec="55" bec="0" bev="0" fileid="8" />
                <SequencePoint vc="0" uspid="264" ordinal="13" offset="138" sl="155" sc="13" el="155" ec="53" bec="0" bev="0" fileid="8" />
                <SequencePoint vc="0" uspid="265" ordinal="14" offset="154" sl="156" sc="13" el="156" ec="30" bec="0" bev="0" fileid="8" />
                <SequencePoint vc="0" uspid="266" ordinal="15" offset="158" sl="157" sc="9" el="157" ec="10" bec="0" bev="0" fileid="8" />
              </SequencePoints>
              <BranchPoints />
              <MethodPoint xsi:type="SequencePoint" vc="0" uspid="251" ordinal="0" offset="0" sl="141" sc="9" el="141" ec="10" bec="0" bev="0" fileid="8" />
            </Method>
            <Method visited="false" cyclomaticComplexity="5" nPathComplexity="8" sequenceCoverage="0" branchCoverage="0" crapScore="30" isConstructor="false" isStatic="true" isGetter="false" isSetter="false">
              <Summary numSequencePoints="16" visitedSequencePoints="0" numBranchPoints="7" visitedBranchPoints="0" sequenceCoverage="0" branchCoverage="0" maxCyclomaticComplexity="5" minCyclomaticComplexity="5" maxCrapScore="30" minCrapScore="30" visitedClasses="0" numClasses="0" visitedMethods="0" numMethods="1" />
              <MetadataToken>100663329</MetadataToken>
              <Name>System.Void Lib.Options::SubMenu4(Lib.TestCollections&amp;)</Name>
              <FileRef uid="8" />
              <SequencePoints>
                <SequencePoint vc="0" uspid="267" ordinal="0" offset="0" sl="161" sc="9" el="161" ec="10" bec="0" bev="0" fileid="8" />
                <SequencePoint vc="0" uspid="268" ordinal="1" offset="1" sl="162" sc="13" el="162" ec="28" bec="0" bev="0" fileid="8" />
                <SequencePoint vc="0" uspid="269" ordinal="2" offset="3" sl="163" sc="13" el="163" ec="31" bec="0" bev="0" fileid="8" />
                <SequencePoint vc="0" uspid="270" ordinal="3" offset="7" sl="165" sc="13" el="165" ec="14" bec="0" bev="0" fileid="8" />
                <SequencePoint vc="0" uspid="271" ordinal="4" offset="8" sl="166" sc="17" el="166" ec="33" bec="0" bev="0" fileid="8" />
                <SequencePoint vc="0" uspid="272" ordinal="5" offset="14" sl="167" sc="17" el="167" ec="46" bec="0" bev="0" fileid="8" />
                <SequencePoint vc="0" uspid="273" ordinal="6" offset="23" sl="168" sc="17" el="168" ec="32" bec="4" bev="0" fileid="8" />
                <SequencePoint vc="0" uspid="274" ordinal="7" offset="49" sl="170" sc="29" el="170" ec="80" bec="0" bev="0" fileid="8" />
                <SequencePoint vc="0" uspid="275" ordinal="8" offset="64" sl="170" sc="81" el="170" ec="87" bec="0" bev="0" fileid="8" />
                <SequencePoint vc="0" uspid="276" ordinal="9" offset="66" sl="171" sc="29" el="171" ec="80" bec="0" bev="0" fileid="8" />
                <SequencePoint vc="0" uspid="277" ordinal="10" offset="81" sl="171" sc="81" el="171" ec="87" bec="0" bev="0" fileid="8" />
                <SequencePoint vc="0" uspid="278" ordinal="11" offset="83" sl="172" sc="29" el="172" ec="41" bec="0" bev="0" fileid="8" />
                <SequencePoint vc="0" uspid="279" ordinal="12" offset="85" sl="172" sc="42" el="172" ec="48" bec="0" bev="0" fileid="8" />
                <SequencePoint vc="0" uspid="280" ordinal="13" offset="87" sl="174" sc="13" el="174" ec="14" bec="0" bev="0" fileid="8" />
                <SequencePoint vc="0" uspid="281" ordinal="14" offset="88" sl="164" sc="13" el="164" ec="26" bec="2" bev="0" fileid="8" />
                <SequencePoint vc="0" uspid="282" ordinal="15" offset="98" sl="175" sc="9" el="175" ec="10" bec="0" bev="0" fileid="8" />
              </SequencePoints>
              <BranchPoints>
                <BranchPoint vc="0" uspid="283" ordinal="0" offset="30" sl="168" path="0" offsetchain="47" offsetend="87" fileid="8" />
                <BranchPoint vc="0" uspid="284" ordinal="1" offset="30" sl="168" path="1" offsetend="49" fileid="8" />
                <BranchPoint vc="0" uspid="285" ordinal="2" offset="30" sl="168" path="2" offsetend="66" fileid="8" />
                <BranchPoint vc="0" uspid="286" ordinal="3" offset="30" sl="168" path="3" offsetend="83" fileid="8" />
                <BranchPoint vc="0" uspid="287" ordinal="4" offset="96" sl="164" path="0" offsetend="98" fileid="8" />
                <BranchPoint vc="0" uspid="288" ordinal="5" offset="96" sl="164" path="1" offsetend="7" fileid="8" />
              </BranchPoints>
              <MethodPoint xsi:type="SequencePoint" vc="0" uspid="267" ordinal="0" offset="0" sl="161" sc="9" el="161" ec="10" bec="0" bev="0" fileid="8" />
            </Method>
            <Method visited="false" cyclomaticComplexity="2" nPathComplexity="2" sequenceCoverage="0" branchCoverage="0" crapScore="6" isConstructor="false" isStatic="true" isGetter="false" isSetter="false">
              <Summary numSequencePoints="11" visitedSequencePoints="0" numBranchPoints="3" visitedBranchPoints="0" sequenceCoverage="0" branchCoverage="0" maxCyclomaticComplexity="2" minCyclomaticComplexity="2" maxCrapScore="6" minCrapScore="6" visitedClasses="0" numClasses="0" visitedMethods="0" numMethods="1" />
              <MetadataToken>100663330</MetadataToken>
              <Name>System.Void Lib.Options::SubMenu1(Lib.TestCollections&amp;)</Name>
              <FileRef uid="8" />
              <SequencePoints>
                <SequencePoint vc="0" uspid="289" ordinal="0" offset="0" sl="179" sc="9" el="179" ec="10" bec="0" bev="0" fileid="8" />
                <SequencePoint vc="0" uspid="290" ordinal="1" offset="1" sl="180" sc="13" el="180" ec="28" bec="0" bev="0" fileid="8" />
                <SequencePoint vc="0" uspid="291" ordinal="2" offset="3" sl="181" sc="13" el="181" ec="31" bec="0" bev="0" fileid="8" />
                <SequencePoint vc="0" uspid="292" ordinal="3" offset="7" sl="183" sc="13" el="183" ec="14" bec="0" bev="0" fileid="8" />
                <SequencePoint vc="0" uspid="293" ordinal="4" offset="8" sl="184" sc="17" el="184" ec="33" bec="0" bev="0" fileid="8" />
                <SequencePoint vc="0" uspid="294" ordinal="5" offset="14" sl="185" sc="17" el="185" ec="49" bec="0" bev="0" fileid="8" />
                <SequencePoint vc="0" uspid="295" ordinal="6" offset="27" sl="186" sc="17" el="186" ec="29" bec="0" bev="0" fileid="8" />
                <SequencePoint vc="0" uspid="296" ordinal="7" offset="29" sl="187" sc="13" el="187" ec="14" bec="0" bev="0" fileid="8" />
                <SequencePoint vc="0" uspid="297" ordinal="8" offset="30" sl="182" sc="13" el="182" ec="26" bec="2" bev="0" fileid="8" />
                <SequencePoint vc="0" uspid="298" ordinal="9" offset="38" sl="188" sc="13" el="188" ec="59" bec="0" bev="0" fileid="8" />
                <SequencePoint vc="0" uspid="299" ordinal="10" offset="46" sl="189" sc="9" el="189" ec="10" bec="0" bev="0" fileid="8" />
              </SequencePoints>
              <BranchPoints>
                <BranchPoint vc="0" uspid="300" ordinal="0" offset="36" sl="182" path="0" offsetend="38" fileid="8" />
                <BranchPoint vc="0" uspid="301" ordinal="1" offset="36" sl="182" path="1" offsetend="7" fileid="8" />
              </BranchPoints>
              <MethodPoint xsi:type="SequencePoint" vc="0" uspid="289" ordinal="0" offset="0" sl="179" sc="9" el="179" ec="10" bec="0" bev="0" fileid="8" />
            </Method>
            <Method visited="false" cyclomaticComplexity="1" nPathComplexity="0" sequenceCoverage="0" branchCoverage="0" crapScore="2" isConstructor="false" isStatic="true" isGetter="false" isSetter="false">
              <Summary numSequencePoints="4" visitedSequencePoints="0" numBranchPoints="1" visitedBranchPoints="0" sequenceCoverage="0" branchCoverage="0" maxCyclomaticComplexity="1" minCyclomaticComplexity="1" maxCrapScore="2" minCrapScore="2" visitedClasses="0" numClasses="0" visitedMethods="0" numMethods="1" />
              <MetadataToken>100663331</MetadataToken>
              <Name>System.Void Lib.Options::Continue()</Name>
              <FileRef uid="8" />
              <SequencePoints>
                <SequencePoint vc="0" uspid="302" ordinal="0" offset="0" sl="193" sc="9" el="193" ec="10" bec="0" bev="0" fileid="8" />
                <SequencePoint vc="0" uspid="303" ordinal="1" offset="1" sl="194" sc="13" el="194" ec="61" bec="0" bev="0" fileid="8" />
                <SequencePoint vc="0" uspid="304" ordinal="2" offset="12" sl="195" sc="13" el="195" ec="31" bec="0" bev="0" fileid="8" />
                <SequencePoint vc="0" uspid="305" ordinal="3" offset="18" sl="196" sc="9" el="196" ec="10" bec="0" bev="0" fileid="8" />
              </SequencePoints>
              <BranchPoints />
              <MethodPoint xsi:type="SequencePoint" vc="0" uspid="302" ordinal="0" offset="0" sl="193" sc="9" el="193" ec="10" bec="0" bev="0" fileid="8" />
            </Method>
            <Method visited="false" cyclomaticComplexity="7" nPathComplexity="12" sequenceCoverage="0" branchCoverage="0" crapScore="56" isConstructor="false" isStatic="true" isGetter="false" isSetter="false">
              <Summary numSequencePoints="29" visitedSequencePoints="0" numBranchPoints="9" visitedBranchPoints="0" sequenceCoverage="0" branchCoverage="0" maxCyclomaticComplexity="7" minCyclomaticComplexity="7" maxCrapScore="56" minCrapScore="56" visitedClasses="0" numClasses="0" visitedMethods="0" numMethods="1" />
              <MetadataToken>100663332</MetadataToken>
              <Name>System.Void Lib.Options::SubMenu8(Lib.TestCollections,System.Int32)</Name>
              <FileRef uid="8" />
              <SequencePoints>
                <SequencePoint vc="0" uspid="306" ordinal="0" offset="0" sl="200" sc="9" el="200" ec="10" bec="0" bev="0" fileid="8" />
                <SequencePoint vc="0" uspid="307" ordinal="1" offset="1" sl="201" sc="13" el="201" ec="25" bec="0" bev="0" fileid="8" />
                <SequencePoint vc="0" uspid="308" ordinal="2" offset="3" sl="202" sc="13" el="202" ec="28" bec="0" bev="0" fileid="8" />
                <SequencePoint vc="0" uspid="309" ordinal="3" offset="5" sl="203" sc="13" el="203" ec="31" bec="0" bev="0" fileid="8" />
                <SequencePoint vc="0" uspid="310" ordinal="4" offset="12" sl="205" sc="13" el="205" ec="14" bec="0" bev="0" fileid="8" />
                <SequencePoint vc="0" uspid="311" ordinal="5" offset="13" sl="206" sc="17" el="206" ec="33" bec="0" bev="0" fileid="8" />
                <SequencePoint vc="0" uspid="312" ordinal="6" offset="19" sl="207" sc="17" el="207" ec="46" bec="0" bev="0" fileid="8" />
                <SequencePoint vc="0" uspid="313" ordinal="7" offset="28" sl="208" sc="17" el="208" ec="32" bec="6" bev="0" fileid="8" />
                <SequencePoint vc="0" uspid="314" ordinal="8" offset="64" sl="210" sc="29" el="210" ec="37" bec="0" bev="0" fileid="8" />
                <SequencePoint vc="0" uspid="315" ordinal="9" offset="66" sl="210" sc="38" el="210" ec="78" bec="0" bev="0" fileid="8" />
                <SequencePoint vc="0" uspid="316" ordinal="10" offset="75" sl="210" sc="79" el="210" ec="90" bec="0" bev="0" fileid="8" />
                <SequencePoint vc="0" uspid="317" ordinal="11" offset="81" sl="210" sc="91" el="210" ec="97" bec="0" bev="0" fileid="8" />
                <SequencePoint vc="0" uspid="318" ordinal="12" offset="83" sl="211" sc="29" el="211" ec="37" bec="0" bev="0" fileid="8" />
                <SequencePoint vc="0" uspid="319" ordinal="13" offset="85" sl="211" sc="38" el="211" ec="78" bec="0" bev="0" fileid="8" />
                <SequencePoint vc="0" uspid="320" ordinal="14" offset="94" sl="211" sc="79" el="211" ec="90" bec="0" bev="0" fileid="8" />
                <SequencePoint vc="0" uspid="321" ordinal="15" offset="100" sl="211" sc="91" el="211" ec="97" bec="0" bev="0" fileid="8" />
                <SequencePoint vc="0" uspid="322" ordinal="16" offset="102" sl="212" sc="29" el="212" ec="37" bec="0" bev="0" fileid="8" />
                <SequencePoint vc="0" uspid="323" ordinal="17" offset="104" sl="212" sc="38" el="212" ec="78" bec="0" bev="0" fileid="8" />
                <SequencePoint vc="0" uspid="324" ordinal="18" offset="113" sl="212" sc="79" el="212" ec="90" bec="0" bev="0" fileid="8" />
[...]
              <BranchPoints>
                <BranchPoint vc="0" uspid="1065" ordinal="0" offset="50" sl="173" path="0" offsetend="52" fileid="13" />
                <BranchPoint vc="0" uspid="1066" ordinal="1" offset="50" sl="173" path="1" offsetend="85" fileid="13" />
              </BranchPoints>
              <MethodPoint xsi:type="SequencePoint" vc="0" uspid="1056" ordinal="0" offset="0" sl="168" sc="9" el="168" ec="10" bec="0" bev="0" fileid="13" />
            </Method>
            <Method visited="false" cyclomaticComplexity="2" nPathComplexity="2" sequenceCoverage="0" branchCoverage="0" crapScore="6" isConstructor="false" isStatic="false" isGetter="false" isSetter="false">
              <Summary numSequencePoints="9" visitedSequencePoints="0" numBranchPoints="3" visitedBranchPoints="0" sequenceCoverage="0" branchCoverage="0" maxCyclomaticComplexity="2" minCyclomaticComplexity="2" maxCrapScore="6" minCrapScore="6" visitedClasses="0" numClasses="0" visitedMethods="0" numMethods="1" />
              <MetadataToken>100663423</MetadataToken>
              <Name>System.Void Lib.TestCollections::FindInDictByValue1(Lib.Schoolboy)</Name>
              <FileRef uid="13" />
              <SequencePoints>
                <SequencePoint vc="0" uspid="1067" ordinal="0" offset="0" sl="180" sc="9" el="180" ec="10" bec="0" bev="0" fileid="13" />
                <SequencePoint vc="0" uspid="1068" ordinal="1" offset="1" sl="181" sc="13" el="181" ec="29" bec="0" bev="0" fileid="13" />
                <SequencePoint vc="0" uspid="1069" ordinal="2" offset="12" sl="182" sc="13" el="182" ec="55" bec="0" bev="0" fileid="13" />
                <SequencePoint vc="0" uspid="1070" ordinal="3" offset="25" sl="183" sc="13" el="183" ec="26" bec="0" bev="0" fileid="13" />
                <SequencePoint vc="0" uspid="1071" ordinal="4" offset="36" sl="184" sc="13" el="184" ec="130" bec="0" bev="0" fileid="13" />
                <SequencePoint vc="0" uspid="1072" ordinal="5" offset="47" sl="185" sc="13" el="185" ec="21" bec="2" bev="0" fileid="13" />
                <SequencePoint vc="0" uspid="1073" ordinal="6" offset="52" sl="186" sc="17" el="186" ec="111" bec="0" bev="0" fileid="13" />
                <SequencePoint vc="0" uspid="1074" ordinal="7" offset="85" sl="188" sc="17" el="188" ec="108" bec="0" bev="0" fileid="13" />
                <SequencePoint vc="0" uspid="1075" ordinal="8" offset="116" sl="189" sc="9" el="189" ec="10" bec="0" bev="0" fileid="13" />
              </SequencePoints>
              <BranchPoints>
                <BranchPoint vc="0" uspid="1076" ordinal="0" offset="50" sl="185" path="0" offsetend="52" fileid="13" />
                <BranchPoint vc="0" uspid="1077" ordinal="1" offset="50" sl="185" path="1" offsetend="85" fileid="13" />
              </BranchPoints>
              <MethodPoint xsi:type="SequencePoint" vc="0" uspid="1067" ordinal="0" offset="0" sl="180" sc="9" el="180" ec="10" bec="0" bev="0" fileid="13" />
            </Method>
            <Method visited="false" cyclomaticComplexity="2" nPathComplexity="2" sequenceCoverage="0" branchCoverage="0" crapScore="6" isConstructor="false" isStatic="false" isGetter="false" isSetter="false">
              <Summary numSequencePoints="9" visitedSequencePoints="0" numBranchPoints="3" visitedBranchPoints="0" sequenceCoverage="0" branchCoverage="0" maxCyclomaticComplexity="2" minCyclomaticComplexity="2" maxCrapScore="6" minCrapScore="6" visitedClasses="0" numClasses="0" visitedMethods="0" numMethods="1" />
              <MetadataToken>100663424</MetadataToken>
              <Name>System.Void Lib.TestCollections::FindInDictByValue2(Lib.Schoolboy)</Name>
              <FileRef uid="13" />
              <SequencePoints>
                <SequencePoint vc="0" uspid="1078" ordinal="0" offset="0" sl="192" sc="9" el="192" ec="10" bec="0" bev="0" fileid="13" />
                <SequencePoint vc="0" uspid="1079" ordinal="1" offset="1" sl="193" sc="13" el="193" ec="29" bec="0" bev="0" fileid="13" />
                <SequencePoint vc="0" uspid="1080" ordinal="2" offset="12" sl="194" sc="13" el="194" ec="55" bec="0" bev="0" fileid="13" />
                <SequencePoint vc="0" uspid="1081" ordinal="3" offset="25" sl="195" sc="13" el="195" ec="26" bec="0" bev="0" fileid="13" />
                <SequencePoint vc="0" uspid="1082" ordinal="4" offset="36" sl="196" sc="13" el="196" ec="130" bec="0" bev="0" fileid="13" />
                <SequencePoint vc="0" uspid="1083" ordinal="5" offset="47" sl="197" sc="13" el="197" ec="21" bec="2" bev="0" fileid="13" />
                <SequencePoint vc="0" uspid="1084" ordinal="6" offset="52" sl="198" sc="17" el="198" ec="111" bec="0" bev="0" fileid="13" />
                <SequencePoint vc="0" uspid="1085" ordinal="7" offset="85" sl="200" sc="17" el="200" ec="108" bec="0" bev="0" fileid="13" />
                <SequencePoint vc="0" uspid="1086" ordinal="8" offset="116" sl="201" sc="9" el="201" ec="10" bec="0" bev="0" fileid="13" />
              </SequencePoints>
              <BranchPoints>
                <BranchPoint vc="0" uspid="1087" ordinal="0" offset="50" sl="197" path="0" offsetend="52" fileid="13" />
                <BranchPoint vc="0" uspid="1088" ordinal="1" offset="50" sl="197" path="1" offsetend="85" fileid="13" />
              </BranchPoints>
              <MethodPoint xsi:type="SequencePoint" vc="0" uspid="1078" ordinal="0" offset="0" sl="192" sc="9" el="192" ec="10" bec="0" bev="0" fileid="13" />
            </Method>
            <Method visited="false" cyclomaticComplexity="3" nPathComplexity="4" sequenceCoverage="0" branchCoverage="0" crapScore="12" isConstructor="false" isStatic="false" isGetter="false" isSetter="false">
              <Summary numSequencePoints="16" visitedSequencePoints="0" numBranchPoints="5" visitedBranchPoints="0" sequenceCoverage="0" branchCoverage="0" maxCyclomaticComplexity="3" minCyclomaticComplexity="3" maxCrapScore="12" minCrapScore="12" visitedClasses="0" numClasses="0" visitedMethods="0" numMethods="1" />
              <MetadataToken>100663425</MetadataToken>
              <Name>System.Void Lib.TestCollections::FindByWhat(Lib.Schoolboy,System.Int32)</Name>
              <FileRef uid="13" />
              <SequencePoints>
                <SequencePoint vc="0" uspid="1089" ordinal="0" offset="0" sl="204" sc="9" el="204" ec="10" bec="0" bev="0" fileid="13" />
                <SequencePoint vc="0" uspid="1090" ordinal="1" offset="1" sl="205" sc="13" el="205" ec="32" bec="2" bev="0" fileid="13" />
                <SequencePoint vc="0" uspid="1091" ordinal="2" offset="9" sl="206" sc="13" el="206" ec="14" bec="0" bev="0" fileid="13" />
                <SequencePoint vc="0" uspid="1092" ordinal="3" offset="10" sl="207" sc="17" el="207" ec="57" bec="0" bev="0" fileid="13" />
                <SequencePoint vc="0" uspid="1093" ordinal="4" offset="23" sl="208" sc="17" el="208" ec="68" bec="0" bev="0" fileid="13" />
                <SequencePoint vc="0" uspid="1094" ordinal="5" offset="41" sl="209" sc="13" el="209" ec="14" bec="0" bev="0" fileid="13" />
                <SequencePoint vc="0" uspid="1095" ordinal="6" offset="44" sl="210" sc="18" el="210" ec="37" bec="2" bev="0" fileid="13" />
                <SequencePoint vc="0" uspid="1096" ordinal="7" offset="52" sl="211" sc="13" el="211" ec="14" bec="0" bev="0" fileid="13" />
                <SequencePoint vc="0" uspid="1097" ordinal="8" offset="53" sl="212" sc="17" el="212" ec="47" bec="0" bev="0" fileid="13" />
                <SequencePoint vc="0" uspid="1098" ordinal="9" offset="61" sl="213" sc="17" el="213" ec="47" bec="0" bev="0" fileid="13" />
                <SequencePoint vc="0" uspid="1099" ordinal="10" offset="69" sl="214" sc="13" el="214" ec="14" bec="0" bev="0" fileid="13" />
                <SequencePoint vc="0" uspid="1100" ordinal="11" offset="72" sl="216" sc="13" el="216" ec="14" bec="0" bev="0" fileid="13" />
                <SequencePoint vc="0" uspid="1101" ordinal="12" offset="73" sl="217" sc="17" el="217" ec="52" bec="0" bev="0" fileid="13" />
                <SequencePoint vc="0" uspid="1102" ordinal="13" offset="86" sl="218" sc="17" el="218" ec="63" bec="0" bev="0" fileid="13" />
                <SequencePoint vc="0" uspid="1103" ordinal="14" offset="104" sl="219" sc="13" el="219" ec="14" bec="0" bev="0" fileid="13" />
                <SequencePoint vc="0" uspid="1104" ordinal="15" offset="105" sl="220" sc="9" el="220" ec="10" bec="0" bev="0" fileid="13" />
              </SequencePoints>
              <BranchPoints>
                <BranchPoint vc="0" uspid="1105" ordinal="0" offset="7" sl="205" path="0" offsetend="9" fileid="13" />
                <BranchPoint vc="0" uspid="1106" ordinal="1" offset="7" sl="205" path="1" offsetend="44" fileid="13" />
                <BranchPoint vc="0" uspid="1107" ordinal="2" offset="50" sl="210" path="0" offsetend="52" fileid="13" />
                <BranchPoint vc="0" uspid="1108" ordinal="3" offset="50" sl="210" path="1" offsetend="72" fileid="13" />
              </BranchPoints>
              <MethodPoint xsi:type="SequencePoint" vc="0" uspid="1089" ordinal="0" offset="0" sl="204" sc="9" el="204" ec="10" bec="0" bev="0" fileid="13" />
            </Method>
            <Method visited="false" cyclomaticComplexity="5" nPathComplexity="5" sequenceCoverage="0" branchCoverage="0" crapScore="30" isConstructor="false" isStatic="false" isGetter="false" isSetter="false">
              <Summary numSequencePoints="19" visitedSequencePoints="0" numBranchPoints="6" visitedBranchPoints="0" sequenceCoverage="0" branchCoverage="0" maxCyclomaticComplexity="5" minCyclomaticComplexity="5" maxCrapScore="30" minCrapScore="30" visitedClasses="0" numClasses="0" visitedMethods="0" numMethods="1" />
              <MetadataToken>100663426</MetadataToken>
              <Name>System.Void Lib.TestCollections::FindBy(System.Int32,System.Int32)</Name>
              <FileRef uid="13" />
              <SequencePoints>
                <SequencePoint vc="0" uspid="1109" ordinal="0" offset="0" sl="223" sc="9" el="223" ec="10" bec="0" bev="0" fileid="13" />
                <SequencePoint vc="0" uspid="1110" ordinal="1" offset="1" sl="224" sc="13" el="224" ec="34" bec="0" bev="0" fileid="13" />
                <SequencePoint vc="0" uspid="1111" ordinal="2" offset="3" sl="225" sc="13" el="225" ec="31" bec="5" bev="0" fileid="13" />
                <SequencePoint vc="0" uspid="1112" ordinal="3" offset="38" sl="227" sc="25" el="227" ec="51" bec="0" bev="0" fileid="13" />
                <SequencePoint vc="0" uspid="1113" ordinal="4" offset="59" sl="227" sc="52" el="227" ec="93" bec="0" bev="0" fileid="13" />
                <SequencePoint vc="0" uspid="1114" ordinal="5" offset="71" sl="227" sc="94" el="227" ec="123" bec="0" bev="0" fileid="13" />
                <SequencePoint vc="0" uspid="1115" ordinal="6" offset="80" sl="227" sc="124" el="227" ec="130" bec="0" bev="0" fileid="13" />
                <SequencePoint vc="0" uspid="1116" ordinal="7" offset="85" sl="228" sc="25" el="228" ec="50" bec="0" bev="0" fileid="13" />
                <SequencePoint vc="0" uspid="1117" ordinal="8" offset="106" sl="228" sc="51" el="228" ec="91" bec="0" bev="0" fileid="13" />
                <SequencePoint vc="0" uspid="1118" ordinal="9" offset="118" sl="228" sc="92" el="228" ec="120" bec="0" bev="0" fileid="13" />
                <SequencePoint vc="0" uspid="1119" ordinal="10" offset="127" sl="228" sc="121" el="228" ec="127" bec="0" bev="0" fileid="13" />
                <SequencePoint vc="0" uspid="1120" ordinal="11" offset="129" sl="229" sc="25" el="229" ec="70" bec="0" bev="0" fileid="13" />
                <SequencePoint vc="0" uspid="1121" ordinal="12" offset="163" sl="229" sc="71" el="229" ec="113" bec="0" bev="0" fileid="13" />
                <SequencePoint vc="0" uspid="1122" ordinal="13" offset="175" sl="229" sc="114" el="229" ec="144" bec="0" bev="0" fileid="13" />
                <SequencePoint vc="0" uspid="1123" ordinal="14" offset="184" sl="229" sc="145" el="229" ec="151" bec="0" bev="0" fileid="13" />
                <SequencePoint vc="0" uspid="1124" ordinal="15" offset="186" sl="230" sc="25" el="230" ec="74" bec="0" bev="0" fileid="13" />
                <SequencePoint vc="0" uspid="1125" ordinal="16" offset="223" sl="230" sc="75" el="230" ec="102" bec="0" bev="0" fileid="13" />
                <SequencePoint vc="0" uspid="1126" ordinal="17" offset="232" sl="230" sc="103" el="230" ec="109" bec="0" bev="0" fileid="13" />
                <SequencePoint vc="0" uspid="1127" ordinal="18" offset="234" sl="232" sc="9" el="232" ec="10" bec="0" bev="0" fileid="13" />
              </SequencePoints>
              <BranchPoints>
                <BranchPoint vc="0" uspid="1128" ordinal="0" offset="12" sl="225" path="0" offsetchain="33" offsetend="234" fileid="13" />
                <BranchPoint vc="0" uspid="1129" ordinal="1" offset="12" sl="225" path="1" offsetend="38" fileid="13" />
                <BranchPoint vc="0" uspid="1130" ordinal="2" offset="12" sl="225" path="2" offsetend="85" fileid="13" />
                <BranchPoint vc="0" uspid="1131" ordinal="3" offset="12" sl="225" path="3" offsetend="129" fileid="13" />
                <BranchPoint vc="0" uspid="1132" ordinal="4" offset="12" sl="225" path="4" offsetend="186" fileid="13" />
              </BranchPoints>
              <MethodPoint xsi:type="SequencePoint" vc="0" uspid="1109" ordinal="0" offset="0" sl="223" sc="9" el="223" ec="10" bec="0" bev="0" fileid="13" />
            </Method>
            <Method visited="false" cyclomaticComplexity="3" nPathComplexity="4" sequenceCoverage="0" branchCoverage="0" crapScore="12" isConstructor="false" isStatic="false" isGetter="false" isSetter="false">
              <Summary numSequencePoints="5" visitedSequencePoints="0" numBranchPoints="5" visitedBranchPoints="0" sequenceCoverage="0" branchCoverage="0" maxCyclomaticComplexity="3" minCyclomaticComplexity="3" maxCrapScore="12" minCrapScore="12" visitedClasses="0" numClasses="0" visitedMethods="0" numMethods="1" />
              <MetadataToken>100663427</MetadataToken>
              <Name>Lib.Person Lib.TestCollections::GetKeyByIndex(System.Int32)</Name>
              <FileRef uid="13" />
              <SequencePoints>
                <SequencePoint vc="0" uspid="1133" ordinal="0" offset="0" sl="235" sc="9" el="235" ec="10" bec="0" bev="0" fileid="13" />
                <SequencePoint vc="0" uspid="1134" ordinal="1" offset="1" sl="236" sc="13" el="236" ec="47" bec="4" bev="0" fileid="13" />
                <SequencePoint vc="0" uspid="1135" ordinal="2" offset="29" sl="237" sc="17" el="237" ec="29" bec="0" bev="0" fileid="13" />
                <SequencePoint vc="0" uspid="1136" ordinal="3" offset="33" sl="238" sc="13" el="238" ec="45" bec="0" bev="0" fileid="13" />
                <SequencePoint vc="0" uspid="1137" ordinal="4" offset="56" sl="239" sc="9" el="239" ec="10" bec="0" bev="0" fileid="13" />
              </SequencePoints>
              <BranchPoints>
                <BranchPoint vc="0" uspid="1138" ordinal="0" offset="3" sl="236" path="0" offsetend="5" fileid="13" />
                <BranchPoint vc="0" uspid="1139" ordinal="1" offset="3" sl="236" path="1" offsetend="24" fileid="13" />
                <BranchPoint vc="0" uspid="1140" ordinal="2" offset="27" sl="236" path="0" offsetend="29" fileid="13" />
                <BranchPoint vc="0" uspid="1141" ordinal="3" offset="27" sl="236" path="1" offsetend="33" fileid="13" />
              </BranchPoints>
              <MethodPoint xsi:type="SequencePoint" vc="0" uspid="1133" ordinal="0" offset="0" sl="235" sc="9" el="235" ec="10" bec="0" bev="0" fileid="13" />
            </Method>
            <Method visited="false" cyclomaticComplexity="3" nPathComplexity="4" sequenceCoverage="0" branchCoverage="0" crapScore="12" isConstructor="false" isStatic="false" isGetter="false" isSetter="false">
              <Summary numSequencePoints="5" visitedSequencePoints="0" numBranchPoints="5" visitedBranchPoints="0" sequenceCoverage="0" branchCoverage="0" maxCyclomaticComplexity="3" minCyclomaticComplexity="3" maxCrapScore="12" minCrapScore="12" visitedClasses="0" numClasses="0" visitedMethods="0" numMethods="1" />
              <MetadataToken>100663428</MetadataToken>
              <Name>Lib.Schoolboy Lib.TestCollections::GetValueByIndex(System.Int32)</Name>
              <FileRef uid="13" />
              <SequencePoints>
                <SequencePoint vc="0" uspid="1142" ordinal="0" offset="0" sl="242" sc="9" el="242" ec="10" bec="0" bev="0" fileid="13" />
                <SequencePoint vc="0" uspid="1143" ordinal="1" offset="1" sl="243" sc="13" el="243" ec="47" bec="4" bev="0" fileid="13" />
                <SequencePoint vc="0" uspid="1144" ordinal="2" offset="29" sl="244" sc="17" el="244" ec="29" bec="0" bev="0" fileid="13" />
                <SequencePoint vc="0" uspid="1145" ordinal="3" offset="33" sl="245" sc="13" el="245" ec="47" bec="0" bev="0" fileid="13" />
                <SequencePoint vc="0" uspid="1146" ordinal="4" offset="56" sl="246" sc="9" el="246" ec="10" bec="0" bev="0" fileid="13" />
              </SequencePoints>
              <BranchPoints>
                <BranchPoint vc="0" uspid="1147" ordinal="0" offset="3" sl="243" path="0" offsetend="5" fileid="13" />
                <BranchPoint vc="0" uspid="1148" ordinal="1" offset="3" sl="243" path="1" offsetend="24" fileid="13" />
                <BranchPoint vc="0" uspid="1149" ordinal="2" offset="27" sl="243" path="0" offsetend="29" fileid="13" />
                <BranchPoint vc="0" uspid="1150" ordinal="3" offset="27" sl="243" path="1" offsetend="33" fileid="13" />
              </BranchPoints>
              <MethodPoint xsi:type="SequencePoint" vc="0" uspid="1142" ordinal="0" offset="0" sl="242" sc="9" el="242" ec="10" bec="0" bev="0" fileid="13" />
            </Method>
            <Method visited="false" cyclomaticComplexity="1" nPathComplexity="0" sequenceCoverage="0" branchCoverage="0" crapScore="2" isConstructor="true" isStatic="true" isGetter="false" isSetter="false">
              <Summary numSequencePoints="7" visitedSequencePoints="0" numBranchPoints="1" visitedBranchPoints="0" sequenceCoverage="0" branchCoverage="0" maxCyclomaticComplexity="1" minCyclomaticComplexity="1" maxCrapScore="2" minCrapScore="2" visitedClasses="0" numClasses="0" visitedMethods="0" numMethods="1" />
              <MetadataToken>100663429</MetadataToken>
              <Name>System.Void Lib.TestCollections::.cctor()</Name>
              <FileRef uid="13" />
              <SequencePoints>
                <SequencePoint vc="0" uspid="1151" ordinal="0" offset="0" sl="16" sc="9" el="16" ec="50" bec="0" bev="0" fileid="13" />
                <SequencePoint vc="0" uspid="1152" ordinal="1" offset="10" sl="17" sc="9" el="17" ec="43" bec="0" bev="0" fileid="13" />
                <SequencePoint vc="0" uspid="1153" ordinal="2" offset="20" sl="19" sc="9" el="19" ec="547" bec="0" bev="0" fileid="13" />
                <SequencePoint vc="0" uspid="1154" ordinal="3" offset="482" sl="20" sc="9" el="20" ec="392" bec="0" bev="0" fileid="13" />
                <SequencePoint vc="0" uspid="1155" ordinal="4" offset="764" sl="21" sc="9" el="21" ec="102" bec="0" bev="0" fileid="13" />
                <SequencePoint vc="0" uspid="1156" ordinal="5" offset="815" sl="22" sc="9" el="22" ec="51" bec="0" bev="0" fileid="13" />
                <SequencePoint vc="0" uspid="1157" ordinal="6" offset="842" sl="36" sc="9" el="36" ec="36" bec="0" bev="0" fileid="13" />
              </SequencePoints>
              <BranchPoints />
              <MethodPoint xsi:type="SequencePoint" vc="0" uspid="1151" ordinal="0" offset="0" sl="16" sc="9" el="16" ec="50" bec="0" bev="0" fileid="13" />
            </Method>
          </Methods>
        </Class>
      </Classes>
    </Module>
  </Modules>
</CoverageSession>