<?xml version="1.0" encoding="utf-8"?>
<!DOCTYPE coverage SYSTEM "http://cobertura.sourceforge.net/xml/coverage-04.dtd">
<coverage line-rate="0.9207708779443254" branch-rate="0.7792207792207793" lines-covered="860" lines-valid="934" branches-covered="120" branches-valid="154" complexity="200" version="0" timestamp="1639829953">
  <sources />
  <packages>
    <package name="Lib" line-rate="0.8382687927107062" branch-rate="0.7792207792207793" complexity="113">
      <classes>
        <class name="Lib.CompareByAge" filename="D:\Code\С#\Aboba\Lab_10\Lib\CompareBy.cs" line-rate="1" branch-rate="1" complexity="NaN">
          <methods>
            <method name="Compare" signature="(System.Object,System.Object)" line-rate="1" branch-rate="1" complexity="NaN">
              <lines>
                <line number="50" hits="6" branch="false" />
                <line number="51" hits="6" branch="false" />
                <line number="52" hits="6" branch="false" />
                <line number="54" hits="6" branch="true" condition-coverage="100% (2/2)" />
                <line number="55" hits="3" branch="false" />
                <line number="56" hits="3" branch="true" condition-coverage="100% (2/2)" />
                <line number="57" hits="1" branch="false" />
                <line number="59" hits="2" branch="false" />
                <line number="60" hits="6" branch="false" />
              </lines>
            </method>
          </methods>
          <lines>
            <line number="50" hits="6" branch="false" />
            <line number="51" hits="6" branch="false" />
            <line number="52" hits="6" branch="false" />
            <line number="54" hits="6" branch="true" condition-coverage="100% (2/2)" />
            <line number="55" hits="3" branch="false" />
            <line number="56" hits="3" branch="true" condition-coverage="100% (2/2)" />
            <line number="57" hits="1" branch="false" />
            <line number="59" hits="2" branch="false" />
            <line number="60" hits="6" branch="false" />
          </lines>
        </class>
        <class name="Lib.CompareByAVGRating" filename="D:\Code\С#\Aboba\Lab_10\Lib\CompareBy.cs" line-rate="1" branch-rate="1" complexity="NaN">
          <methods>
            <method name="Compare" signature="(System.Object,System.Object)" line-rate="1" branch-rate="1" complexity="NaN">
              <lines>
                <line number="13" hits="5" branch="false" />
                <line number="14" hits="5" branch="false" />
                <line number="15" hits="5" branch="false" />
                <line number="17" hits="5" branch="true" condition-coverage="100% (2/2)" />
                <line number="18" hits="1" branch="false" />
                <line number="19" hits="4" branch="true" condition-coverage="100% (2/2)" />
                <line number="20" hits="2" branch="false" />
                <line number="22" hits="2" branch="false" />
                <line number="24" hits="5" branch="false" />
              </lines>
            </method>
          </methods>
          <lines>
            <line number="13" hits="5" branch="false" />
            <line number="14" hits="5" branch="false" />
            <line number="15" hits="5" branch="false" />
            <line number="17" hits="5" branch="true" condition-coverage="100% (2/2)" />
            <line number="18" hits="1" branch="false" />
            <line number="19" hits="4" branch="true" condition-coverage="100% (2/2)" />
            <line number="20" hits="2" branch="false" />
            <line number="22" hits="2" branch="false" />
            <line number="24" hits="5" branch="false" />
          </lines>
        </class>
        <class name="Lib.CompareByName" filename="D:\Code\С#\Aboba\Lab_10\Lib\CompareBy.cs" line-rate="1" branch-rate="1" complexity="NaN">
          <methods>
            <method name="Compare" signature="(System.Object,System.Object)" line-rate="1" branch-rate="1" complexity="NaN">
              <lines>
                <line number="29" hits="9" branch="false" />
                <line number="30" hits="9" branch="false" />
                <line number="31" hits="9" branch="false" />
                <line number="33" hits="9" branch="false" />
                <line number="35" hits="9" branch="false" />
              </lines>
            </method>
          </methods>
          <lines>
            <line number="29" hits="9" branch="false" />
            <line number="30" hits="9" branch="false" />
            <line number="31" hits="9" branch="false" />
            <line number="33" hits="9" branch="false" />
            <line number="35" hits="9" branch="false" />
          </lines>
        </class>
        <class name="Lib.CompareByPerson" filename="D:\Code\С#\Aboba\Lab_10\Lib\CompareBy.cs" line-rate="1" branch-rate="0.875" complexity="NaN">
          <methods>
            <method name="Compare" signature="(System.Object,System.Object)" line-rate="1" branch-rate="0.875" complexity="NaN">
              <lines>
                <line number="67" hits="6" branch="false" />
                <line number="68" hits="6" branch="false" />
                <line number="69" hits="6" branch="false" />
                <line number="71" hits="6" branch="true" condition-coverage="88% (7/8)" />
                <line number="72" hits="1" branch="false" />
                <line number="74" hits="5" branch="false" />
                <line number="75" hits="6" branch="false" />
              </lines>
            </method>
          </methods>
          <lines>
            <line number="67" hits="6" branch="false" />
            <line number="68" hits="6" branch="false" />
            <line number="69" hits="6" branch="false" />
            <line number="71" hits="6" branch="true" condition-coverage="88% (7/8)" />
            <line number="72" hits="1" branch="false" />
            <line number="74" hits="5" branch="false" />
            <line number="75" hits="6" branch="false" />
          </lines>
        </class>
        <class name="Lib.CompareBySurname" filename="D:\Code\С#\Aboba\Lab_10\Lib\CompareBy.cs" line-rate="1" branch-rate="1" complexity="NaN">
          <methods>
            <method name="Compare" signature="(System.Object,System.Object)" line-rate="1" branch-rate="1" complexity="NaN">
              <lines>
                <line number="40" hits="9" branch="false" />
                <line number="41" hits="9" branch="false" />
                <line number="42" hits="9" branch="false" />
                <line number="43" hits="9" branch="false" />
                <line number="44" hits="9" branch="false" />
              </lines>
            </method>
          </methods>
          <lines>
            <line number="40" hits="9" branch="false" />
            <line number="41" hits="9" branch="false" />
            <line number="42" hits="9" branch="false" />
            <line number="43" hits="9" branch="false" />
            <line number="44" hits="9" branch="false" />
          </lines>
        </class>
        <class name="Lib.Options" filename="D:\Code\С#\Aboba\Lab_10\Lib\Options.cs" line-rate="0" branch-rate="0" complexity="13">
          <methods>
            <method name="PrintMainMenu" signature="()" line-rate="0" branch-rate="1" complexity="1">
              <lines>
                <line number="12" hits="0" branch="false" />
                <line number="13" hits="0" branch="false" />
                <line number="14" hits="0" branch="false" />
                <line number="15" hits="0" branch="false" />
                <line number="16" hits="0" branch="false" />
                <line number="17" hits="0" branch="false" />
                <line number="18" hits="0" branch="false" />
                <line number="19" hits="0" branch="false" />
                <line number="20" hits="0" branch="false" />
                <line number="21" hits="0" branch="false" />
              </lines>
            </method>
            <method name="PrintSubMenu" signature="()" line-rate="0" branch-rate="1" complexity="1">
              <lines>
                <line number="24" hits="0" branch="false" />
                <line number="25" hits="0" branch="false" />
                <line number="26" hits="0" branch="false" />
                <line number="27" hits="0" branch="false" />
                <line number="28" hits="0" branch="false" />
                <line number="29" hits="0" branch="false" />
                <line number="30" hits="0" branch="false" />
                <line number="31" hits="0" branch="false" />
                <line number="32" hits="0" branch="false" />
                <line number="33" hits="0" branch="false" />
              </lines>
            </method>
            <method name="PrintMenu" signature="(System.Int32)" line-rate="0" branch-rate="0" complexity="NaN">
              <lines>
                <line number="36" hits="0" branch="false" />
                <line number="37" hits="0" branch="true" condition-coverage="0% (0/4)" />
                <line number="39" hits="0" branch="false" />
                <line number="40" hits="0" branch="false" />
                <line number="41" hits="0" branch="false" />
                <line number="43" hits="0" branch="false" />
              </lines>
            </method>
            <method name="Input" signature="(System.Int32,System.Int32,System.Int32)" line-rate="0" branch-rate="0" complexity="NaN">
              <lines>
                <line number="46" hits="0" branch="false" />
                <line number="47" hits="0" branch="false" />
                <line number="50" hits="0" branch="false" />
                <line number="51" hits="0" branch="false" />
                <line number="52" hits="0" branch="false" />
                <line number="53" hits="0" branch="false" />
                <line number="54" hits="0" branch="false" />
                <line number="56" hits="0" branch="true" condition-coverage="0% (0/6)" />
                <line number="57" hits="0" branch="false" />
                <line number="58" hits="0" branch="false" />
                <line number="59" hits="0" branch="false" />
                <line number="60" hits="0" branch="true" condition-coverage="0% (0/6)" />
                <line number="61" hits="0" branch="false" />
                <line number="62" hits="0" branch="false" />
              </lines>
            </method>
            <method name="SubMenu" signature="()" line-rate="0" branch-rate="0" complexity="2">
              <lines>
                <line number="66" hits="0" branch="false" />
                <line number="67" hits="0" branch="false" />
                <line number="68" hits="0" branch="false" />
                <line number="69" hits="0" branch="false" />
                <line number="70" hits="0" branch="true" condition-coverage="0% (0/2)" />
                <line number="71" hits="0" branch="false" />
                <line number="72" hits="0" branch="false" />
                <line number="73" hits="0" branch="false" />
                <line number="74" hits="0" branch="false" />
                <line number="75" hits="0" branch="false" />
                <line number="76" hits="0" branch="false" />
                <line number="77" hits="0" branch="false" />
              </lines>
            </method>
            <method name="Menu" signature="()" line-rate="0" branch-rate="0" complexity="9">
              <lines>
                <line number="80" hits="0" branch="false" />
                <line number="81" hits="0" branch="false" />
                <line number="82" hits="0" branch="false" />
                <line number="83" hits="0" branch="true" condition-coverage="0% (0/2)" />
                <line number="84" hits="0" branch="false" />
                <line number="85" hits="0" branch="false" />
                <line number="86" hits="0" branch="false" />
                <line number="88" hits="0" branch="true" condition-coverage="0% (0/8)" />
                <line number="90" hits="0" branch="false" />
                <line number="91" hits="0" branch="false" />
                <line number="92" hits="0" branch="false" />
                <line number="93" hits="0" branch="false" />
                <line number="94" hits="0" branch="false" />
                <line number="95" hits="0" branch="false" />
                <line number="96" hits="0" branch="false" />
                <line number="98" hits="0" branch="false" />
                <line number="99" hits="0" branch="false" />
              </lines>
            </method>
          </methods>
          <lines>
            <line number="12" hits="0" branch="false" />
            <line number="13" hits="0" branch="false" />
            <line number="14" hits="0" branch="false" />
            <line number="15" hits="0" branch="false" />
            <line number="16" hits="0" branch="false" />
            <line number="17" hits="0" branch="false" />
            <line number="18" hits="0" branch="false" />
            <line number="19" hits="0" branch="false" />
            <line number="20" hits="0" branch="false" />
            <line number="21" hits="0" branch="false" />
            <line number="24" hits="0" branch="false" />
            <line number="25" hits="0" branch="false" />
            <line number="26" hits="0" branch="false" />
            <line number="27" hits="0" branch="false" />
            <line number="28" hits="0" branch="false" />
            <line number="29" hits="0" branch="false" />
            <line number="30" hits="0" branch="false" />
            <line number="31" hits="0" branch="false" />
            <line number="32" hits="0" branch="false" />
            <line number="33" hits="0" branch="false" />
            <line number="36" hits="0" branch="false" />
            <line number="37" hits="0" branch="true" condition-coverage="0% (0/4)" />
            <line number="39" hits="0" branch="false" />
            <line number="40" hits="0" branch="false" />
            <line number="41" hits="0" branch="false" />
            <line number="43" hits="0" branch="false" />
            <line number="46" hits="0" branch="false" />
            <line number="47" hits="0" branch="false" />
            <line number="50" hits="0" branch="false" />
            <line number="51" hits="0" branch="false" />
            <line number="52" hits="0" branch="false" />
            <line number="53" hits="0" branch="false" />
            <line number="54" hits="0" branch="false" />
            <line number="56" hits="0" branch="true" condition-coverage="0% (0/6)" />
            <line number="57" hits="0" branch="false" />
            <line number="58" hits="0" branch="false" />
            <line number="59" hits="0" branch="false" />
            <line number="60" hits="0" branch="true" condition-coverage="0% (0/6)" />
            <line number="61" hits="0" branch="false" />
            <line number="62" hits="0" branch="false" />
            <line number="66" hits="0" branch="false" />
            <line number="67" hits="0" branch="false" />
            <line number="68" hits="0" branch="false" />
            <line number="69" hits="0" branch="false" />
            <line number="70" hits="0" branch="true" condition-coverage="0% (0/2)" />
            <line number="71" hits="0" branch="false" />
            <line number="72" hits="0" branch="false" />
            <line number="73" hits="0" branch="false" />
            <line number="74" hits="0" branch="false" />
            <line number="75" hits="0" branch="false" />
            <line number="76" hits="0" branch="false" />
            <line number="77" hits="0" branch="false" />
            <line number="80" hits="0" branch="false" />
            <line number="81" hits="0" branch="false" />
            <line number="82" hits="0" branch="false" />
            <line number="83" hits="0" branch="true" condition-coverage="0% (0/2)" />
            <line number="84" hits="0" branch="false" />
            <line number="85" hits="0" branch="false" />
            <line number="86" hits="0" branch="false" />
            <line number="88" hits="0" branch="true" condition-coverage="0% (0/8)" />
            <line number="90" hits="0" branch="false" />
            <line number="91" hits="0" branch="false" />
            <line number="92" hits="0" branch="false" />
            <line number="93" hits="0" branch="false" />
            <line number="94" hits="0" branch="false" />
            <line number="95" hits="0" branch="false" />
            <line number="96" hits="0" branch="false" />
            <line number="98" hits="0" branch="false" />
            <line number="99" hits="0" branch="false" />
          </lines>
        </class>
        <class name="Lib.PartTimeStudent" filename="D:\Code\С#\Aboba\Lab_10\Lib\PartTimeStudent.cs" line-rate="1" branch-rate="1" complexity="2">
          <methods>
            <method name="NumberTimesAtUniversity" signature="()" line-rate="1" branch-rate="1" complexity="NaN">
              <lines>
                <line number="14" hits="4" branch="false" />
              </lines>
            </method>
            <method name="NumberTimesAtUniversity" signature="(System.Int32)" line-rate="1" branch-rate="1" complexity="NaN">
              <lines>
                <line number="16" hits="6" branch="false" />
                <line number="17" hits="6" branch="true" condition-coverage="100% (2/2)" />
                <line number="18" hits="1" branch="false" />
                <line number="20" hits="5" branch="false" />
                <line number="21" hits="6" branch="false" />
              </lines>
            </method>
            <method name=".ctor" signature="()" line-rate="1" branch-rate="1" complexity="1">
              <lines>
                <line number="23" hits="2" branch="false" />
                <line number="24" hits="2" branch="false" />
                <line number="25" hits="2" branch="false" />
                <line number="26" hits="2" branch="false" />
              </lines>
            </method>
            <method name=".ctor" signature="(System.String,System.String,System.Int32,System.String,System.Double,System.String,System.String,System.Int32,System.Int32,System.String,System.Int32)" line-rate="1" branch-rate="1" complexity="NaN">
              <lines>
                <line number="28" hits="2" branch="false" />
                <line number="29" hits="2" branch="false" />
                <line number="30" hits="2" branch="false" />
                <line number="31" hits="2" branch="false" />
              </lines>
            </method>
            <method name="Show" signature="()" line-rate="1" branch-rate="1" complexity="1">
              <lines>
                <line number="35" hits="1" branch="false" />
                <line number="36" hits="1" branch="false" />
                <line number="37" hits="1" branch="false" />
                <line number="38" hits="1" branch="false" />
              </lines>
            </method>
          </methods>
          <lines>
            <line number="14" hits="4" branch="false" />
            <line number="16" hits="6" branch="false" />
            <line number="17" hits="6" branch="true" condition-coverage="100% (2/2)" />
            <line number="18" hits="1" branch="false" />
            <line number="20" hits="5" branch="false" />
            <line number="21" hits="6" branch="false" />
            <line number="23" hits="2" branch="false" />
            <line number="24" hits="2" branch="false" />
            <line number="25" hits="2" branch="false" />
            <line number="26" hits="2" branch="false" />
            <line number="28" hits="2" branch="false" />
            <line number="29" hits="2" branch="false" />
            <line number="30" hits="2" branch="false" />
            <line number="31" hits="2" branch="false" />
            <line number="35" hits="1" branch="false" />
            <line number="36" hits="1" branch="false" />
            <line number="37" hits="1" branch="false" />
            <line number="38" hits="1" branch="false" />
          </lines>
        </class>
        <class name="Lib.Person" filename="D:\Code\С#\Aboba\Lab_10\Lib\Person.cs" line-rate="0.9949748743718593" branch-rate="0.9375" complexity="24">
          <methods>
            <method name="Name" signature="()" line-rate="1" branch-rate="1" complexity="NaN">
              <lines>
                <line number="37" hits="264" branch="false" />
              </lines>
            </method>
            <method name="Name" signature="(System.String)" line-rate="1" branch-rate="1" complexity="NaN">
              <lines>
                <line number="38" hits="378" branch="false" />
              </lines>
            </method>
            <method name="Surname" signature="()" line-rate="1" branch-rate="1" complexity="NaN">
              <lines>
                <line number="44" hits="222" branch="false" />
              </lines>
            </method>
            <method name="Surname" signature="(System.String)" line-rate="1" branch-rate="1" complexity="NaN">
              <lines>
                <line number="45" hits="378" branch="false" />
              </lines>
            </method>
            <method name="CountMens" signature="()" line-rate="1" branch-rate="1" complexity="NaN">
              <lines>
                <line number="51" hits="100" branch="false" />
              </lines>
            </method>
            <method name="CountMens" signature="(System.Int32)" line-rate="1" branch-rate="1" complexity="NaN">
              <lines>
                <line number="53" hits="98" branch="false" />
                <line number="54" hits="98" branch="true" condition-coverage="100% (2/2)" />
                <line number="55" hits="1" branch="false" />
                <line number="56" hits="97" branch="true" condition-coverage="100% (2/2)" />
                <line number="57" hits="6" branch="false" />
                <line number="59" hits="91" branch="false" />
                <line number="60" hits="98" branch="false" />
              </lines>
            </method>
            <method name="CountWomens" signature="()" line-rate="1" branch-rate="1" complexity="NaN">
              <lines>
                <line number="66" hits="25" branch="false" />
              </lines>
            </method>
            <method name="CountWomens" signature="(System.Int32)" line-rate="1" branch-rate="1" complexity="NaN">
              <lines>
                <line number="68" hits="23" branch="false" />
                <line number="69" hits="23" branch="true" condition-coverage="100% (2/2)" />
                <line number="70" hits="1" branch="false" />
                <line number="71" hits="22" branch="true" condition-coverage="100% (2/2)" />
                <line number="72" hits="4" branch="false" />
                <line number="74" hits="18" branch="false" />
                <line number="75" hits="23" branch="false" />
              </lines>
            </method>
            <method name="Sex" signature="()" line-rate="1" branch-rate="1" complexity="NaN">
              <lines>
                <line number="81" hits="2139" branch="false" />
              </lines>
            </method>
            <method name="Sex" signature="(System.String)" line-rate="1" branch-rate="1" complexity="NaN">
              <lines>
                <line number="82" hits="237" branch="false" />
              </lines>
            </method>
            <method name="Age" signature="()" line-rate="1" branch-rate="1" complexity="NaN">
              <lines>
                <line number="88" hits="174" branch="false" />
              </lines>
            </method>
            <method name="Age" signature="(System.Int32)" line-rate="1" branch-rate="1" complexity="NaN">
              <lines>
                <line number="90" hits="60" branch="false" />
                <line number="91" hits="60" branch="true" condition-coverage="100% (2/2)" />
                <line number="92" hits="1" branch="false" />
                <line number="93" hits="59" branch="true" condition-coverage="100% (2/2)" />
                <line number="94" hits="1" branch="false" />
                <line number="96" hits="58" branch="false" />
                <line number="97" hits="60" branch="false" />
              </lines>
            </method>
            <method name="AVGRating" signature="()" line-rate="1" branch-rate="1" complexity="NaN">
              <lines>
                <line number="102" hits="228" branch="false" />
              </lines>
            </method>
            <method name="AVGRating" signature="(System.Double)" line-rate="1" branch-rate="1" complexity="NaN">
              <lines>
                <line number="104" hits="129" branch="false" />
                <line number="105" hits="129" branch="true" condition-coverage="100% (2/2)" />
                <line number="106" hits="1" branch="false" />
                <line number="107" hits="128" branch="true" condition-coverage="100% (2/2)" />
                <line number="108" hits="1" branch="false" />
                <line number="110" hits="127" branch="false" />
                <line number="111" hits="129" branch="false" />
              </lines>
            </method>
            <method name="NullAllPerson" signature="()" line-rate="1" branch-rate="1" complexity="1">
              <lines>
                <line number="30" hits="2" branch="false" />
                <line number="31" hits="2" branch="false" />
                <line number="32" hits="2" branch="false" />
              </lines>
            </method>
            <method name="AddPersons" signature="(Lib.Person[],Lib.Person)" line-rate="1" branch-rate="1" complexity="NaN">
              <lines>
                <line number="115" hits="125" branch="false" />
                <line number="116" hits="125" branch="false" />
                <line number="117" hits="4304" branch="true" condition-coverage="100% (2/2)" />
                <line number="118" hits="2027" branch="false" />
                <line number="119" hits="2027" branch="false" />
                <line number="120" hits="2027" branch="false" />
                <line number="121" hits="125" branch="false" />
                <line number="122" hits="125" branch="false" />
                <line number="123" hits="125" branch="false" />
              </lines>
            </method>
            <method name="ShowAllPersons" signature="()" line-rate="1" branch-rate="1" complexity="2">
              <lines>
                <line number="126" hits="1" branch="false" />
                <line number="127" hits="29" branch="false" />
                <line number="128" hits="13" branch="false" />
                <line number="129" hits="13" branch="false" />
                <line number="130" hits="13" branch="false" />
                <line number="131" hits="1" branch="false" />
              </lines>
            </method>
            <method name=".ctor" signature="()" line-rate="1" branch-rate="0.8333333333333334" complexity="4">
              <lines>
                <line number="134" hits="46" branch="false" />
                <line number="135" hits="46" branch="false" />
                <line number="136" hits="46" branch="false" />
                <line number="137" hits="46" branch="false" />
                <line number="138" hits="46" branch="false" />
                <line number="139" hits="46" branch="false" />
                <line number="140" hits="46" branch="false" />
                <line number="141" hits="46" branch="true" condition-coverage="100% (2/2)" />
                <line number="142" hits="31" branch="false" />
                <line number="144" hits="15" branch="false" />
                <line number="145" hits="46" branch="false" />
                <line number="146" hits="46" branch="true" condition-coverage="100% (2/2)" />
                <line number="147" hits="31" branch="false" />
                <line number="148" hits="15" branch="true" condition-coverage="50% (1/2)" />
                <line number="149" hits="15" branch="false" />
                <line number="150" hits="46" branch="false" />
                <line number="151" hits="46" branch="false" />
              </lines>
            </method>
            <method name="CheckMens" signature="(Lib.Person)" line-rate="1" branch-rate="0.9" complexity="NaN">
              <lines>
                <line number="154" hits="156" branch="false" />
                <line number="155" hits="156" branch="true" condition-coverage="90% (9/10)" />
                <line number="156" hits="109" branch="false" />
                <line number="157" hits="109" branch="false" />
                <line number="159" hits="47" branch="false" />
                <line number="160" hits="156" branch="false" />
              </lines>
            </method>
            <method name="CheckWomens" signature="(Lib.Person)" line-rate="1" branch-rate="0.9" complexity="NaN">
              <lines>
                <line number="163" hits="67" branch="false" />
                <line number="164" hits="67" branch="true" condition-coverage="90% (9/10)" />
                <line number="165" hits="20" branch="false" />
                <line number="166" hits="20" branch="false" />
                <line number="168" hits="47" branch="false" />
                <line number="169" hits="67" branch="false" />
              </lines>
            </method>
            <method name="ShowMens" signature="()" line-rate="1" branch-rate="1" complexity="4">
              <lines>
                <line number="172" hits="3" branch="false" />
                <line number="173" hits="3" branch="false" />
                <line number="174" hits="71" branch="false" />
                <line number="175" hits="31" branch="false" />
                <line number="176" hits="31" branch="true" condition-coverage="100% (2/2)" />
                <line number="177" hits="16" branch="false" />
                <line number="178" hits="16" branch="false" />
                <line number="179" hits="16" branch="false" />
                <line number="180" hits="16" branch="false" />
                <line number="181" hits="31" branch="false" />
                <line number="182" hits="3" branch="true" condition-coverage="100% (2/2)" />
                <line number="183" hits="1" branch="false" />
                <line number="184" hits="3" branch="false" />
              </lines>
            </method>
            <method name="ShowWomens" signature="()" line-rate="1" branch-rate="1" complexity="4">
              <lines>
                <line number="187" hits="3" branch="false" />
                <line number="188" hits="3" branch="false" />
                <line number="189" hits="79" branch="false" />
                <line number="190" hits="35" branch="false" />
                <line number="191" hits="35" branch="true" condition-coverage="100% (2/2)" />
                <line number="192" hits="2" branch="false" />
                <line number="193" hits="2" branch="false" />
                <line number="194" hits="2" branch="false" />
                <line number="195" hits="2" branch="false" />
                <line number="196" hits="35" branch="false" />
                <line number="197" hits="3" branch="true" condition-coverage="100% (2/2)" />
                <line number="198" hits="1" branch="false" />
                <line number="199" hits="3" branch="false" />
              </lines>
            </method>
            <method name=".ctor" signature="(System.String,System.String,System.Int32,System.String,System.Double)" line-rate="1" branch-rate="1" complexity="NaN">
              <lines>
                <line number="202" hits="79" branch="false" />
                <line number="203" hits="79" branch="false" />
                <line number="204" hits="79" branch="false" />
                <line number="205" hits="79" branch="false" />
                <line number="206" hits="79" branch="false" />
                <line number="207" hits="79" branch="false" />
                <line number="208" hits="79" branch="false" />
                <line number="210" hits="79" branch="true" condition-coverage="100% (2/2)" />
                <line number="211" hits="62" branch="false" />
                <line number="212" hits="17" branch="true" condition-coverage="100% (2/2)" />
                <line number="213" hits="3" branch="false" />
                <line number="216" hits="79" branch="false" />
                <line number="217" hits="79" branch="false" />
              </lines>
            </method>
            <method name=".ctor" signature="(System.String)" line-rate="0" branch-rate="1" complexity="NaN">
              <lines>
                <line number="219" hits="0" branch="false" />
              </lines>
            </method>
            <method name="Show" signature="()" line-rate="1" branch-rate="1" complexity="1">
              <lines>
                <line number="223" hits="43" branch="false" />
                <line number="224" hits="43" branch="false" />
                <line number="225" hits="43" branch="false" />
                <line number="227" hits="43" branch="false" />
                <line number="228" hits="43" branch="false" />
                <line number="229" hits="43" branch="false" />
                <line number="230" hits="43" branch="false" />
                <line number="231" hits="43" branch="false" />
              </lines>
            </method>
            <method name="CheckNotZero" signature="(System.Int32)" line-rate="1" branch-rate="1" complexity="NaN">
              <lines>
                <line number="234" hits="4" branch="false" />
                <line number="235" hits="4" branch="true" condition-coverage="100% (2/2)" />
                <line number="236" hits="2" branch="false" />
                <line number="237" hits="2" branch="false" />
                <line number="238" hits="4" branch="false" />
              </lines>
            </method>
            <method name="ShowErrorMens" signature="()" line-rate="1" branch-rate="1" complexity="1">
              <lines>
                <line number="241" hits="2" branch="false" />
                <line number="242" hits="2" branch="false" />
                <line number="243" hits="2" branch="false" />
                <line number="244" hits="2" branch="false" />
                <line number="245" hits="2" branch="false" />
              </lines>
            </method>
            <method name="ShowErrorWomens" signature="()" line-rate="1" branch-rate="1" complexity="1">
              <lines>
                <line number="248" hits="2" branch="false" />
                <line number="249" hits="2" branch="false" />
                <line number="250" hits="2" branch="false" />
                <line number="251" hits="2" branch="false" />
                <line number="252" hits="2" branch="false" />
              </lines>
            </method>
            <method name="ShowCountMens" signature="()" line-rate="1" branch-rate="1" complexity="2">
              <lines>
                <line number="255" hits="2" branch="false" />
                <line number="257" hits="2" branch="true" condition-coverage="100% (2/2)" />
                <line number="258" hits="1" branch="false" />
                <line number="259" hits="1" branch="false" />
                <line number="260" hits="1" branch="false" />
                <line number="261" hits="1" branch="false" />
                <line number="262" hits="1" branch="false" />
                <line number="264" hits="1" branch="false" />
                <line number="265" hits="2" branch="false" />
              </lines>
            </method>
            <method name="ShowCountWomens" signature="()" line-rate="1" branch-rate="1" complexity="2">
              <lines>
                <line number="268" hits="2" branch="false" />
                <line number="269" hits="2" branch="true" condition-coverage="100% (2/2)" />
                <line number="270" hits="1" branch="false" />
                <line number="271" hits="1" branch="false" />
                <line number="272" hits="1" branch="false" />
                <line number="273" hits="1" branch="false" />
                <line number="274" hits="1" branch="false" />
                <line number="276" hits="1" branch="false" />
                <line number="277" hits="2" branch="false" />
              </lines>
            </method>
            <method name="ShowCount" signature="(System.Int32)" line-rate="1" branch-rate="1" complexity="NaN">
              <lines>
                <line number="280" hits="5" branch="false" />
                <line number="281" hits="5" branch="true" condition-coverage="100% (2/2)" />
                <line number="282" hits="2" branch="false" />
                <line number="283" hits="3" branch="true" condition-coverage="100% (2/2)" />
                <line number="284" hits="2" branch="false" />
                <line number="286" hits="1" branch="false" />
                <line number="287" hits="5" branch="false" />
              </lines>
            </method>
            <method name="CompareTo" signature="(System.Object)" line-rate="1" branch-rate="1" complexity="NaN">
              <lines>
                <line number="289" hits="3" branch="false" />
                <line number="290" hits="3" branch="false" />
                <line number="291" hits="3" branch="true" condition-coverage="100% (2/2)" />
                <line number="292" hits="1" branch="false" />
                <line number="293" hits="2" branch="true" condition-coverage="100% (2/2)" />
                <line number="294" hits="1" branch="false" />
                <line number="295" hits="1" branch="false" />
                <line number="296" hits="3" branch="false" />
              </lines>
            </method>
            <method name="Equals" signature="(System.Object)" line-rate="1" branch-rate="0.8" complexity="NaN">
              <lines>
                <line number="299" hits="3" branch="false" />
                <line number="300" hits="3" branch="true" condition-coverage="100% (2/2)" />
                <line number="301" hits="2" branch="false" />
                <line number="302" hits="2" branch="false" />
                <line number="303" hits="2" branch="true" condition-coverage="75% (6/8)" />
                <line number="304" hits="2" branch="false" />
                <line number="305" hits="2" branch="false" />
                <line number="306" hits="2" branch="false" />
                <line number="307" hits="2" branch="false" />
                <line number="309" hits="1" branch="false" />
                <line number="310" hits="3" branch="false" />
              </lines>
            </method>
            <method name="GetHashCode" signature="()" line-rate="1" branch-rate="1" complexity="1">
              <lines>
                <line number="314" hits="4" branch="false" />
                <line number="315" hits="4" branch="false" />
                <line number="316" hits="4" branch="false" />
                <line number="317" hits="4" branch="false" />
              </lines>
            </method>
            <method name=".cctor" signature="()" line-rate="1" branch-rate="1" complexity="1">
              <lines>
                <line number="25" hits="5" branch="false" />
                <line number="26" hits="5" branch="false" />
                <line number="27" hits="5" branch="false" />
              </lines>
            </method>
          </methods>
          <lines>
            <line number="25" hits="5" branch="false" />
            <line number="26" hits="5" branch="false" />
            <line number="27" hits="5" branch="false" />
            <line number="30" hits="2" branch="false" />
            <line number="31" hits="2" branch="false" />
            <line number="32" hits="2" branch="false" />
            <line number="37" hits="264" branch="false" />
            <line number="38" hits="378" branch="false" />
            <line number="44" hits="222" branch="false" />
            <line number="45" hits="378" branch="false" />
            <line number="51" hits="100" branch="false" />
            <line number="53" hits="98" branch="false" />
            <line number="54" hits="98" branch="true" condition-coverage="100% (2/2)" />
            <line number="55" hits="1" branch="false" />
            <line number="56" hits="97" branch="true" condition-coverage="100% (2/2)" />
            <line number="57" hits="6" branch="false" />
            <line number="59" hits="91" branch="false" />
            <line number="60" hits="98" branch="false" />
            <line number="66" hits="25" branch="false" />
            <line number="68" hits="23" branch="false" />
            <line number="69" hits="23" branch="true" condition-coverage="100% (2/2)" />
            <line number="70" hits="1" branch="false" />
            <line number="71" hits="22" branch="true" condition-coverage="100% (2/2)" />
            <line number="72" hits="4" branch="false" />
            <line number="74" hits="18" branch="false" />
            <line number="75" hits="23" branch="false" />
            <line number="81" hits="2139" branch="false" />
            <line number="82" hits="237" branch="false" />
            <line number="88" hits="174" branch="false" />
            <line number="90" hits="60" branch="false" />
            <line number="91" hits="60" branch="true" condition-coverage="100% (2/2)" />
            <line number="92" hits="1" branch="false" />
            <line number="93" hits="59" branch="true" condition-coverage="100% (2/2)" />
            <line number="94" hits="1" branch="false" />
            <line number="96" hits="58" branch="false" />
            <line number="97" hits="60" branch="false" />
            <line number="102" hits="228" branch="false" />
            <line number="104" hits="129" branch="false" />
            <line number="105" hits="129" branch="true" condition-coverage="100% (2/2)" />
            <line number="106" hits="1" branch="false" />
            <line number="107" hits="128" branch="true" condition-coverage="100% (2/2)" />
            <line number="108" hits="1" branch="false" />
            <line number="110" hits="127" branch="false" />
            <line number="111" hits="129" branch="false" />
            <line number="115" hits="125" branch="false" />
            <line number="116" hits="125" branch="false" />
            <line number="117" hits="4304" branch="true" condition-coverage="100% (2/2)" />
            <line number="118" hits="2027" branch="false" />
            <line number="119" hits="2027" branch="false" />
            <line number="120" hits="2027" branch="false" />
            <line number="121" hits="125" branch="false" />
            <line number="122" hits="125" branch="false" />
            <line number="123" hits="125" branch="false" />
            <line number="126" hits="1" branch="false" />
            <line number="127" hits="29" branch="false" />
            <line number="128" hits="13" branch="false" />
            <line number="129" hits="13" branch="false" />
            <line number="130" hits="13" branch="false" />
            <line number="131" hits="1" branch="false" />
            <line number="134" hits="46" branch="false" />
            <line number="135" hits="46" branch="false" />
            <line number="136" hits="46" branch="false" />
            <line number="137" hits="46" branch="false" />
            <line number="138" hits="46" branch="false" />
            <line number="139" hits="46" branch="false" />
            <line number="140" hits="46" branch="false" />
            <line number="141" hits="46" branch="true" condition-coverage="100% (2/2)" />
            <line number="142" hits="31" branch="false" />
            <line number="144" hits="15" branch="false" />
            <line number="145" hits="46" branch="false" />
            <line number="146" hits="46" branch="true" condition-coverage="100% (2/2)" />
            <line number="147" hits="31" branch="false" />
            <line number="148" hits="15" branch="true" condition-coverage="50% (1/2)" />
            <line number="149" hits="15" branch="false" />
            <line number="150" hits="46" branch="false" />
            <line number="151" hits="46" branch="false" />
            <line number="154" hits="156" branch="false" />
            <line number="155" hits="156" branch="true" condition-coverage="90% (9/10)" />
            <line number="156" hits="109" branch="false" />
            <line number="157" hits="109" branch="false" />
            <line number="159" hits="47" branch="false" />
            <line number="160" hits="156" branch="false" />
            <line number="163" hits="67" branch="false" />
            <line number="164" hits="67" branch="true" condition-coverage="90% (9/10)" />
            <line number="165" hits="20" branch="false" />
            <line number="166" hits="20" branch="false" />
            <line number="168" hits="47" branch="false" />
            <line number="169" hits="67" branch="false" />
            <line number="172" hits="3" branch="false" />
            <line number="173" hits="3" branch="false" />
            <line number="174" hits="71" branch="false" />
            <line number="175" hits="31" branch="false" />
            <line number="176" hits="31" branch="true" condition-coverage="100% (2/2)" />
            <line number="177" hits="16" branch="false" />
            <line number="178" hits="16" branch="false" />
            <line number="179" hits="16" branch="false" />
            <line number="180" hits="16" branch="false" />
            <line number="181" hits="31" branch="false" />
            <line number="182" hits="3" branch="true" condition-coverage="100% (2/2)" />
            <line number="183" hits="1" branch="false" />
            <line number="184" hits="3" branch="false" />
            <line number="187" hits="3" branch="false" />
            <line number="188" hits="3" branch="false" />
            <line number="189" hits="79" branch="false" />
            <line number="190" hits="35" branch="false" />
            <line number="191" hits="35" branch="true" condition-coverage="100% (2/2)" />
            <line number="192" hits="2" branch="false" />
            <line number="193" hits="2" branch="false" />
            <line number="194" hits="2" branch="false" />
            <line number="195" hits="2" branch="false" />
            <line number="196" hits="35" branch="false" />
            <line number="197" hits="3" branch="true" condition-coverage="100% (2/2)" />
            <line number="198" hits="1" branch="false" />
            <line number="199" hits="3" branch="false" />
            <line number="202" hits="79" branch="false" />
            <line number="203" hits="79" branch="false" />
            <line number="204" hits="79" branch="false" />
            <line number="205" hits="79" branch="false" />
            <line number="206" hits="79" branch="false" />
            <line number="207" hits="79" branch="false" />
            <line number="208" hits="79" branch="false" />
            <line number="210" hits="79" branch="true" condition-coverage="100% (2/2)" />
            <line number="211" hits="62" branch="false" />
            <line number="212" hits="17" branch="true" condition-coverage="100% (2/2)" />
            <line number="213" hits="3" branch="false" />
            <line number="216" hits="79" branch="false" />
            <line number="217" hits="79" branch="false" />
            <line number="219" hits="0" branch="false" />
            <line number="223" hits="43" branch="false" />
            <line number="224" hits="43" branch="false" />
            <line number="225" hits="43" branch="false" />
            <line number="227" hits="43" branch="false" />
            <line number="228" hits="43" branch="false" />
            <line number="229" hits="43" branch="false" />
            <line number="230" hits="43" branch="false" />
            <line number="231" hits="43" branch="false" />
            <line number="234" hits="4" branch="false" />
            <line number="235" hits="4" branch="true" condition-coverage="100% (2/2)" />
            <line number="236" hits="2" branch="false" />
            <line number="237" hits="2" branch="false" />
            <line number="238" hits="4" branch="false" />
            <line number="241" hits="2" branch="false" />
            <line number="242" hits="2" branch="false" />
            <line number="243" hits="2" branch="false" />
            <line number="244" hits="2" branch="false" />
            <line number="245" hits="2" branch="false" />
            <line number="248" hits="2" branch="false" />
            <line number="249" hits="2" branch="false" />
            <line number="250" hits="2" branch="false" />
            <line number="251" hits="2" branch="false" />
            <line number="252" hits="2" branch="false" />
            <line number="255" hits="2" branch="false" />
            <line number="257" hits="2" branch="true" condition-coverage="100% (2/2)" />
            <line number="258" hits="1" branch="false" />
            <line number="259" hits="1" branch="false" />
            <line number="260" hits="1" branch="false" />
            <line number="261" hits="1" branch="false" />
            <line number="262" hits="1" branch="false" />
            <line number="264" hits="1" branch="false" />
            <line number="265" hits="2" branch="false" />
            <line number="268" hits="2" branch="false" />
            <line number="269" hits="2" branch="true" condition-coverage="100% (2/2)" />
            <line number="270" hits="1" branch="false" />
            <line number="271" hits="1" branch="false" />
            <line number="272" hits="1" branch="false" />
            <line number="273" hits="1" branch="false" />
            <line number="274" hits="1" branch="false" />
            <line number="276" hits="1" branch="false" />
            <line number="277" hits="2" branch="false" />
            <line number="280" hits="5" branch="false" />
            <line number="281" hits="5" branch="true" condition-coverage="100% (2/2)" />
            <line number="282" hits="2" branch="false" />
            <line number="283" hits="3" branch="true" condition-coverage="100% (2/2)" />
            <line number="284" hits="2" branch="false" />
            <line number="286" hits="1" branch="false" />
            <line number="287" hits="5" branch="false" />
            <line number="289" hits="3" branch="false" />
            <line number="290" hits="3" branch="false" />
            <line number="291" hits="3" branch="true" condition-coverage="100% (2/2)" />
            <line number="292" hits="1" branch="false" />
            <line number="293" hits="2" branch="true" condition-coverage="100% (2/2)" />
            <line number="294" hits="1" branch="false" />
            <line number="295" hits="1" branch="false" />
            <line number="296" hits="3" branch="false" />
            <line number="299" hits="3" branch="false" />
            <line number="300" hits="3" branch="true" condition-coverage="100% (2/2)" />
            <line number="301" hits="2" branch="false" />
            <line number="302" hits="2" branch="false" />
            <line number="303" hits="2" branch="true" condition-coverage="75% (6/8)" />
            <line number="304" hits="2" branch="false" />
            <line number="305" hits="2" branch="false" />
            <line number="306" hits="2" branch="false" />
            <line number="307" hits="2" branch="false" />
            <line number="309" hits="1" branch="false" />
            <line number="310" hits="3" branch="false" />
            <line number="314" hits="4" branch="false" />
            <line number="315" hits="4" branch="false" />
            <line number="316" hits="4" branch="false" />
            <line number="317" hits="4" branch="false" />
          </lines>
        </class>
        <class name="Lib.Schoolboy" filename="D:\Code\С#\Aboba\Lab_10\Lib\Schoolboy.cs" line-rate="1" branch-rate="1" complexity="2">
          <methods>
            <method name="SchoolName" signature="()" line-rate="1" branch-rate="1" complexity="NaN">
              <lines>
                <line number="12" hits="3" branch="false" />
              </lines>
            </method>
            <method name="SchoolName" signature="(System.String)" line-rate="1" branch-rate="1" complexity="NaN">
              <lines>
                <line number="13" hits="24" branch="false" />
              </lines>
            </method>
            <method name="NumberClass" signature="()" line-rate="1" branch-rate="1" complexity="NaN">
              <lines>
                <line number="18" hits="5" branch="false" />
              </lines>
            </method>
            <method name="NumberClass" signature="(System.Int32)" line-rate="1" branch-rate="1" complexity="NaN">
              <lines>
                <line number="20" hits="26" branch="false" />
                <line number="21" hits="26" branch="true" condition-coverage="100% (2/2)" />
                <line number="22" hits="8" branch="false" />
                <line number="23" hits="18" branch="true" condition-coverage="100% (2/2)" />
                <line number="24" hits="1" branch="false" />
                <line number="26" hits="17" branch="false" />
                <line number="27" hits="26" branch="false" />
              </lines>
            </method>
            <method name="Age" signature="()" line-rate="1" branch-rate="1" complexity="NaN">
              <lines>
                <line number="33" hits="11" branch="false" />
                <line number="34" hits="11" branch="false" />
                <line number="35" hits="11" branch="false" />
              </lines>
            </method>
            <method name="Age" signature="(System.Int32)" line-rate="1" branch-rate="1" complexity="NaN">
              <lines>
                <line number="37" hits="26" branch="false" />
                <line number="38" hits="26" branch="true" condition-coverage="100% (2/2)" />
                <line number="39" hits="1" branch="false" />
                <line number="40" hits="25" branch="true" condition-coverage="100% (2/2)" />
                <line number="41" hits="1" branch="false" />
                <line number="43" hits="24" branch="false" />
                <line number="44" hits="26" branch="false" />
              </lines>
            </method>
            <method name=".ctor" signature="()" line-rate="1" branch-rate="1" complexity="1">
              <lines>
                <line number="47" hits="16" branch="false" />
                <line number="48" hits="16" branch="false" />
                <line number="49" hits="16" branch="false" />
                <line number="50" hits="16" branch="false" />
                <line number="51" hits="16" branch="false" />
              </lines>
            </method>
            <method name=".ctor" signature="(System.String,System.String,System.Int32,System.String,System.Double,System.String,System.Int32)" line-rate="1" branch-rate="1" complexity="NaN">
              <lines>
                <line number="54" hits="7" branch="false" />
                <line number="55" hits="7" branch="false" />
                <line number="56" hits="7" branch="false" />
                <line number="57" hits="7" branch="false" />
                <line number="58" hits="7" branch="false" />
              </lines>
            </method>
            <method name="Show" signature="()" line-rate="1" branch-rate="1" complexity="1">
              <lines>
                <line number="61" hits="1" branch="false" />
                <line number="62" hits="1" branch="false" />
                <line number="63" hits="1" branch="false" />
                <line number="64" hits="1" branch="false" />
              </lines>
            </method>
          </methods>
          <lines>
            <line number="12" hits="3" branch="false" />
            <line number="13" hits="24" branch="false" />
            <line number="18" hits="5" branch="false" />
            <line number="20" hits="26" branch="false" />
            <line number="21" hits="26" branch="true" condition-coverage="100% (2/2)" />
            <line number="22" hits="8" branch="false" />
            <line number="23" hits="18" branch="true" condition-coverage="100% (2/2)" />
            <line number="24" hits="1" branch="false" />
            <line number="26" hits="17" branch="false" />
            <line number="27" hits="26" branch="false" />
            <line number="33" hits="11" branch="false" />
            <line number="34" hits="11" branch="false" />
            <line number="35" hits="11" branch="false" />
            <line number="37" hits="26" branch="false" />
            <line number="38" hits="26" branch="true" condition-coverage="100% (2/2)" />
            <line number="39" hits="1" branch="false" />
            <line number="40" hits="25" branch="true" condition-coverage="100% (2/2)" />
            <line number="41" hits="1" branch="false" />
            <line number="43" hits="24" branch="false" />
            <line number="44" hits="26" branch="false" />
            <line number="47" hits="16" branch="false" />
            <line number="48" hits="16" branch="false" />
            <line number="49" hits="16" branch="false" />
            <line number="50" hits="16" branch="false" />
            <line number="51" hits="16" branch="false" />
            <line number="54" hits="7" branch="false" />
            <line number="55" hits="7" branch="false" />
            <line number="56" hits="7" branch="false" />
            <line number="57" hits="7" branch="false" />
            <line number="58" hits="7" branch="false" />
            <line number="61" hits="1" branch="false" />
            <line number="62" hits="1" branch="false" />
            <line number="63" hits="1" branch="false" />
            <line number="64" hits="1" branch="false" />
          </lines>
        </class>
        <class name="Lib.Student" filename="D:\Code\С#\Aboba\Lab_10\Lib\Student.cs" line-rate="0.9880952380952381" branch-rate="1" complexity="7">
          <methods>
            <method name="GroupName" signature="()" line-rate="1" branch-rate="1" complexity="NaN">
              <lines>
                <line number="20" hits="61" branch="false" />
              </lines>
            </method>
            <method name="GroupName" signature="(System.String)" line-rate="1" branch-rate="1" complexity="NaN">
              <lines>
                <line number="20" hits="61" branch="false" />
              </lines>
            </method>
            <method name="NumberExam" signature="()" line-rate="1" branch-rate="1" complexity="NaN">
              <lines>
                <line number="25" hits="16" branch="false" />
              </lines>
            </method>
            <method name="NumberExam" signature="(System.Int32)" line-rate="1" branch-rate="1" complexity="NaN">
              <lines>
                <line number="27" hits="48" branch="false" />
                <line number="28" hits="48" branch="true" condition-coverage="100% (2/2)" />
                <line number="29" hits="1" branch="false" />
                <line number="30" hits="47" branch="true" condition-coverage="100% (2/2)" />
                <line number="31" hits="1" branch="false" />
                <line number="33" hits="46" branch="false" />
                <line number="34" hits="48" branch="false" />
              </lines>
            </method>
            <method name="Course" signature="()" line-rate="1" branch-rate="1" complexity="NaN">
              <lines>
                <line number="39" hits="38" branch="false" />
              </lines>
            </method>
            <method name="Course" signature="(System.Int32)" line-rate="1" branch-rate="1" complexity="NaN">
              <lines>
                <line number="41" hits="48" branch="false" />
                <line number="42" hits="48" branch="true" condition-coverage="100% (2/2)" />
                <line number="43" hits="1" branch="false" />
                <line number="44" hits="47" branch="true" condition-coverage="100% (2/2)" />
                <line number="45" hits="1" branch="false" />
                <line number="47" hits="46" branch="false" />
                <line number="48" hits="48" branch="false" />
              </lines>
            </method>
            <method name="NameUniver" signature="()" line-rate="1" branch-rate="1" complexity="NaN">
              <lines>
                <line number="52" hits="14" branch="false" />
              </lines>
            </method>
            <method name="NameUniver" signature="(System.String)" line-rate="1" branch-rate="1" complexity="NaN">
              <lines>
                <line number="53" hits="46" branch="false" />
              </lines>
            </method>
            <method name="FormStudy" signature="()" line-rate="1" branch-rate="1" complexity="NaN">
              <lines>
                <line number="58" hits="14" branch="false" />
              </lines>
            </method>
            <method name="FormStudy" signature="(System.String)" line-rate="1" branch-rate="1" complexity="NaN">
              <lines>
                <line number="59" hits="46" branch="false" />
              </lines>
            </method>
            <method name="Mom" signature="()" line-rate="1" branch-rate="1" complexity="NaN">
              <lines>
                <line number="64" hits="19" branch="false" />
              </lines>
            </method>
            <method name="Mom" signature="(Lib.Person)" line-rate="1" branch-rate="1" complexity="NaN">
              <lines>
                <line number="65" hits="3" branch="false" />
              </lines>
            </method>
            <method name="Age" signature="()" line-rate="1" branch-rate="1" complexity="NaN">
              <lines>
                <line number="110" hits="23" branch="false" />
              </lines>
            </method>
            <method name="Age" signature="(System.Int32)" line-rate="1" branch-rate="1" complexity="NaN">
              <lines>
                <line number="112" hits="48" branch="false" />
                <line number="113" hits="48" branch="true" condition-coverage="100% (2/2)" />
                <line number="114" hits="1" branch="false" />
                <line number="115" hits="47" branch="true" condition-coverage="100% (2/2)" />
                <line number="116" hits="1" branch="false" />
                <line number="118" hits="46" branch="false" />
                <line number="119" hits="48" branch="false" />
              </lines>
            </method>
            <method name="AddStudents" signature="(Lib.Student[],Lib.Person)" line-rate="1" branch-rate="1" complexity="NaN">
              <lines>
                <line number="71" hits="45" branch="false" />
                <line number="72" hits="45" branch="false" />
                <line number="73" hits="986" branch="true" condition-coverage="100% (2/2)" />
                <line number="74" hits="448" branch="false" />
                <line number="75" hits="448" branch="false" />
                <line number="76" hits="448" branch="false" />
                <line number="77" hits="45" branch="false" />
                <line number="78" hits="45" branch="false" />
                <line number="79" hits="45" branch="false" />
              </lines>
            </method>
            <method name=".ctor" signature="(System.String)" line-rate="0" branch-rate="1" complexity="NaN">
              <lines>
                <line number="83" hits="0" branch="false" />
              </lines>
            </method>
            <method name=".ctor" signature="()" line-rate="1" branch-rate="1" complexity="1">
              <lines>
                <line number="87" hits="23" branch="false" />
                <line number="88" hits="23" branch="false" />
                <line number="89" hits="23" branch="false" />
                <line number="90" hits="23" branch="false" />
                <line number="91" hits="23" branch="false" />
                <line number="92" hits="23" branch="false" />
                <line number="93" hits="23" branch="false" />
                <line number="94" hits="23" branch="false" />
                <line number="95" hits="23" branch="false" />
              </lines>
            </method>
            <method name=".ctor" signature="(System.String,System.String,System.Int32,System.String,System.Double,System.String,System.String,System.Int32,System.Int32,System.String)" line-rate="1" branch-rate="1" complexity="NaN">
              <lines>
                <line number="98" hits="22" branch="false" />
                <line number="99" hits="22" branch="false" />
                <line number="100" hits="22" branch="false" />
                <line number="101" hits="22" branch="false" />
                <line number="102" hits="22" branch="false" />
                <line number="103" hits="22" branch="false" />
                <line number="104" hits="22" branch="false" />
                <line number="105" hits="22" branch="false" />
                <line number="106" hits="22" branch="false" />
              </lines>
            </method>
            <method name="Show" signature="()" line-rate="1" branch-rate="1" complexity="2">
              <lines>
                <line number="123" hits="10" branch="false" />
                <line number="124" hits="10" branch="false" />
                <line number="125" hits="10" branch="true" condition-coverage="100% (2/2)" />
                <line number="126" hits="2" branch="false" />
                <line number="128" hits="8" branch="false" />
                <line number="129" hits="10" branch="false" />
              </lines>
            </method>
            <method name="ShowAllWhereCourse" signature="(System.Int32)" line-rate="1" branch-rate="1" complexity="NaN">
              <lines>
                <line number="133" hits="1" branch="false" />
                <line number="134" hits="47" branch="false" />
                <line number="135" hits="22" branch="false" />
                <line number="136" hits="22" branch="true" condition-coverage="100% (2/2)" />
                <line number="137" hits="7" branch="false" />
                <line number="138" hits="22" branch="false" />
                <line number="139" hits="1" branch="false" />
              </lines>
            </method>
            <method name="ShallowClone" signature="()" line-rate="1" branch-rate="1" complexity="1">
              <lines>
                <line number="142" hits="1" branch="false" />
                <line number="143" hits="1" branch="false" />
                <line number="144" hits="1" branch="false" />
              </lines>
            </method>
            <method name="Clone" signature="()" line-rate="1" branch-rate="1" complexity="2">
              <lines>
                <line number="147" hits="2" branch="false" />
                <line number="148" hits="2" branch="false" />
                <line number="149" hits="2" branch="true" condition-coverage="100% (2/2)" />
                <line number="150" hits="1" branch="false" />
                <line number="151" hits="1" branch="false" />
                <line number="152" hits="1" branch="false" />
                <line number="153" hits="2" branch="false" />
                <line number="154" hits="2" branch="false" />
              </lines>
            </method>
            <method name=".cctor" signature="()" line-rate="1" branch-rate="1" complexity="1">
              <lines>
                <line number="17" hits="3" branch="false" />
              </lines>
            </method>
          </methods>
          <lines>
            <line number="17" hits="3" branch="false" />
            <line number="20" hits="61" branch="false" />
            <line number="25" hits="16" branch="false" />
            <line number="27" hits="48" branch="false" />
            <line number="28" hits="48" branch="true" condition-coverage="100% (2/2)" />
            <line number="29" hits="1" branch="false" />
            <line number="30" hits="47" branch="true" condition-coverage="100% (2/2)" />
            <line number="31" hits="1" branch="false" />
            <line number="33" hits="46" branch="false" />
            <line number="34" hits="48" branch="false" />
            <line number="39" hits="38" branch="false" />
            <line number="41" hits="48" branch="false" />
            <line number="42" hits="48" branch="true" condition-coverage="100% (2/2)" />
            <line number="43" hits="1" branch="false" />
            <line number="44" hits="47" branch="true" condition-coverage="100% (2/2)" />
            <line number="45" hits="1" branch="false" />
            <line number="47" hits="46" branch="false" />
            <line number="48" hits="48" branch="false" />
            <line number="52" hits="14" branch="false" />
            <line number="53" hits="46" branch="false" />
            <line number="58" hits="14" branch="false" />
            <line number="59" hits="46" branch="false" />
            <line number="64" hits="19" branch="false" />
            <line number="65" hits="3" branch="false" />
            <line number="71" hits="45" branch="false" />
            <line number="72" hits="45" branch="false" />
            <line number="73" hits="986" branch="true" condition-coverage="100% (2/2)" />
            <line number="74" hits="448" branch="false" />
            <line number="75" hits="448" branch="false" />
            <line number="76" hits="448" branch="false" />
            <line number="77" hits="45" branch="false" />
            <line number="78" hits="45" branch="false" />
            <line number="79" hits="45" branch="false" />
            <line number="83" hits="0" branch="false" />
            <line number="87" hits="23" branch="false" />
            <line number="88" hits="23" branch="false" />
            <line number="89" hits="23" branch="false" />
            <line number="90" hits="23" branch="false" />
            <line number="91" hits="23" branch="false" />
            <line number="92" hits="23" branch="false" />
            <line number="93" hits="23" branch="false" />
            <line number="94" hits="23" branch="false" />
            <line number="95" hits="23" branch="false" />
            <line number="98" hits="22" branch="false" />
            <line number="99" hits="22" branch="false" />
            <line number="100" hits="22" branch="false" />
            <line number="101" hits="22" branch="false" />
            <line number="102" hits="22" branch="false" />
            <line number="103" hits="22" branch="false" />
            <line number="104" hits="22" branch="false" />
            <line number="105" hits="22" branch="false" />
            <line number="106" hits="22" branch="false" />
            <line number="110" hits="23" branch="false" />
            <line number="112" hits="48" branch="false" />
            <line number="113" hits="48" branch="true" condition-coverage="100% (2/2)" />
            <line number="114" hits="1" branch="false" />
            <line number="115" hits="47" branch="true" condition-coverage="100% (2/2)" />
            <line number="116" hits="1" branch="false" />
            <line number="118" hits="46" branch="false" />
            <line number="119" hits="48" branch="false" />
            <line number="123" hits="10" branch="false" />
            <line number="124" hits="10" branch="false" />
            <line number="125" hits="10" branch="true" condition-coverage="100% (2/2)" />
            <line number="126" hits="2" branch="false" />
            <line number="128" hits="8" branch="false" />
            <line number="129" hits="10" branch="false" />
            <line number="133" hits="1" branch="false" />
            <line number="134" hits="47" branch="false" />
            <line number="135" hits="22" branch="false" />
            <line number="136" hits="22" branch="true" condition-coverage="100% (2/2)" />
            <line number="137" hits="7" branch="false" />
            <line number="138" hits="22" branch="false" />
            <line number="139" hits="1" branch="false" />
            <line number="142" hits="1" branch="false" />
            <line number="143" hits="1" branch="false" />
            <line number="144" hits="1" branch="false" />
            <line number="147" hits="2" branch="false" />
            <line number="148" hits="2" branch="false" />
            <line number="149" hits="2" branch="true" condition-coverage="100% (2/2)" />
            <line number="150" hits="1" branch="false" />
            <line number="151" hits="1" branch="false" />
            <line number="152" hits="1" branch="false" />
            <line number="153" hits="2" branch="false" />
            <line number="154" hits="2" branch="false" />
          </lines>
        </class>
      </classes>
    </package>
    <package name="TestCompareBy" line-rate="1" branch-rate="1" complexity="6">
      <classes>
        <class name="TestCompareBy.UnitTest1" filename="D:\Code\С#\Aboba\Lab_10\TestCompareBy\UnitTest1.cs" line-rate="1" branch-rate="1" complexity="6">
          <methods>
            <method name="TestCompareByAVGRating" signature="()" line-rate="1" branch-rate="1" complexity="1">
              <lines>
                <line number="12" hits="1" branch="false" />
                <line number="13" hits="1" branch="false" />
                <line number="14" hits="1" branch="false" />
                <line number="15" hits="1" branch="false" />
                <line number="16" hits="1" branch="false" />
                <line number="17" hits="1" branch="false" />
                <line number="18" hits="1" branch="false" />
                <line number="19" hits="1" branch="false" />
                <line number="20" hits="1" branch="false" />
              </lines>
            </method>
            <method name="TestCompareByName" signature="()" line-rate="1" branch-rate="1" complexity="1">
              <lines>
                <line number="24" hits="1" branch="false" />
                <line number="25" hits="1" branch="false" />
                <line number="26" hits="1" branch="false" />
                <line number="27" hits="1" branch="false" />
                <line number="28" hits="1" branch="false" />
                <line number="29" hits="1" branch="false" />
                <line number="30" hits="1" branch="false" />
                <line number="31" hits="1" branch="false" />
                <line number="32" hits="1" branch="false" />
              </lines>
            </method>
            <method name="TestCompareBySurname" signature="()" line-rate="1" branch-rate="1" complexity="1">
              <lines>
                <line number="36" hits="1" branch="false" />
                <line number="37" hits="1" branch="false" />
                <line number="38" hits="1" branch="false" />
                <line number="39" hits="1" branch="false" />
                <line number="40" hits="1" branch="false" />
                <line number="41" hits="1" branch="false" />
                <line number="42" hits="1" branch="false" />
                <line number="43" hits="1" branch="false" />
                <line number="44" hits="1" branch="false" />
              </lines>
            </method>
            <method name="TestCompareByAge" signature="()" line-rate="1" branch-rate="1" complexity="1">
              <lines>
                <line number="48" hits="1" branch="false" />
                <line number="49" hits="1" branch="false" />
                <line number="50" hits="1" branch="false" />
                <line number="51" hits="1" branch="false" />
                <line number="52" hits="1" branch="false" />
                <line number="53" hits="1" branch="false" />
                <line number="54" hits="1" branch="false" />
                <line number="55" hits="1" branch="false" />
                <line number="56" hits="1" branch="false" />
              </lines>
            </method>
            <method name="TestCompareByPerson" signature="()" line-rate="1" branch-rate="1" complexity="1">
              <lines>
                <line number="60" hits="1" branch="false" />
                <line number="61" hits="1" branch="false" />
                <line number="62" hits="1" branch="false" />
                <line number="63" hits="1" branch="false" />
                <line number="64" hits="1" branch="false" />
                <line number="65" hits="1" branch="false" />
                <line number="66" hits="1" branch="false" />
                <line number="67" hits="1" branch="false" />
                <line number="68" hits="1" branch="false" />
                <line number="69" hits="1" branch="false" />
              </lines>
            </method>
            <method name="TestCompareByPersonError" signature="()" line-rate="1" branch-rate="1" complexity="1">
              <lines>
                <line number="73" hits="1" branch="false" />
                <line number="74" hits="1" branch="false" />
                <line number="75" hits="1" branch="false" />
                <line number="76" hits="1" branch="false" />
                <line number="77" hits="1" branch="false" />
                <line number="78" hits="1" branch="false" />
                <line number="79" hits="1" branch="false" />
                <line number="80" hits="1" branch="false" />
                <line number="81" hits="1" branch="false" />
                <line number="82" hits="1" branch="false" />
              </lines>
            </method>
          </methods>
          <lines>
            <line number="12" hits="1" branch="false" />
            <line number="13" hits="1" branch="false" />
            <line number="14" hits="1" branch="false" />
            <line number="15" hits="1" branch="false" />
            <line number="16" hits="1" branch="false" />
            <line number="17" hits="1" branch="false" />
            <line number="18" hits="1" branch="false" />
            <line number="19" hits="1" branch="false" />
            <line number="20" hits="1" branch="false" />
            <line number="24" hits="1" branch="false" />
            <line number="25" hits="1" branch="false" />
            <line number="26" hits="1" branch="false" />
            <line number="27" hits="1" branch="false" />
            <line number="28" hits="1" branch="false" />
            <line number="29" hits="1" branch="false" />
            <line number="30" hits="1" branch="false" />
            <line number="31" hits="1" branch="false" />
            <line number="32" hits="1" branch="false" />
            <line number="36" hits="1" branch="false" />
            <line number="37" hits="1" branch="false" />
            <line number="38" hits="1" branch="false" />
            <line number="39" hits="1" branch="false" />
            <line number="40" hits="1" branch="false" />
            <line number="41" hits="1" branch="false" />
            <line number="42" hits="1" branch="false" />
[...]
                <line number="15" hits="1" branch="false" />
                <line number="17" hits="1" branch="false" />
              </lines>
            </method>
            <method name="TestSetGroupName" signature="()" line-rate="1" branch-rate="1" complexity="1">
              <lines>
                <line number="21" hits="1" branch="false" />
                <line number="22" hits="1" branch="false" />
                <line number="23" hits="1" branch="false" />
                <line number="24" hits="1" branch="false" />
                <line number="25" hits="1" branch="false" />
                <line number="27" hits="1" branch="false" />
              </lines>
            </method>
            <method name="TestGetNumberExam" signature="()" line-rate="1" branch-rate="1" complexity="1">
              <lines>
                <line number="32" hits="1" branch="false" />
                <line number="33" hits="1" branch="false" />
                <line number="34" hits="1" branch="false" />
                <line number="35" hits="1" branch="false" />
                <line number="36" hits="1" branch="false" />
              </lines>
            </method>
            <method name="TestSetNumberExam" signature="()" line-rate="1" branch-rate="1" complexity="1">
              <lines>
                <line number="40" hits="1" branch="false" />
                <line number="41" hits="1" branch="false" />
                <line number="42" hits="1" branch="false" />
                <line number="43" hits="1" branch="false" />
                <line number="44" hits="1" branch="false" />
                <line number="45" hits="1" branch="false" />
              </lines>
            </method>
            <method name="TestSetNumberExamLessZero" signature="()" line-rate="1" branch-rate="1" complexity="1">
              <lines>
                <line number="49" hits="1" branch="false" />
                <line number="50" hits="1" branch="false" />
                <line number="51" hits="1" branch="false" />
                <line number="52" hits="1" branch="false" />
                <line number="53" hits="1" branch="false" />
                <line number="54" hits="1" branch="false" />
              </lines>
            </method>
            <method name="TestSetNumberExamMore20" signature="()" line-rate="1" branch-rate="1" complexity="1">
              <lines>
                <line number="58" hits="1" branch="false" />
                <line number="59" hits="1" branch="false" />
                <line number="60" hits="1" branch="false" />
                <line number="61" hits="1" branch="false" />
                <line number="62" hits="1" branch="false" />
                <line number="63" hits="1" branch="false" />
              </lines>
            </method>
            <method name="TestGetCourse" signature="()" line-rate="1" branch-rate="1" complexity="1">
              <lines>
                <line number="67" hits="1" branch="false" />
                <line number="68" hits="1" branch="false" />
                <line number="69" hits="1" branch="false" />
                <line number="70" hits="1" branch="false" />
                <line number="71" hits="1" branch="false" />
              </lines>
            </method>
            <method name="TestSetCourse" signature="()" line-rate="1" branch-rate="1" complexity="1">
              <lines>
                <line number="75" hits="1" branch="false" />
                <line number="76" hits="1" branch="false" />
                <line number="77" hits="1" branch="false" />
                <line number="78" hits="1" branch="false" />
                <line number="79" hits="1" branch="false" />
                <line number="80" hits="1" branch="false" />
              </lines>
            </method>
            <method name="TestSetCourseLess1" signature="()" line-rate="1" branch-rate="1" complexity="1">
              <lines>
                <line number="84" hits="1" branch="false" />
                <line number="85" hits="1" branch="false" />
                <line number="86" hits="1" branch="false" />
                <line number="87" hits="1" branch="false" />
                <line number="88" hits="1" branch="false" />
                <line number="89" hits="1" branch="false" />
              </lines>
            </method>
            <method name="TestSetCourseMore7" signature="()" line-rate="1" branch-rate="1" complexity="1">
              <lines>
                <line number="93" hits="1" branch="false" />
                <line number="94" hits="1" branch="false" />
                <line number="95" hits="1" branch="false" />
                <line number="96" hits="1" branch="false" />
                <line number="97" hits="1" branch="false" />
                <line number="98" hits="1" branch="false" />
              </lines>
            </method>
            <method name="TestGetNameUniver" signature="()" line-rate="1" branch-rate="1" complexity="1">
              <lines>
                <line number="102" hits="1" branch="false" />
                <line number="103" hits="1" branch="false" />
                <line number="104" hits="1" branch="false" />
                <line number="105" hits="1" branch="false" />
                <line number="106" hits="1" branch="false" />
              </lines>
            </method>
            <method name="TestSetNameUniver" signature="()" line-rate="1" branch-rate="1" complexity="1">
              <lines>
                <line number="110" hits="1" branch="false" />
                <line number="111" hits="1" branch="false" />
                <line number="112" hits="1" branch="false" />
                <line number="113" hits="1" branch="false" />
                <line number="114" hits="1" branch="false" />
                <line number="115" hits="1" branch="false" />
              </lines>
            </method>
            <method name="TestGetFormStudy" signature="()" line-rate="1" branch-rate="1" complexity="1">
              <lines>
                <line number="121" hits="1" branch="false" />
                <line number="122" hits="1" branch="false" />
                <line number="123" hits="1" branch="false" />
                <line number="124" hits="1" branch="false" />
                <line number="125" hits="1" branch="false" />
              </lines>
            </method>
            <method name="TestSetFormStudy" signature="()" line-rate="1" branch-rate="1" complexity="1">
              <lines>
                <line number="129" hits="1" branch="false" />
                <line number="130" hits="1" branch="false" />
                <line number="131" hits="1" branch="false" />
                <line number="132" hits="1" branch="false" />
                <line number="133" hits="1" branch="false" />
                <line number="134" hits="1" branch="false" />
              </lines>
            </method>
            <method name="TestConstructorWithArgs" signature="()" line-rate="1" branch-rate="1" complexity="1">
              <lines>
                <line number="138" hits="1" branch="false" />
                <line number="139" hits="1" branch="false" />
                <line number="140" hits="1" branch="false" />
              </lines>
            </method>
            <method name="TestGetAge" signature="()" line-rate="1" branch-rate="1" complexity="1">
              <lines>
                <line number="144" hits="1" branch="false" />
                <line number="145" hits="1" branch="false" />
                <line number="146" hits="1" branch="false" />
                <line number="147" hits="1" branch="false" />
                <line number="148" hits="1" branch="false" />
              </lines>
            </method>
            <method name="TestSetAge" signature="()" line-rate="1" branch-rate="1" complexity="1">
              <lines>
                <line number="152" hits="1" branch="false" />
                <line number="153" hits="1" branch="false" />
                <line number="154" hits="1" branch="false" />
                <line number="155" hits="1" branch="false" />
                <line number="156" hits="1" branch="false" />
                <line number="157" hits="1" branch="false" />
              </lines>
            </method>
            <method name="TestSetAgeLess16" signature="()" line-rate="1" branch-rate="1" complexity="1">
              <lines>
                <line number="161" hits="1" branch="false" />
                <line number="162" hits="1" branch="false" />
                <line number="163" hits="1" branch="false" />
                <line number="164" hits="1" branch="false" />
                <line number="165" hits="1" branch="false" />
                <line number="166" hits="1" branch="false" />
              </lines>
            </method>
            <method name="TestSetAgeMore40" signature="()" line-rate="1" branch-rate="1" complexity="1">
              <lines>
                <line number="170" hits="1" branch="false" />
                <line number="171" hits="1" branch="false" />
                <line number="172" hits="1" branch="false" />
                <line number="173" hits="1" branch="false" />
                <line number="174" hits="1" branch="false" />
                <line number="175" hits="1" branch="false" />
              </lines>
            </method>
            <method name="TestShow" signature="()" line-rate="1" branch-rate="1" complexity="1">
              <lines>
                <line number="179" hits="1" branch="false" />
                <line number="180" hits="1" branch="false" />
                <line number="181" hits="1" branch="false" />
                <line number="182" hits="1" branch="false" />
              </lines>
            </method>
            <method name="TestShowWithMama" signature="()" line-rate="1" branch-rate="1" complexity="1">
              <lines>
                <line number="186" hits="1" branch="false" />
                <line number="187" hits="1" branch="false" />
                <line number="188" hits="1" branch="false" />
                <line number="189" hits="1" branch="false" />
                <line number="190" hits="1" branch="false" />
                <line number="191" hits="1" branch="false" />
              </lines>
            </method>
            <method name="TestShowAllWhereCourse" signature="()" line-rate="1" branch-rate="1" complexity="1">
              <lines>
                <line number="196" hits="1" branch="false" />
                <line number="197" hits="1" branch="false" />
                <line number="198" hits="1" branch="false" />
                <line number="199" hits="1" branch="false" />
              </lines>
            </method>
            <method name="TestShallowClone" signature="()" line-rate="1" branch-rate="1" complexity="1">
              <lines>
                <line number="203" hits="1" branch="false" />
                <line number="204" hits="1" branch="false" />
                <line number="205" hits="1" branch="false" />
                <line number="206" hits="1" branch="false" />
              </lines>
            </method>
            <method name="TestClone" signature="()" line-rate="1" branch-rate="1" complexity="1">
              <lines>
                <line number="211" hits="1" branch="false" />
                <line number="212" hits="1" branch="false" />
                <line number="213" hits="1" branch="false" />
                <line number="214" hits="1" branch="false" />
              </lines>
            </method>
            <method name="TestCloneWithMom" signature="()" line-rate="1" branch-rate="1" complexity="1">
              <lines>
                <line number="219" hits="1" branch="false" />
                <line number="220" hits="1" branch="false" />
                <line number="221" hits="1" branch="false" />
                <line number="222" hits="1" branch="false" />
                <line number="223" hits="1" branch="false" />
                <line number="224" hits="1" branch="false" />
              </lines>
            </method>
          </methods>
          <lines>
            <line number="12" hits="1" branch="false" />
            <line number="13" hits="1" branch="false" />
            <line number="14" hits="1" branch="false" />
            <line number="15" hits="1" branch="false" />
            <line number="17" hits="1" branch="false" />
            <line number="21" hits="1" branch="false" />
            <line number="22" hits="1" branch="false" />
            <line number="23" hits="1" branch="false" />
            <line number="24" hits="1" branch="false" />
            <line number="25" hits="1" branch="false" />
            <line number="27" hits="1" branch="false" />
            <line number="32" hits="1" branch="false" />
            <line number="33" hits="1" branch="false" />
            <line number="34" hits="1" branch="false" />
            <line number="35" hits="1" branch="false" />
            <line number="36" hits="1" branch="false" />
            <line number="40" hits="1" branch="false" />
            <line number="41" hits="1" branch="false" />
            <line number="42" hits="1" branch="false" />
            <line number="43" hits="1" branch="false" />
            <line number="44" hits="1" branch="false" />
            <line number="45" hits="1" branch="false" />
            <line number="49" hits="1" branch="false" />
            <line number="50" hits="1" branch="false" />
            <line number="51" hits="1" branch="false" />
            <line number="52" hits="1" branch="false" />
            <line number="53" hits="1" branch="false" />
            <line number="54" hits="1" branch="false" />
            <line number="58" hits="1" branch="false" />
            <line number="59" hits="1" branch="false" />
            <line number="60" hits="1" branch="false" />
            <line number="61" hits="1" branch="false" />
            <line number="62" hits="1" branch="false" />
            <line number="63" hits="1" branch="false" />
            <line number="67" hits="1" branch="false" />
            <line number="68" hits="1" branch="false" />
            <line number="69" hits="1" branch="false" />
            <line number="70" hits="1" branch="false" />
            <line number="71" hits="1" branch="false" />
            <line number="75" hits="1" branch="false" />
            <line number="76" hits="1" branch="false" />
            <line number="77" hits="1" branch="false" />
            <line number="78" hits="1" branch="false" />
            <line number="79" hits="1" branch="false" />
            <line number="80" hits="1" branch="false" />
            <line number="84" hits="1" branch="false" />
            <line number="85" hits="1" branch="false" />
            <line number="86" hits="1" branch="false" />
            <line number="87" hits="1" branch="false" />
            <line number="88" hits="1" branch="false" />
            <line number="89" hits="1" branch="false" />
            <line number="93" hits="1" branch="false" />
            <line number="94" hits="1" branch="false" />
            <line number="95" hits="1" branch="false" />
            <line number="96" hits="1" branch="false" />
            <line number="97" hits="1" branch="false" />
            <line number="98" hits="1" branch="false" />
            <line number="102" hits="1" branch="false" />
            <line number="103" hits="1" branch="false" />
            <line number="104" hits="1" branch="false" />
            <line number="105" hits="1" branch="false" />
            <line number="106" hits="1" branch="false" />
            <line number="110" hits="1" branch="false" />
            <line number="111" hits="1" branch="false" />
            <line number="112" hits="1" branch="false" />
            <line number="113" hits="1" branch="false" />
            <line number="114" hits="1" branch="false" />
            <line number="115" hits="1" branch="false" />
            <line number="121" hits="1" branch="false" />
            <line number="122" hits="1" branch="false" />
            <line number="123" hits="1" branch="false" />
            <line number="124" hits="1" branch="false" />
            <line number="125" hits="1" branch="false" />
            <line number="129" hits="1" branch="false" />
            <line number="130" hits="1" branch="false" />
            <line number="131" hits="1" branch="false" />
            <line number="132" hits="1" branch="false" />
            <line number="133" hits="1" branch="false" />
            <line number="134" hits="1" branch="false" />
            <line number="138" hits="1" branch="false" />
            <line number="139" hits="1" branch="false" />
            <line number="140" hits="1" branch="false" />
            <line number="144" hits="1" branch="false" />
            <line number="145" hits="1" branch="false" />
            <line number="146" hits="1" branch="false" />
            <line number="147" hits="1" branch="false" />
            <line number="148" hits="1" branch="false" />
            <line number="152" hits="1" branch="false" />
            <line number="153" hits="1" branch="false" />
            <line number="154" hits="1" branch="false" />
            <line number="155" hits="1" branch="false" />
            <line number="156" hits="1" branch="false" />
            <line number="157" hits="1" branch="false" />
            <line number="161" hits="1" branch="false" />
            <line number="162" hits="1" branch="false" />
            <line number="163" hits="1" branch="false" />
            <line number="164" hits="1" branch="false" />
            <line number="165" hits="1" branch="false" />
            <line number="166" hits="1" branch="false" />
            <line number="170" hits="1" branch="false" />
            <line number="171" hits="1" branch="false" />
            <line number="172" hits="1" branch="false" />
            <line number="173" hits="1" branch="false" />
            <line number="174" hits="1" branch="false" />
            <line number="175" hits="1" branch="false" />
            <line number="179" hits="1" branch="false" />
            <line number="180" hits="1" branch="false" />
            <line number="181" hits="1" branch="false" />
            <line number="182" hits="1" branch="false" />
            <line number="186" hits="1" branch="false" />
            <line number="187" hits="1" branch="false" />
            <line number="188" hits="1" branch="false" />
            <line number="189" hits="1" branch="false" />
            <line number="190" hits="1" branch="false" />
            <line number="191" hits="1" branch="false" />
            <line number="196" hits="1" branch="false" />
            <line number="197" hits="1" branch="false" />
            <line number="198" hits="1" branch="false" />
            <line number="199" hits="1" branch="false" />
            <line number="203" hits="1" branch="false" />
            <line number="204" hits="1" branch="false" />
            <line number="205" hits="1" branch="false" />
            <line number="206" hits="1" branch="false" />
            <line number="211" hits="1" branch="false" />
            <line number="212" hits="1" branch="false" />
            <line number="213" hits="1" branch="false" />
            <line number="214" hits="1" branch="false" />
            <line number="219" hits="1" branch="false" />
            <line number="220" hits="1" branch="false" />
            <line number="221" hits="1" branch="false" />
            <line number="222" hits="1" branch="false" />
            <line number="223" hits="1" branch="false" />
            <line number="224" hits="1" branch="false" />
          </lines>
        </class>
      </classes>
    </package>
  </packages>
</coverage>